2023-11-28 10:36:20,873 [INFO] Activator:176 - 


2023-11-28 10:36:20,879 [INFO] Activator:177 - !SESSION log4j initialized
2023-11-28 10:36:27,941 [INFO] LogOutputStream:77 - [STDOUT_REDIRECT] 
2023-11-28 10:36:32,584 [INFO] ApplicationProperties:184 - Using Application install path: C:\ST\STM32CubeIDE_1.13.1\STM32CubeIDE\plugins\com.st.stm32cube.common.mx_6.9.2.202309101412
2023-11-28 10:36:32,606 [INFO] DbMcusXml:78 - Set database path to: C:\ST\STM32CubeIDE_1.13.1\STM32CubeIDE\plugins\com.st.stm32cube.common.mx_6.9.2.202309101412\\db\/mcu/
2023-11-28 10:36:32,606 [INFO] ApiDb:274 - Set plugin database path to: C:\ST\STM32CubeIDE_1.13.1\STM32CubeIDE\plugins\com.st.stm32cube.common.mx_6.9.2.202309101412\\db\/plugins/boardmanager/
2023-11-28 10:36:32,606 [WARN] ApiDb:259 - Overriding images path with different value:  => C:\ST\STM32CubeIDE_1.13.1\STM32CubeIDE\plugins\com.st.stm32cube.common.mx_6.9.2.202309101412\\db\/plugins/mcufinder/images/
2023-11-28 10:36:32,628 [INFO] ApiDb:250 - Set database path to: C:\Users\Bhargav-4836\.stmcufinder\plugins\mcufinder//mcu/
2023-11-28 10:36:32,629 [INFO] DbMcusAds:125 - Set database path to: C:\Users\Bhargav-4836\.stmcufinder\plugins\mcufinder//mcu/
2023-11-28 10:36:32,632 [INFO] CrossReferenceDbSqlite:203 - Set database path to: C:\Users\Bhargav-4836\.stmcufinder\plugins\mcufinder//mcu/cs/
2023-11-28 10:36:32,764 [INFO] RulesReader:64 - Compatibility file has been processed (293 Rules)
2023-11-28 10:36:32,850 [INFO] DbMcusXml:78 - Set database path to: C:\ST\STM32CubeIDE_1.13.1\STM32CubeIDE\plugins\com.st.stm32cube.common.mx_6.9.2.202309101412\\db\/mcu/
2023-11-28 10:36:32,851 [INFO] ApiDb:274 - Set plugin database path to: C:\ST\STM32CubeIDE_1.13.1\STM32CubeIDE\plugins\com.st.stm32cube.common.mx_6.9.2.202309101412\\db\/plugins/boardmanager/
2023-11-28 10:36:32,851 [INFO] ApiDb:261 - Set plugin images path to: C:\ST\STM32CubeIDE_1.13.1\STM32CubeIDE\plugins\com.st.stm32cube.common.mx_6.9.2.202309101412\\db\/plugins/mcufinder/images/
2023-11-28 10:36:32,851 [WARN] DbFile:41 - Overriding database path with different value: C:\Users\Bhargav-4836\.stmcufinder\plugins\mcufinder/ => C:\Users\Bhargav-4836\.stmcufinder\plugins\mcufinder
2023-11-28 10:36:32,851 [INFO] ApiDb:250 - Set database path to: C:\Users\Bhargav-4836\.stmcufinder\plugins\mcufinder//mcu/
2023-11-28 10:36:32,851 [WARN] DbFile:41 - Overriding database path with different value: C:\Users\Bhargav-4836\.stmcufinder\plugins\mcufinder/ => C:\Users\Bhargav-4836\.stmcufinder\plugins\mcufinder
2023-11-28 10:36:32,851 [INFO] DbMcusAds:125 - Set database path to: C:\Users\Bhargav-4836\.stmcufinder\plugins\mcufinder//mcu/
2023-11-28 10:36:32,851 [WARN] DbFile:41 - Overriding database path with different value: C:\Users\Bhargav-4836\.stmcufinder\plugins\mcufinder/ => C:\Users\Bhargav-4836\.stmcufinder\plugins\mcufinder
2023-11-28 10:36:32,852 [WARN] DbFile:41 - Overriding database path with different value: C:\Users\Bhargav-4836\.stmcufinder\plugins\mcufinder/ => C:\Users\Bhargav-4836\.stmcufinder\plugins\mcufinder
2023-11-28 10:36:32,852 [INFO] CrossReferenceDbSqlite:203 - Set database path to: C:\Users\Bhargav-4836\.stmcufinder\plugins\mcufinder//mcu/cs/
2023-11-28 10:36:32,937 [INFO] MainPanel:262 - HeapMemory: 268435456
2023-11-28 10:36:33,043 [INFO] DbMcusXml:78 - Set database path to: C:\ST\STM32CubeIDE_1.13.1\STM32CubeIDE\plugins\com.st.stm32cube.common.mx_6.9.2.202309101412\\db\/mcu/
2023-11-28 10:36:33,044 [INFO] ApiDb:274 - Set plugin database path to: C:\ST\STM32CubeIDE_1.13.1\STM32CubeIDE\plugins\com.st.stm32cube.common.mx_6.9.2.202309101412\\db\/plugins/boardmanager/
2023-11-28 10:36:33,044 [INFO] ApiDb:261 - Set plugin images path to: C:\ST\STM32CubeIDE_1.13.1\STM32CubeIDE\plugins\com.st.stm32cube.common.mx_6.9.2.202309101412\\db\/plugins/mcufinder/images/
2023-11-28 10:36:33,044 [WARN] DbFile:41 - Overriding database path with different value: C:\Users\Bhargav-4836\.stmcufinder\plugins\mcufinder/ => C:\Users\Bhargav-4836\.stmcufinder\plugins\mcufinder
2023-11-28 10:36:33,044 [INFO] ApiDb:250 - Set database path to: C:\Users\Bhargav-4836\.stmcufinder\plugins\mcufinder//mcu/
2023-11-28 10:36:33,045 [WARN] DbFile:41 - Overriding database path with different value: C:\Users\Bhargav-4836\.stmcufinder\plugins\mcufinder/ => C:\Users\Bhargav-4836\.stmcufinder\plugins\mcufinder
2023-11-28 10:36:33,045 [INFO] DbMcusAds:125 - Set database path to: C:\Users\Bhargav-4836\.stmcufinder\plugins\mcufinder//mcu/
2023-11-28 10:36:33,045 [WARN] DbFile:41 - Overriding database path with different value: C:\Users\Bhargav-4836\.stmcufinder\plugins\mcufinder/ => C:\Users\Bhargav-4836\.stmcufinder\plugins\mcufinder
2023-11-28 10:36:33,045 [WARN] DbFile:41 - Overriding database path with different value: C:\Users\Bhargav-4836\.stmcufinder\plugins\mcufinder/ => C:\Users\Bhargav-4836\.stmcufinder\plugins\mcufinder
2023-11-28 10:36:33,045 [INFO] CrossReferenceDbSqlite:203 - Set database path to: C:\Users\Bhargav-4836\.stmcufinder\plugins\mcufinder//mcu/cs/
2023-11-28 10:36:33,094 [INFO] ApplicationProperties:184 - Using Application install path: C:\ST\STM32CubeIDE_1.13.1\STM32CubeIDE\plugins\com.st.stm32cube.common.mx_6.9.2.202309101412
2023-11-28 10:36:33,095 [INFO] PluginManage:196 - Search for loadable plugins [exclusion list=, ]
2023-11-28 10:36:33,098 [INFO] PluginManage:310 - Check plugin analytics
2023-11-28 10:36:33,334 [INFO] AnalyticsPlugin:253 - Accepted Software Licenses: 
2023-11-28 10:36:33,334 [INFO] AnalyticsPlugin:255 - Accepted CMSIS Pack Licenses: 
2023-11-28 10:36:33,334 [INFO] AnalyticsPlugin:257 - Accepted Firmware Licenses: FW.F4.1.27.0,FW.F7.1.17.0,FW.WL.1.3.0,FW.H7.1.11.0,FW.L4.1.18.0
2023-11-28 10:36:33,337 [INFO] PluginManage:359 - Loaded plugin analytics (category:tool,tabindex:-1)
2023-11-28 10:36:33,337 [INFO] PluginManage:310 - Check plugin cadmodel
2023-11-28 10:36:33,356 [INFO] CADModel:105 - Init CAD model plugin
2023-11-28 10:36:33,357 [INFO] PluginManage:359 - Loaded plugin cadmodel (category:power,tabindex:5)
2023-11-28 10:36:33,357 [INFO] PluginManage:310 - Check plugin clock
2023-11-28 10:36:33,383 [INFO] PluginManage:359 - Loaded plugin clock (category:base,tabindex:2)
2023-11-28 10:36:33,384 [INFO] PluginManage:310 - Check plugin ddr
2023-11-28 10:36:33,387 [INFO] PluginManage:359 - Loaded plugin ddr (category:tool,tabindex:6)
2023-11-28 10:36:33,387 [INFO] PluginManage:310 - Check plugin filemanager
2023-11-28 10:36:33,551 [INFO] PluginManage:359 - Loaded plugin filemanager (category:base,tabindex:10)
2023-11-28 10:36:33,551 [INFO] PluginManage:310 - Check plugin ipmanager
2023-11-28 10:36:33,559 [INFO] PluginManage:359 - Loaded plugin ipmanager (category:base,tabindex:5)
2023-11-28 10:36:33,559 [INFO] PluginManage:310 - Check plugin lpbam
2023-11-28 10:36:33,579 [INFO] PluginManage:359 - Loaded plugin lpbam (category:base,tabindex:0)
2023-11-28 10:36:33,579 [INFO] PluginManage:310 - Check plugin memorymap
2023-11-28 10:36:33,599 [INFO] PluginManage:359 - Loaded plugin memorymap (category:base,tabindex:4)
2023-11-28 10:36:33,599 [INFO] PluginManage:310 - Check plugin pinoutandconfiguration
2023-11-28 10:36:33,619 [INFO] PluginManage:359 - Loaded plugin pinoutandconfiguration (category:base,tabindex:1)
2023-11-28 10:36:33,619 [INFO] PluginManage:310 - Check plugin pinoutconfig
2023-11-28 10:36:33,730 [WARN] SupportedApi:132 - Cannot load RTOS API schema: s4s-elt-must-match.1: The content of 'definitions' must match (annotation?, (simpleType | complexType)?, (unique | key | keyref)*)). A problem was found starting at: attribute.
2023-11-28 10:36:33,899 [INFO] PluginManage:359 - Loaded plugin pinoutconfig (category:base,tabindex:0)
2023-11-28 10:36:33,899 [INFO] PluginManage:310 - Check plugin power
2023-11-28 10:36:33,924 [INFO] PluginManage:359 - Loaded plugin power (category:power,tabindex:4)
2023-11-28 10:36:33,924 [INFO] PluginManage:310 - Check plugin projectmanager
2023-11-28 10:36:33,945 [INFO] PluginManage:359 - Loaded plugin projectmanager (category:projectmanager,tabindex:3)
2023-11-28 10:36:33,945 [INFO] PluginManage:310 - Check plugin thirdparty
2023-11-28 10:36:34,224 [INFO] PluginManage:359 - Loaded plugin thirdparty (category:base,tabindex:-1)
2023-11-28 10:36:34,224 [WARN] IntegrityCheckThread:84 - waiting for thirdparty lock release [integrity check]
2023-11-28 10:36:34,225 [INFO] PluginManage:310 - Check plugin tools
2023-11-28 10:36:34,225 [INFO] IntegrityCheckThread:86 - entering critical section [integrity check]
2023-11-28 10:36:34,225 [INFO] ThirdPartyUpdaterWithRetryManager:70 - Updater plugin not ready yet. [1/15]
2023-11-28 10:36:34,254 [INFO] PluginManage:359 - Loaded plugin tools (category:base,tabindex:7)
2023-11-28 10:36:34,254 [INFO] PluginManage:310 - Check plugin tutovideos
2023-11-28 10:36:34,438 [INFO] PluginManage:359 - Loaded plugin tutovideos (category:base,tabindex:-1)
2023-11-28 10:36:34,438 [INFO] PluginManage:310 - Check plugin updater
2023-11-28 10:36:34,451 [INFO] PluginManage:359 - Loaded plugin updater (category:base,tabindex:12)
2023-11-28 10:36:34,451 [INFO] PluginManage:310 - Check plugin userauth
2023-11-28 10:36:34,457 [INFO] UserAuth:113 - Init User Auth plugin
2023-11-28 10:36:34,457 [INFO] PluginManage:359 - Loaded plugin userauth (category:base,tabindex:14)
2023-11-28 10:36:34,458 [INFO] PluginManage:283 - PluginManage : Loaded plugins [17]
2023-11-28 10:36:34,692 [INFO] PinOutPanel:1499 - setPackage(No Configuration,No Configuration)
2023-11-28 10:36:34,804 [INFO] CADModel:165 - CPN selected for project level
2023-11-28 10:36:34,804 [INFO] CADModel:114 - Register for checkConnection events
2023-11-28 10:36:34,830 [INFO] IPUIPlugin:80 - create IPUIPlugin
2023-11-28 10:36:34,831 [INFO] PluginManager:220 - loadIPPluginJar : add adc
2023-11-28 10:36:34,861 [INFO] IPUIPlugin:80 - create IPUIPlugin
2023-11-28 10:36:34,861 [INFO] PluginManager:220 - loadIPPluginJar : add aes
2023-11-28 10:36:34,894 [INFO] IPUIPlugin:80 - create IPUIPlugin
2023-11-28 10:36:34,894 [INFO] PluginManager:220 - loadIPPluginJar : add can
2023-11-28 10:36:34,911 [INFO] IPUIPlugin:80 - create IPUIPlugin
2023-11-28 10:36:34,911 [INFO] PluginManager:220 - loadIPPluginJar : add comp
2023-11-28 10:36:34,937 [INFO] IPUIPlugin:80 - create IPUIPlugin
2023-11-28 10:36:34,937 [INFO] PluginManager:220 - loadIPPluginJar : add cryp
2023-11-28 10:36:34,976 [INFO] IPUIPlugin:80 - create IPUIPlugin
2023-11-28 10:36:34,976 [INFO] PluginManager:220 - loadIPPluginJar : add dfsdm
2023-11-28 10:36:34,996 [INFO] IPUIPlugin:80 - create IPUIPlugin
2023-11-28 10:36:34,998 [INFO] PluginManager:220 - loadIPPluginJar : add dma
2023-11-28 10:36:35,035 [INFO] IPUIPlugin:80 - create IPUIPlugin
2023-11-28 10:36:35,035 [INFO] PluginManager:220 - loadIPPluginJar : add dma3
2023-11-28 10:36:35,052 [INFO] IPUIPlugin:80 - create IPUIPlugin
2023-11-28 10:36:35,052 [INFO] PluginManager:220 - loadIPPluginJar : add fatfs
2023-11-28 10:36:35,091 [INFO] IPUIPlugin:80 - create IPUIPlugin
2023-11-28 10:36:35,091 [INFO] PluginManager:220 - loadIPPluginJar : add fmc
2023-11-28 10:36:35,105 [INFO] IPUIPlugin:80 - create IPUIPlugin
2023-11-28 10:36:35,105 [INFO] PluginManager:220 - loadIPPluginJar : add freertos
2023-11-28 10:36:35,127 [INFO] IPUIPlugin:80 - create IPUIPlugin
2023-11-28 10:36:35,127 [INFO] PluginManager:220 - loadIPPluginJar : add genericplugin
2023-11-28 10:36:35,223 [INFO] IPUIPlugin:80 - create IPUIPlugin
2023-11-28 10:36:35,223 [INFO] PluginManager:220 - loadIPPluginJar : add gfxmmu
2023-11-28 10:36:35,341 [INFO] IPUIPlugin:80 - create IPUIPlugin
2023-11-28 10:36:35,341 [INFO] PluginManager:220 - loadIPPluginJar : add gic
2023-11-28 10:36:35,352 [INFO] IPUIPlugin:80 - create IPUIPlugin
2023-11-28 10:36:35,352 [INFO] PluginManager:220 - loadIPPluginJar : add gpio
2023-11-28 10:36:35,423 [INFO] IPUIPlugin:80 - create IPUIPlugin
2023-11-28 10:36:35,424 [INFO] PluginManager:220 - loadIPPluginJar : add gtzc
2023-11-28 10:36:35,450 [INFO] IPUIPlugin:80 - create IPUIPlugin
2023-11-28 10:36:35,450 [INFO] PluginManager:220 - loadIPPluginJar : add hash
2023-11-28 10:36:35,507 [INFO] IPUIPlugin:80 - create IPUIPlugin
2023-11-28 10:36:35,508 [INFO] PluginManager:220 - loadIPPluginJar : add i2c
2023-11-28 10:36:35,539 [INFO] IPUIPlugin:80 - create IPUIPlugin
2023-11-28 10:36:35,539 [INFO] PluginManager:220 - loadIPPluginJar : add i2s
2023-11-28 10:36:35,592 [INFO] IPUIPlugin:80 - create IPUIPlugin
2023-11-28 10:36:35,592 [INFO] PluginManager:220 - loadIPPluginJar : add i3c
2023-11-28 10:36:35,688 [INFO] IPUIPlugin:80 - create IPUIPlugin
2023-11-28 10:36:35,688 [INFO] PluginManager:220 - loadIPPluginJar : add ipddr
2023-11-28 10:36:35,765 [INFO] IPUIPlugin:80 - create IPUIPlugin
2023-11-28 10:36:35,765 [INFO] PluginManager:220 - loadIPPluginJar : add linkedlist
2023-11-28 10:36:35,812 [INFO] IPUIPlugin:80 - create IPUIPlugin
2023-11-28 10:36:35,812 [INFO] PluginManager:220 - loadIPPluginJar : add lorawan
2023-11-28 10:36:35,843 [INFO] IPUIPlugin:80 - create IPUIPlugin
2023-11-28 10:36:35,843 [INFO] PluginManager:220 - loadIPPluginJar : add ltdc
2023-11-28 10:36:35,859 [INFO] IPUIPlugin:80 - create IPUIPlugin
2023-11-28 10:36:35,859 [INFO] PluginManager:220 - loadIPPluginJar : add mdma
2023-11-28 10:36:35,872 [INFO] IPUIPlugin:80 - create IPUIPlugin
2023-11-28 10:36:35,872 [INFO] PluginManager:220 - loadIPPluginJar : add nvic
2023-11-28 10:36:35,904 [INFO] IPUIPlugin:80 - create IPUIPlugin
2023-11-28 10:36:35,904 [INFO] PluginManager:220 - loadIPPluginJar : add opamp
2023-11-28 10:36:35,955 [INFO] IPUIPlugin:80 - create IPUIPlugin
2023-11-28 10:36:35,955 [INFO] PluginManager:220 - loadIPPluginJar : add openamp
2023-11-28 10:36:35,991 [INFO] IPUIPlugin:80 - create IPUIPlugin
2023-11-28 10:36:35,991 [INFO] PluginManager:220 - loadIPPluginJar : add pdm2pcm
2023-11-28 10:36:36,003 [INFO] IPUIPlugin:80 - create IPUIPlugin
2023-11-28 10:36:36,005 [INFO] PluginManager:220 - loadIPPluginJar : add plateformsettings
2023-11-28 10:36:36,024 [INFO] IPUIPlugin:80 - create IPUIPlugin
2023-11-28 10:36:36,024 [INFO] PluginManager:220 - loadIPPluginJar : add quadspi
2023-11-28 10:36:36,035 [INFO] IPUIPlugin:80 - create IPUIPlugin
2023-11-28 10:36:36,035 [INFO] PluginManager:220 - loadIPPluginJar : add resmgrutility
2023-11-28 10:36:36,075 [INFO] IPUIPlugin:80 - create IPUIPlugin
2023-11-28 10:36:36,076 [INFO] PluginManager:220 - loadIPPluginJar : add sai
2023-11-28 10:36:36,105 [INFO] IPUIPlugin:80 - create IPUIPlugin
2023-11-28 10:36:36,105 [INFO] PluginManager:220 - loadIPPluginJar : add spi
2023-11-28 10:36:36,149 [INFO] IPUIPlugin:80 - create IPUIPlugin
2023-11-28 10:36:36,150 [INFO] PluginManager:220 - loadIPPluginJar : add stm32_wpan
2023-11-28 10:36:36,170 [INFO] IPUIPlugin:80 - create IPUIPlugin
2023-11-28 10:36:36,170 [INFO] PluginManager:220 - loadIPPluginJar : add tim
2023-11-28 10:36:36,213 [INFO] IPUIPlugin:80 - create IPUIPlugin
2023-11-28 10:36:36,214 [INFO] PluginManager:220 - loadIPPluginJar : add touchsensing
2023-11-28 10:36:36,252 [INFO] IPUIPlugin:80 - create IPUIPlugin
2023-11-28 10:36:36,252 [INFO] PluginManager:220 - loadIPPluginJar : add tracer_emb
2023-11-28 10:36:36,275 [INFO] IPUIPlugin:80 - create IPUIPlugin
2023-11-28 10:36:36,275 [INFO] PluginManager:220 - loadIPPluginJar : add ts
2023-11-28 10:36:36,293 [INFO] IPUIPlugin:80 - create IPUIPlugin
2023-11-28 10:36:36,293 [INFO] PluginManager:220 - loadIPPluginJar : add tsc
2023-11-28 10:36:36,311 [INFO] IPUIPlugin:80 - create IPUIPlugin
2023-11-28 10:36:36,311 [INFO] PluginManager:220 - loadIPPluginJar : add ucpd
2023-11-28 10:36:36,367 [INFO] IPUIPlugin:80 - create IPUIPlugin
2023-11-28 10:36:36,367 [INFO] PluginManager:220 - loadIPPluginJar : add usart
2023-11-28 10:36:36,405 [INFO] IPUIPlugin:80 - create IPUIPlugin
2023-11-28 10:36:36,406 [INFO] PluginManager:220 - loadIPPluginJar : add usbx
2023-11-28 10:36:36,536 [INFO] CADModel:165 - CPN selected for project level
2023-11-28 10:36:36,536 [INFO] CADModel:114 - Register for checkConnection events
2023-11-28 10:36:36,536 [FATAL] Updater:308 - Updater called before beeing initialized
2023-11-28 10:36:36,536 [ERROR] CADModel:125 - Updater not yet initialized, retry later 
2023-11-28 10:36:36,861 [INFO] CADModel:165 - CPN selected for project level
2023-11-28 10:36:36,861 [INFO] CADModel:114 - Register for checkConnection events
2023-11-28 10:36:36,861 [FATAL] Updater:308 - Updater called before beeing initialized
2023-11-28 10:36:36,861 [ERROR] CADModel:125 - Updater not yet initialized, retry later 
2023-11-28 10:36:36,865 [FATAL] Updater:308 - Updater called before beeing initialized
2023-11-28 10:36:36,959 [FATAL] Updater:308 - Updater called before beeing initialized
2023-11-28 10:36:36,972 [INFO] DbMcusAds:53 - JSON generation date=Tue Mar 07 14:20:55 IST 2023 (1678179055114)
2023-11-28 10:36:36,973 [FATAL] Updater:308 - Updater called before beeing initialized
2023-11-28 10:36:37,023 [WARN] DetailPanel:346 - Failed to get advertising image, set to default
2023-11-28 10:36:37,137 [FATAL] Updater:308 - Updater called before beeing initialized
2023-11-28 10:36:37,140 [FATAL] Updater:308 - Updater called before beeing initialized
2023-11-28 10:36:37,140 [FATAL] Updater:308 - Updater called before beeing initialized
2023-11-28 10:36:37,140 [WARN] DetailPanel:346 - Failed to get advertising image, set to default
2023-11-28 10:36:37,141 [FATAL] Updater:308 - Updater called before beeing initialized
2023-11-28 10:36:37,205 [ERROR] Updater:1120 - MainUpdater not yet initialized. External WinMGr cannot be set.
2023-11-28 10:36:37,215 [INFO] Updater:1056 - Updater Version found : 6.9.2
2023-11-28 10:36:37,228 [INFO] ThirdPartyUpdaterWithRetryManager:70 - Updater plugin not ready yet. [2/15]
2023-11-28 10:36:37,248 [INFO] ApplicationProperties:184 - Using Application install path: C:\ST\STM32CubeIDE_1.13.1\STM32CubeIDE\plugins\com.st.stm32cube.common.mx_6.9.2.202309101412
2023-11-28 10:36:40,229 [FATAL] Updater:308 - Updater called before beeing initialized
2023-11-28 10:36:40,230 [ERROR] IntegrityCheckThread:130 - Cannot retrieve database content from updater: error 21
2023-11-28 10:36:40,231 [INFO] ThirdParty:978 - Integrity check success = false
2023-11-28 10:36:40,231 [INFO] IntegrityCheckThread:100 - exiting critical section [integrity check]
2023-11-28 10:36:40,231 [INFO] IntegrityCheckThread:103 - End integrity checks thread
2023-11-28 10:36:46,708 [INFO] MainUpdater:2868 - connection check result : 10
2023-11-28 10:36:46,711 [INFO] MainUpdater:285 - Updater Check For Update Now.
2023-11-28 10:36:46,711 [INFO] MicroXplorer:498 - Change Database Version : DB.6.0.92
2023-11-28 10:36:46,754 [INFO] McuFinderGlobals:63 - Set McuFinder mode to 2 (CubeIDE integrated)
2023-11-28 10:36:46,966 [INFO] CheckServerUpdateThread:120 - End of CheckServer Thread
2023-11-28 10:36:52,303 [ERROR] LogOutputStream:75 - [STDERR_REDIRECT] SLF4J: Failed to load class "org.slf4j.impl.StaticLoggerBinder".
2023-11-28 10:36:52,303 [ERROR] LogOutputStream:75 - [STDERR_REDIRECT] SLF4J: Defaulting to no-operation (NOP) logger implementation
2023-11-28 10:36:52,305 [ERROR] LogOutputStream:75 - [STDERR_REDIRECT] SLF4J: See http://www.slf4j.org/codes.html#StaticLoggerBinder for further details.
