2023-10-14 10:06:59,668 [INFO] Activator:176 - 


2023-10-14 10:06:59,673 [INFO] Activator:177 - !SESSION log4j initialized
2023-10-14 10:07:07,625 [INFO] LogOutputStream:77 - [STDOUT_REDIRECT] 
2023-10-14 12:47:14,059 [INFO] ApplicationProperties:184 - Using Application install path: C:\ST\STM32CubeIDE_1.13.1\STM32CubeIDE\plugins\com.st.stm32cube.common.mx_6.9.1.202307191849
2023-10-14 12:47:14,082 [INFO] DbMcusXml:78 - Set database path to: C:\ST\STM32CubeIDE_1.13.1\STM32CubeIDE\plugins\com.st.stm32cube.common.mx_6.9.1.202307191849\\db\/mcu/
2023-10-14 12:47:14,082 [INFO] ApiDb:274 - Set plugin database path to: C:\ST\STM32CubeIDE_1.13.1\STM32CubeIDE\plugins\com.st.stm32cube.common.mx_6.9.1.202307191849\\db\/plugins/boardmanager/
2023-10-14 12:47:14,083 [WARN] ApiDb:259 - Overriding images path with different value:  => C:\ST\STM32CubeIDE_1.13.1\STM32CubeIDE\plugins\com.st.stm32cube.common.mx_6.9.1.202307191849\\db\/plugins/mcufinder/images/
2023-10-14 12:47:14,103 [INFO] ApiDb:250 - Set database path to: C:\Users\Bhargav-4836\.stmcufinder\plugins\mcufinder//mcu/
2023-10-14 12:47:14,106 [INFO] DbMcusAds:125 - Set database path to: C:\Users\Bhargav-4836\.stmcufinder\plugins\mcufinder//mcu/
2023-10-14 12:47:14,118 [INFO] CrossReferenceDbSqlite:203 - Set database path to: C:\Users\Bhargav-4836\.stmcufinder\plugins\mcufinder//mcu/cs/
2023-10-14 12:47:14,271 [INFO] RulesReader:64 - Compatibility file has been processed (293 Rules)
2023-10-14 12:47:14,362 [INFO] DbMcusXml:78 - Set database path to: C:\ST\STM32CubeIDE_1.13.1\STM32CubeIDE\plugins\com.st.stm32cube.common.mx_6.9.1.202307191849\\db\/mcu/
2023-10-14 12:47:14,362 [INFO] ApiDb:274 - Set plugin database path to: C:\ST\STM32CubeIDE_1.13.1\STM32CubeIDE\plugins\com.st.stm32cube.common.mx_6.9.1.202307191849\\db\/plugins/boardmanager/
2023-10-14 12:47:14,362 [INFO] ApiDb:261 - Set plugin images path to: C:\ST\STM32CubeIDE_1.13.1\STM32CubeIDE\plugins\com.st.stm32cube.common.mx_6.9.1.202307191849\\db\/plugins/mcufinder/images/
2023-10-14 12:47:14,362 [WARN] DbFile:41 - Overriding database path with different value: C:\Users\Bhargav-4836\.stmcufinder\plugins\mcufinder/ => C:\Users\Bhargav-4836\.stmcufinder\plugins\mcufinder
2023-10-14 12:47:14,362 [INFO] ApiDb:250 - Set database path to: C:\Users\Bhargav-4836\.stmcufinder\plugins\mcufinder//mcu/
2023-10-14 12:47:14,362 [WARN] DbFile:41 - Overriding database path with different value: C:\Users\Bhargav-4836\.stmcufinder\plugins\mcufinder/ => C:\Users\Bhargav-4836\.stmcufinder\plugins\mcufinder
2023-10-14 12:47:14,363 [INFO] DbMcusAds:125 - Set database path to: C:\Users\Bhargav-4836\.stmcufinder\plugins\mcufinder//mcu/
2023-10-14 12:47:14,363 [WARN] DbFile:41 - Overriding database path with different value: C:\Users\Bhargav-4836\.stmcufinder\plugins\mcufinder/ => C:\Users\Bhargav-4836\.stmcufinder\plugins\mcufinder
2023-10-14 12:47:14,363 [WARN] DbFile:41 - Overriding database path with different value: C:\Users\Bhargav-4836\.stmcufinder\plugins\mcufinder/ => C:\Users\Bhargav-4836\.stmcufinder\plugins\mcufinder
2023-10-14 12:47:14,363 [INFO] CrossReferenceDbSqlite:203 - Set database path to: C:\Users\Bhargav-4836\.stmcufinder\plugins\mcufinder//mcu/cs/
2023-10-14 12:47:14,454 [INFO] MainPanel:262 - HeapMemory: 268435456
2023-10-14 12:47:14,547 [INFO] DbMcusXml:78 - Set database path to: C:\ST\STM32CubeIDE_1.13.1\STM32CubeIDE\plugins\com.st.stm32cube.common.mx_6.9.1.202307191849\\db\/mcu/
2023-10-14 12:47:14,547 [INFO] ApiDb:274 - Set plugin database path to: C:\ST\STM32CubeIDE_1.13.1\STM32CubeIDE\plugins\com.st.stm32cube.common.mx_6.9.1.202307191849\\db\/plugins/boardmanager/
2023-10-14 12:47:14,547 [INFO] ApiDb:261 - Set plugin images path to: C:\ST\STM32CubeIDE_1.13.1\STM32CubeIDE\plugins\com.st.stm32cube.common.mx_6.9.1.202307191849\\db\/plugins/mcufinder/images/
2023-10-14 12:47:14,547 [WARN] DbFile:41 - Overriding database path with different value: C:\Users\Bhargav-4836\.stmcufinder\plugins\mcufinder/ => C:\Users\Bhargav-4836\.stmcufinder\plugins\mcufinder
2023-10-14 12:47:14,549 [INFO] ApiDb:250 - Set database path to: C:\Users\Bhargav-4836\.stmcufinder\plugins\mcufinder//mcu/
2023-10-14 12:47:14,549 [WARN] DbFile:41 - Overriding database path with different value: C:\Users\Bhargav-4836\.stmcufinder\plugins\mcufinder/ => C:\Users\Bhargav-4836\.stmcufinder\plugins\mcufinder
2023-10-14 12:47:14,549 [INFO] DbMcusAds:125 - Set database path to: C:\Users\Bhargav-4836\.stmcufinder\plugins\mcufinder//mcu/
2023-10-14 12:47:14,549 [WARN] DbFile:41 - Overriding database path with different value: C:\Users\Bhargav-4836\.stmcufinder\plugins\mcufinder/ => C:\Users\Bhargav-4836\.stmcufinder\plugins\mcufinder
2023-10-14 12:47:14,549 [WARN] DbFile:41 - Overriding database path with different value: C:\Users\Bhargav-4836\.stmcufinder\plugins\mcufinder/ => C:\Users\Bhargav-4836\.stmcufinder\plugins\mcufinder
2023-10-14 12:47:14,549 [INFO] CrossReferenceDbSqlite:203 - Set database path to: C:\Users\Bhargav-4836\.stmcufinder\plugins\mcufinder//mcu/cs/
2023-10-14 12:47:14,568 [INFO] ApplicationProperties:184 - Using Application install path: C:\ST\STM32CubeIDE_1.13.1\STM32CubeIDE\plugins\com.st.stm32cube.common.mx_6.9.1.202307191849
2023-10-14 12:47:14,570 [INFO] PluginManage:196 - Search for loadable plugins [exclusion list=, ]
2023-10-14 12:47:14,573 [INFO] PluginManage:310 - Check plugin analytics
2023-10-14 12:47:14,806 [INFO] AnalyticsPlugin:253 - Accepted Software Licenses: 
2023-10-14 12:47:14,806 [INFO] AnalyticsPlugin:255 - Accepted CMSIS Pack Licenses: 
2023-10-14 12:47:14,807 [INFO] AnalyticsPlugin:257 - Accepted Firmware Licenses: FW.F4.1.27.0,FW.F7.1.17.0,FW.WL.1.3.0,FW.H7.1.11.0
2023-10-14 12:47:14,811 [INFO] PluginManage:359 - Loaded plugin analytics (category:tool,tabindex:-1)
2023-10-14 12:47:14,813 [INFO] PluginManage:310 - Check plugin cadmodel
2023-10-14 12:47:14,836 [INFO] CADModel:105 - Init CAD model plugin
2023-10-14 12:47:14,836 [INFO] PluginManage:359 - Loaded plugin cadmodel (category:power,tabindex:5)
2023-10-14 12:47:14,837 [INFO] PluginManage:310 - Check plugin clock
2023-10-14 12:47:14,869 [INFO] PluginManage:359 - Loaded plugin clock (category:base,tabindex:2)
2023-10-14 12:47:14,870 [INFO] PluginManage:310 - Check plugin ddr
2023-10-14 12:47:14,874 [INFO] PluginManage:359 - Loaded plugin ddr (category:tool,tabindex:6)
2023-10-14 12:47:14,874 [INFO] PluginManage:310 - Check plugin filemanager
2023-10-14 12:47:15,051 [INFO] PluginManage:359 - Loaded plugin filemanager (category:base,tabindex:10)
2023-10-14 12:47:15,051 [INFO] PluginManage:310 - Check plugin ipmanager
2023-10-14 12:47:15,062 [INFO] PluginManage:359 - Loaded plugin ipmanager (category:base,tabindex:5)
2023-10-14 12:47:15,062 [INFO] PluginManage:310 - Check plugin lpbam
2023-10-14 12:47:15,083 [INFO] PluginManage:359 - Loaded plugin lpbam (category:base,tabindex:0)
2023-10-14 12:47:15,084 [INFO] PluginManage:310 - Check plugin memorymap
2023-10-14 12:47:15,107 [INFO] PluginManage:359 - Loaded plugin memorymap (category:base,tabindex:4)
2023-10-14 12:47:15,107 [INFO] PluginManage:310 - Check plugin pinoutandconfiguration
2023-10-14 12:47:15,126 [INFO] PluginManage:359 - Loaded plugin pinoutandconfiguration (category:base,tabindex:1)
2023-10-14 12:47:15,126 [INFO] PluginManage:310 - Check plugin pinoutconfig
2023-10-14 12:47:15,236 [WARN] SupportedApi:132 - Cannot load RTOS API schema: s4s-elt-must-match.1: The content of 'definitions' must match (annotation?, (simpleType | complexType)?, (unique | key | keyref)*)). A problem was found starting at: attribute.
2023-10-14 12:47:15,393 [INFO] PluginManage:359 - Loaded plugin pinoutconfig (category:base,tabindex:0)
2023-10-14 12:47:15,393 [INFO] PluginManage:310 - Check plugin power
2023-10-14 12:47:15,419 [INFO] PluginManage:359 - Loaded plugin power (category:power,tabindex:4)
2023-10-14 12:47:15,419 [INFO] PluginManage:310 - Check plugin projectmanager
2023-10-14 12:47:15,441 [INFO] PluginManage:359 - Loaded plugin projectmanager (category:projectmanager,tabindex:3)
2023-10-14 12:47:15,442 [INFO] PluginManage:310 - Check plugin thirdparty
2023-10-14 12:47:15,803 [INFO] PluginManage:359 - Loaded plugin thirdparty (category:base,tabindex:-1)
2023-10-14 12:47:15,803 [WARN] IntegrityCheckThread:84 - waiting for thirdparty lock release [integrity check]
2023-10-14 12:47:15,803 [INFO] PluginManage:310 - Check plugin tools
2023-10-14 12:47:15,804 [INFO] IntegrityCheckThread:86 - entering critical section [integrity check]
2023-10-14 12:47:15,805 [INFO] ThirdPartyUpdaterWithRetryManager:70 - Updater plugin not ready yet. [1/15]
2023-10-14 12:47:15,849 [INFO] PluginManage:359 - Loaded plugin tools (category:base,tabindex:7)
2023-10-14 12:47:15,850 [INFO] PluginManage:310 - Check plugin tutovideos
2023-10-14 12:47:16,073 [INFO] PluginManage:359 - Loaded plugin tutovideos (category:base,tabindex:-1)
2023-10-14 12:47:16,073 [INFO] PluginManage:310 - Check plugin updater
2023-10-14 12:47:16,088 [INFO] PluginManage:359 - Loaded plugin updater (category:base,tabindex:12)
2023-10-14 12:47:16,089 [INFO] PluginManage:310 - Check plugin userauth
2023-10-14 12:47:16,095 [INFO] UserAuth:113 - Init User Auth plugin
2023-10-14 12:47:16,095 [INFO] PluginManage:359 - Loaded plugin userauth (category:base,tabindex:14)
2023-10-14 12:47:16,096 [INFO] PluginManage:283 - PluginManage : Loaded plugins [17]
2023-10-14 12:47:16,359 [INFO] PinOutPanel:1499 - setPackage(No Configuration,No Configuration)
2023-10-14 12:47:16,473 [INFO] CADModel:165 - CPN selected for project level
2023-10-14 12:47:16,473 [INFO] CADModel:114 - Register for checkConnection events
2023-10-14 12:47:16,497 [INFO] IPUIPlugin:80 - create IPUIPlugin
2023-10-14 12:47:16,497 [INFO] PluginManager:220 - loadIPPluginJar : add adc
2023-10-14 12:47:16,526 [INFO] IPUIPlugin:80 - create IPUIPlugin
2023-10-14 12:47:16,526 [INFO] PluginManager:220 - loadIPPluginJar : add aes
2023-10-14 12:47:16,566 [INFO] IPUIPlugin:80 - create IPUIPlugin
2023-10-14 12:47:16,566 [INFO] PluginManager:220 - loadIPPluginJar : add can
2023-10-14 12:47:16,588 [INFO] IPUIPlugin:80 - create IPUIPlugin
2023-10-14 12:47:16,588 [INFO] PluginManager:220 - loadIPPluginJar : add comp
2023-10-14 12:47:16,621 [INFO] IPUIPlugin:80 - create IPUIPlugin
2023-10-14 12:47:16,622 [INFO] PluginManager:220 - loadIPPluginJar : add cryp
2023-10-14 12:47:16,654 [INFO] IPUIPlugin:80 - create IPUIPlugin
2023-10-14 12:47:16,654 [INFO] PluginManager:220 - loadIPPluginJar : add dfsdm
2023-10-14 12:47:16,669 [INFO] IPUIPlugin:80 - create IPUIPlugin
2023-10-14 12:47:16,669 [INFO] PluginManager:220 - loadIPPluginJar : add dma
2023-10-14 12:47:16,713 [INFO] IPUIPlugin:80 - create IPUIPlugin
2023-10-14 12:47:16,713 [INFO] PluginManager:220 - loadIPPluginJar : add dma3
2023-10-14 12:47:16,732 [INFO] IPUIPlugin:80 - create IPUIPlugin
2023-10-14 12:47:16,732 [INFO] PluginManager:220 - loadIPPluginJar : add fatfs
2023-10-14 12:47:16,773 [INFO] IPUIPlugin:80 - create IPUIPlugin
2023-10-14 12:47:16,773 [INFO] PluginManager:220 - loadIPPluginJar : add fmc
2023-10-14 12:47:16,791 [INFO] IPUIPlugin:80 - create IPUIPlugin
2023-10-14 12:47:16,791 [INFO] PluginManager:220 - loadIPPluginJar : add freertos
2023-10-14 12:47:16,810 [INFO] IPUIPlugin:80 - create IPUIPlugin
2023-10-14 12:47:16,811 [INFO] PluginManager:220 - loadIPPluginJar : add genericplugin
2023-10-14 12:47:16,949 [INFO] IPUIPlugin:80 - create IPUIPlugin
2023-10-14 12:47:16,949 [INFO] PluginManager:220 - loadIPPluginJar : add gfxmmu
2023-10-14 12:47:17,095 [INFO] IPUIPlugin:80 - create IPUIPlugin
2023-10-14 12:47:17,095 [INFO] PluginManager:220 - loadIPPluginJar : add gic
2023-10-14 12:47:17,108 [INFO] IPUIPlugin:80 - create IPUIPlugin
2023-10-14 12:47:17,109 [INFO] PluginManager:220 - loadIPPluginJar : add gpio
2023-10-14 12:47:17,237 [INFO] IPUIPlugin:80 - create IPUIPlugin
2023-10-14 12:47:17,238 [INFO] PluginManager:220 - loadIPPluginJar : add gtzc
2023-10-14 12:47:17,299 [INFO] IPUIPlugin:80 - create IPUIPlugin
2023-10-14 12:47:17,299 [INFO] PluginManager:220 - loadIPPluginJar : add hash
2023-10-14 12:47:17,394 [INFO] IPUIPlugin:80 - create IPUIPlugin
2023-10-14 12:47:17,395 [INFO] PluginManager:220 - loadIPPluginJar : add i2c
2023-10-14 12:47:17,469 [INFO] IPUIPlugin:80 - create IPUIPlugin
2023-10-14 12:47:17,470 [INFO] PluginManager:220 - loadIPPluginJar : add i2s
2023-10-14 12:47:17,543 [INFO] IPUIPlugin:80 - create IPUIPlugin
2023-10-14 12:47:17,543 [INFO] PluginManager:220 - loadIPPluginJar : add i3c
2023-10-14 12:47:17,682 [INFO] IPUIPlugin:80 - create IPUIPlugin
2023-10-14 12:47:17,682 [INFO] PluginManager:220 - loadIPPluginJar : add ipddr
2023-10-14 12:47:17,767 [INFO] IPUIPlugin:80 - create IPUIPlugin
2023-10-14 12:47:17,767 [INFO] PluginManager:220 - loadIPPluginJar : add linkedlist
2023-10-14 12:47:17,800 [INFO] IPUIPlugin:80 - create IPUIPlugin
2023-10-14 12:47:17,800 [INFO] PluginManager:220 - loadIPPluginJar : add lorawan
2023-10-14 12:47:17,832 [INFO] IPUIPlugin:80 - create IPUIPlugin
2023-10-14 12:47:17,832 [INFO] PluginManager:220 - loadIPPluginJar : add ltdc
2023-10-14 12:47:17,846 [INFO] IPUIPlugin:80 - create IPUIPlugin
2023-10-14 12:47:17,846 [INFO] PluginManager:220 - loadIPPluginJar : add mdma
2023-10-14 12:47:17,858 [INFO] IPUIPlugin:80 - create IPUIPlugin
2023-10-14 12:47:17,858 [INFO] PluginManager:220 - loadIPPluginJar : add nvic
2023-10-14 12:47:17,888 [INFO] IPUIPlugin:80 - create IPUIPlugin
2023-10-14 12:47:17,888 [INFO] PluginManager:220 - loadIPPluginJar : add opamp
2023-10-14 12:47:17,949 [INFO] IPUIPlugin:80 - create IPUIPlugin
2023-10-14 12:47:17,949 [INFO] PluginManager:220 - loadIPPluginJar : add openamp
2023-10-14 12:47:18,022 [INFO] IPUIPlugin:80 - create IPUIPlugin
2023-10-14 12:47:18,022 [INFO] PluginManager:220 - loadIPPluginJar : add pdm2pcm
2023-10-14 12:47:18,043 [INFO] IPUIPlugin:80 - create IPUIPlugin
2023-10-14 12:47:18,045 [INFO] PluginManager:220 - loadIPPluginJar : add plateformsettings
2023-10-14 12:47:18,078 [INFO] IPUIPlugin:80 - create IPUIPlugin
2023-10-14 12:47:18,078 [INFO] PluginManager:220 - loadIPPluginJar : add quadspi
2023-10-14 12:47:18,103 [INFO] IPUIPlugin:80 - create IPUIPlugin
2023-10-14 12:47:18,104 [INFO] PluginManager:220 - loadIPPluginJar : add resmgrutility
2023-10-14 12:47:18,190 [INFO] IPUIPlugin:80 - create IPUIPlugin
2023-10-14 12:47:18,190 [INFO] PluginManager:220 - loadIPPluginJar : add sai
2023-10-14 12:47:18,226 [INFO] IPUIPlugin:80 - create IPUIPlugin
2023-10-14 12:47:18,226 [INFO] PluginManager:220 - loadIPPluginJar : add spi
2023-10-14 12:47:18,296 [INFO] IPUIPlugin:80 - create IPUIPlugin
2023-10-14 12:47:18,296 [INFO] PluginManager:220 - loadIPPluginJar : add stm32_wpan
2023-10-14 12:47:18,327 [INFO] IPUIPlugin:80 - create IPUIPlugin
2023-10-14 12:47:18,328 [INFO] PluginManager:220 - loadIPPluginJar : add tim
2023-10-14 12:47:18,398 [INFO] IPUIPlugin:80 - create IPUIPlugin
2023-10-14 12:47:18,399 [INFO] PluginManager:220 - loadIPPluginJar : add touchsensing
2023-10-14 12:47:18,421 [INFO] IPUIPlugin:80 - create IPUIPlugin
2023-10-14 12:47:18,421 [INFO] PluginManager:220 - loadIPPluginJar : add tracer_emb
2023-10-14 12:47:18,442 [INFO] IPUIPlugin:80 - create IPUIPlugin
2023-10-14 12:47:18,442 [INFO] PluginManager:220 - loadIPPluginJar : add ts
2023-10-14 12:47:18,486 [INFO] IPUIPlugin:80 - create IPUIPlugin
2023-10-14 12:47:18,486 [INFO] PluginManager:220 - loadIPPluginJar : add tsc
2023-10-14 12:47:18,517 [INFO] IPUIPlugin:80 - create IPUIPlugin
2023-10-14 12:47:18,517 [INFO] PluginManager:220 - loadIPPluginJar : add ucpd
2023-10-14 12:47:18,560 [INFO] IPUIPlugin:80 - create IPUIPlugin
2023-10-14 12:47:18,560 [INFO] PluginManager:220 - loadIPPluginJar : add usart
2023-10-14 12:47:18,614 [INFO] IPUIPlugin:80 - create IPUIPlugin
2023-10-14 12:47:18,614 [INFO] PluginManager:220 - loadIPPluginJar : add usbx
2023-10-14 12:47:18,753 [INFO] CADModel:165 - CPN selected for project level
2023-10-14 12:47:18,753 [INFO] CADModel:114 - Register for checkConnection events
2023-10-14 12:47:18,754 [FATAL] Updater:308 - Updater called before beeing initialized
2023-10-14 12:47:18,754 [ERROR] CADModel:125 - Updater not yet initialized, retry later 
2023-10-14 12:47:18,807 [INFO] ThirdPartyUpdaterWithRetryManager:70 - Updater plugin not ready yet. [2/15]
2023-10-14 12:47:19,018 [INFO] CADModel:165 - CPN selected for project level
2023-10-14 12:47:19,018 [INFO] CADModel:114 - Register for checkConnection events
2023-10-14 12:47:19,018 [FATAL] Updater:308 - Updater called before beeing initialized
2023-10-14 12:47:19,018 [ERROR] CADModel:125 - Updater not yet initialized, retry later 
2023-10-14 12:47:19,021 [FATAL] Updater:308 - Updater called before beeing initialized
2023-10-14 12:47:19,140 [FATAL] Updater:308 - Updater called before beeing initialized
2023-10-14 12:47:19,150 [INFO] DbMcusAds:53 - JSON generation date=Tue Mar 07 14:20:55 IST 2023 (1678179055114)
2023-10-14 12:47:19,151 [FATAL] Updater:308 - Updater called before beeing initialized
2023-10-14 12:47:19,188 [WARN] DetailPanel:346 - Failed to get advertising image, set to default
2023-10-14 12:47:19,290 [FATAL] Updater:308 - Updater called before beeing initialized
2023-10-14 12:47:19,292 [FATAL] Updater:308 - Updater called before beeing initialized
2023-10-14 12:47:19,292 [FATAL] Updater:308 - Updater called before beeing initialized
2023-10-14 12:47:19,292 [WARN] DetailPanel:346 - Failed to get advertising image, set to default
2023-10-14 12:47:19,293 [FATAL] Updater:308 - Updater called before beeing initialized
2023-10-14 12:47:19,355 [ERROR] Updater:1120 - MainUpdater not yet initialized. External WinMGr cannot be set.
2023-10-14 12:47:19,367 [INFO] Updater:1056 - Updater Version found : 6.9.1
2023-10-14 12:47:19,381 [INFO] ApplicationProperties:184 - Using Application install path: C:\ST\STM32CubeIDE_1.13.1\STM32CubeIDE\plugins\com.st.stm32cube.common.mx_6.9.1.202307191849
2023-10-14 12:47:19,770 [INFO] MainUpdater:2868 - connection check result : 10
2023-10-14 12:47:19,770 [INFO] MainUpdater:3562 - Updater definition file requires update
2023-10-14 12:47:19,772 [INFO] MainUpdater:285 - Updater Check For Update Now.
2023-10-14 12:47:19,773 [INFO] MicroXplorer:498 - Change Database Version : DB.6.0.91
2023-10-14 12:47:19,804 [INFO] McuFinderGlobals:63 - Set McuFinder mode to 2 (CubeIDE integrated)
2023-10-14 12:47:19,942 [INFO] ServerAccessManage:473 - Download File updaters.zip
2023-10-14 12:47:20,038 [INFO] FileExtend:240 - Unzip File : updaters.zip
2023-10-14 12:47:20,038 [INFO] FileExtend:255 - Standard Zip Deflate
2023-10-14 12:47:20,489 [INFO] ServerAccessManage:473 - Download File PacksControlFlags.xml
2023-10-14 12:47:20,700 [INFO] ServerAccessManage:473 - Download File cubemx.pidx
2023-10-14 12:47:20,819 [INFO] LoadServerUpdatesThread:373 - End of LoadServerUpdate Thread
2023-10-14 12:47:21,153 [INFO] CheckServerUpdateThread:120 - End of CheckServer Thread
2023-10-14 12:47:22,048 [WARN] PackLoader:240 - Cannot read IP mode file for STMicroelectronics.X-CUBE-SMBUS.2.1.0
2023-10-14 12:47:22,104 [WARN] PackLoader:240 - Cannot read IP mode file for STMicroelectronics.X-CUBE-AZRTOS-F7.1.1.0
2023-10-14 12:47:22,125 [ERROR] RealEvaluatedCondition:428 - Found unsupported composite condition: GROUP='STM32_MetaDataManager' CLASS='Data Exchange'
2023-10-14 12:47:22,125 [ERROR] RealEvaluatedCondition:428 - Found unsupported composite condition: CLASS='Data Exchange' GROUP='STM32_MetaDataManager'
2023-10-14 12:47:22,127 [WARN] PackLoader:240 - Cannot read IP mode file for STMicroelectronics.FP-SNS-MOTENV1.4.3.0
2023-10-14 12:47:22,145 [WARN] PackLoader:240 - Cannot read IP mode file for STMicroelectronics.FP-SNS-MOTENV1.4.3.2
2023-10-14 12:47:22,161 [WARN] PackLoader:240 - Cannot read IP mode file for STMicroelectronics.FP-SNS-FLIGHT1.5.0.0
2023-10-14 12:47:22,175 [ERROR] RealEvaluatedCondition:428 - Found unsupported composite condition: GROUP='STM32_MetaDataManager' CLASS='Data Exchange'
2023-10-14 12:47:22,175 [ERROR] RealEvaluatedCondition:428 - Found unsupported composite condition: CLASS='Data Exchange' GROUP='STM32_MetaDataManager'
2023-10-14 12:47:22,177 [WARN] PackLoader:240 - Cannot read IP mode file for STMicroelectronics.FP-SNS-MOTENV1.4.3.1
2023-10-14 12:47:22,194 [WARN] PackLoader:240 - Cannot read IP mode file for STMicroelectronics.FP-SNS-FLIGHT1.5.0.1
2023-10-14 12:47:22,212 [WARN] PackLoader:240 - Cannot read IP mode file for STMicroelectronics.X-CUBE-BLE1.6.2.4
2023-10-14 12:47:22,227 [WARN] PackLoader:240 - Cannot read IP mode file for STMicroelectronics.FP-SNS-FLIGHT1.5.0.2
2023-10-14 12:47:22,255 [WARN] PackLoader:240 - Cannot read IP mode file for STMicroelectronics.X-CUBE-DISPLAY.3.0.0
2023-10-14 12:47:22,274 [WARN] PackLoader:240 - Cannot read IP mode file for STMicroelectronics.X-CUBE-BLE1.7.0.0
2023-10-14 12:47:22,291 [WARN] PackLoader:240 - Cannot read IP mode file for emotas.I-CUBE-CANOPEN.1.3.0
2023-10-14 12:47:22,306 [WARN] PackLoader:240 - Cannot read IP mode file for STMicroelectronics.X-CUBE-TOUCHGFX.4.22.0
2023-10-14 12:47:22,318 [WARN] PackLoader:240 - Cannot read IP mode file for STMicroelectronics.X-CUBE-TOUCHGFX.4.22.1
2023-10-14 12:47:22,333 [WARN] PackLoader:240 - Cannot read IP mode file for STMicroelectronics.FP-SNS-SMARTAG2.1.2.0
2023-10-14 12:47:22,358 [INFO] LogOutputStream:77 - [STDOUT_REDIRECT] 1 : Invalid condition id : UX_CORESTACK_Condition cause : null
2023-10-14 12:47:22,359 [INFO] LogOutputStream:77 - [STDOUT_REDIRECT] 1 : Invalid condition id : UX_CORESTACK_Condition cause : null
2023-10-14 12:47:22,360 [INFO] LogOutputStream:77 - [STDOUT_REDIRECT] 1 : Invalid condition id : UX_CORESTACK_Condition cause : null
2023-10-14 12:47:22,361 [INFO] LogOutputStream:77 - [STDOUT_REDIRECT] 1 : Invalid condition id : UX_CORESTACK_Condition cause : null
2023-10-14 12:47:22,362 [INFO] LogOutputStream:77 - [STDOUT_REDIRECT] 1 : Invalid condition id : UX_CORESTACK_Condition cause : null
2023-10-14 12:47:22,367 [WARN] PackLoader:240 - Cannot read IP mode file for STMicroelectronics.X-CUBE-AZRTOS-WL.2.0.0
2023-10-14 12:47:22,387 [WARN] PackLoader:240 - Cannot read IP mode file for WES.I-CUBE-Cesium.1.3.0
2023-10-14 12:47:22,403 [WARN] PackLoader:240 - Cannot read IP mode file for STMicroelectronics.X-CUBE-BLE2.3.3.0
2023-10-14 12:47:22,416 [WARN] PackLoader:240 - Cannot read IP mode file for STMicroelectronics.X-CUBE-TOUCHGFX.4.21.3
2023-10-14 12:47:22,429 [WARN] PackLoader:240 - Cannot read IP mode file for STMicroelectronics.X-CUBE-TOUCHGFX.4.21.4
2023-10-14 12:47:22,444 [WARN] PackLoader:240 - Cannot read IP mode file for STMicroelectronics.X-CUBE-ALGOBUILD.1.3.0
2023-10-14 12:47:22,480 [WARN] PackLoader:240 - Cannot read IP mode file for STMicroelectronics.X-CUBE-AZRTOS-G0.1.1.0
2023-10-14 12:47:22,504 [WARN] PackLoader:240 - Cannot read IP mode file for STMicroelectronics.X-CUBE-NFC4.3.0.0
2023-10-14 12:47:22,519 [WARN] PackLoader:240 - Cannot read IP mode file for STMicroelectronics.FP-ATR-SIGFOX1.3.2.0
2023-10-14 12:47:22,594 [WARN] PackLoader:240 - Cannot read IP mode file for STMicroelectronics.X-CUBE-MEMS1.9.5.0
2023-10-14 12:47:22,809 [WARN] PackLoader:240 - Cannot read IP mode file for SEGGER.I-CUBE-embOS.1.3.1
2023-10-14 12:47:22,869 [WARN] PackLoader:240 - Cannot read IP mode file for STMicroelectronics.X-CUBE-GNSS1.6.0.0
2023-10-14 12:47:22,909 [WARN] PackLoader:240 - Cannot read IP mode file for STMicroelectronics.X-CUBE-AZRTOS-F4.1.1.0
2023-10-14 12:47:22,925 [WARN] PackLoader:240 - Cannot read IP mode file for wolfSSL.I-CUBE-wolfSSL.5.6.3
2023-10-14 12:47:22,939 [WARN] PackLoader:240 - Cannot read IP mode file for wolfSSL.I-CUBE-wolfSSL.5.6.0
2023-10-14 12:47:22,972 [WARN] PackLoader:240 - Cannot read IP mode file for STMicroelectronics.X-CUBE-AZRTOS-L5.2.0.0
2023-10-14 12:47:23,174 [WARN] PackLoader:240 - Cannot read IP mode file for STMicroelectronics.X-CUBE-MEMS1.9.6.0
2023-10-14 12:47:23,338 [WARN] PackLoader:240 - Cannot read IP mode file for ITTIA_DB.I-CUBE-ITTIADB.8.8.0
2023-10-14 12:47:23,354 [WARN] PackLoader:240 - Cannot read IP mode file for emotas.I-CUBE-CANOPEN.1.1.3
2023-10-14 12:47:23,372 [WARN] PackLoader:240 - Cannot read IP mode file for STMicroelectronics.X-CUBE-BLEMGR.2.0.0
2023-10-14 12:47:23,402 [WARN] ConditionMgr:438 - getConditionDescription Invalid condition id : UX DEVICE CLASS RTOS Condition cause : null
2023-10-14 12:47:23,403 [WARN] ConditionMgr:438 - getConditionDescription Invalid condition id : UX DEVICE CLASS RTOS Condition cause : null
2023-10-14 12:47:23,406 [WARN] PackLoader:240 - Cannot read IP mode file for STMicroelectronics.X-CUBE-AZRTOS-H7.3.1.0
2023-10-14 12:47:23,407 [WARN] ConditionMgr:1039 - genDependencies : Invalid condition id : UX DEVICE CLASS RTOS Condition cause : null
2023-10-14 12:47:23,407 [WARN] ConditionMgr:1039 - genDependencies : Invalid condition id : UX DEVICE CLASS RTOS Condition cause : null
2023-10-14 12:47:23,408 [WARN] ConditionMgr:1039 - genDependencies : Invalid condition id : UX DEVICE CLASS RTOS Condition cause : null
2023-10-14 12:47:23,408 [WARN] ConditionMgr:1039 - genDependencies : Invalid condition id : UX DEVICE CLASS RTOS Condition cause : null
2023-10-14 12:47:23,408 [WARN] ConditionMgr:1039 - genDependencies : Invalid condition id : UX DEVICE CLASS RTOS Condition cause : null
2023-10-14 12:47:23,424 [WARN] PackLoader:240 - Cannot read IP mode file for STMicroelectronics.X-CUBE-NFC7.1.0.1
2023-10-14 12:47:23,438 [WARN] PackLoader:240 - Cannot read IP mode file for STMicroelectronics.X-CUBE-NFC7.1.0.0
2023-10-14 12:47:23,455 [WARN] PackLoader:240 - Cannot read IP mode file for STMicroelectronics.X-CUBE-NFC6.3.0.0
2023-10-14 12:47:23,471 [WARN] PackLoader:240 - Cannot read IP mode file for STMicroelectronics.X-CUBE-EEPRMA1.4.1.0
2023-10-14 12:47:23,485 [WARN] PackLoader:240 - Cannot read IP mode file for STMicroelectronics.X-CUBE-AI.8.1.0
2023-10-14 12:47:23,518 [WARN] ConditionMgr:438 - getConditionDescription Invalid condition id : LAN8742 Phy interface Condition cause : null
2023-10-14 12:47:23,519 [WARN] PackLoader:240 - Cannot read IP mode file for STMicroelectronics.X-CUBE-AZRTOS-L4.2.0.0
2023-10-14 12:47:23,520 [WARN] ConditionMgr:1039 - genDependencies : Invalid condition id : LAN8742 Phy interface Condition cause : null
2023-10-14 12:47:23,520 [WARN] ConditionMgr:1039 - genDependencies : Invalid condition id : LAN8742 Phy interface Condition cause : null
2023-10-14 12:47:23,521 [WARN] ConditionMgr:1039 - genDependencies : Invalid condition id : LAN8742 Phy interface Condition cause : null
2023-10-14 12:47:23,537 [WARN] PackLoader:240 - Cannot read IP mode file for STMicroelectronics.X-CUBE-SFXS2LP1.4.0.0
2023-10-14 12:47:23,552 [WARN] PackLoader:240 - Cannot read IP mode file for STMicroelectronics.X-CUBE-ISPU.1.1.0
2023-10-14 12:47:23,566 [WARN] PackLoader:240 - Cannot read IP mode file for STMicroelectronics.X-CUBE-AI.8.0.0
2023-10-14 12:47:23,591 [WARN] ConditionMgr:438 - getConditionDescription Invalid condition id : UX DEVICE CLASS RTOS Condition cause : null
2023-10-14 12:47:23,591 [WARN] ConditionMgr:438 - getConditionDescription Invalid condition id : UX DEVICE CLASS RTOS Condition cause : null
2023-10-14 12:47:23,595 [WARN] PackLoader:240 - Cannot read IP mode file for STMicroelectronics.X-CUBE-AZRTOS-WB.2.0.0
2023-10-14 12:47:23,595 [WARN] ConditionMgr:1039 - genDependencies : Invalid condition id : UX DEVICE CLASS RTOS Condition cause : null
2023-10-14 12:47:23,596 [WARN] ConditionMgr:1039 - genDependencies : Invalid condition id : UX DEVICE CLASS RTOS Condition cause : null
2023-10-14 12:47:23,596 [WARN] ConditionMgr:1039 - genDependencies : Invalid condition id : UX DEVICE CLASS RTOS Condition cause : null
2023-10-14 12:47:23,596 [WARN] ConditionMgr:1039 - genDependencies : Invalid condition id : UX DEVICE CLASS RTOS Condition cause : null
2023-10-14 12:47:23,596 [WARN] ConditionMgr:1039 - genDependencies : Invalid condition id : UX DEVICE CLASS RTOS Condition cause : null
2023-10-14 12:47:23,614 [WARN] PackLoader:240 - Cannot read IP mode file for STMicroelectronics.X-CUBE-FREERTOS.1.0.1
2023-10-14 12:47:23,658 [WARN] PackLoader:240 - Cannot read IP mode file for STMicroelectronics.X-CUBE-AZRTOS-L5.1.1.0
2023-10-14 12:47:23,675 [WARN] PackLoader:240 - Cannot read IP mode file for STMicroelectronics.X-CUBE-AI.8.0.1
2023-10-14 12:47:23,695 [WARN] PackLoader:240 - Cannot read IP mode file for STMicroelectronics.X-CUBE-SUBG2.5.0.0
2023-10-14 12:47:23,721 [WARN] PackLoader:240 - Cannot read IP mode file for STMicroelectronics.X-CUBE-TOF1.3.3.1
2023-10-14 12:47:23,756 [WARN] PackLoader:240 - Cannot read IP mode file for STMicroelectronics.X-CUBE-AZRTOS-G4.2.0.0
2023-10-14 12:47:23,778 [WARN] PackLoader:240 - Cannot read IP mode file for STMicroelectronics.X-CUBE-TOF1.3.3.0
2023-10-14 12:47:23,808 [WARN] PackLoader:240 - Cannot read IP mode file for Infineon.AIROC-Wi-Fi-Bluetooth-STM32.1.5.1
2023-10-14 12:47:23,837 [WARN] PackLoader:240 - Cannot read IP mode file for STMicroelectronics.X-CUBE-AZRTOS-G4.1.0.0
2023-10-14 12:47:23,869 [WARN] PackLoader:240 - Cannot read IP mode file for STMicroelectronics.X-CUBE-AZRTOS-L4.1.0.0
2023-10-14 12:47:23,885 [WARN] PackLoader:240 - Cannot read IP mode file for STMicroelectronics.X-CUBE-FREERTOS.1.1.0
2023-10-14 12:47:23,909 [WARN] PackLoader:240 - Cannot read IP mode file for STMicroelectronics.X-CUBE-AZRTOS-WL.1.0.0
2023-10-14 12:47:23,926 [WARN] PackLoader:240 - Cannot read IP mode file for portGmbH.I-Cube-SoM-uGOAL.1.1.0
2023-10-14 12:47:23,942 [WARN] PackLoader:240 - Cannot read IP mode file for STMicroelectronics.X-CUBE-ALS.1.0.1
2023-10-14 12:47:23,968 [WARN] PackLoader:240 - Cannot read IP mode file for STMicroelectronics.X-CUBE-AZRTOS-WB.1.1.0
2023-10-14 12:47:23,983 [WARN] PackLoader:240 - Cannot read IP mode file for STMicroelectronics.FP-ATR-ASTRA1.2.0.0
2023-10-14 12:47:23,984 [INFO] ThirdParty:978 - Integrity check success = true
2023-10-14 12:47:23,984 [INFO] IntegrityCheckThread:100 - exiting critical section [integrity check]
2023-10-14 12:47:23,984 [INFO] IntegrityCheckThread:103 - End integrity checks thread
2023-10-14 12:47:43,383 [ERROR] LogOutputStream:75 - [STDERR_REDIRECT] SLF4J: Failed to load class "org.slf4j.impl.StaticLoggerBinder".
2023-10-14 12:47:43,383 [ERROR] LogOutputStream:75 - [STDERR_REDIRECT] SLF4J: Defaulting to no-operation (NOP) logger implementation
2023-10-14 12:47:43,383 [ERROR] LogOutputStream:75 - [STDERR_REDIRECT] SLF4J: See http://www.slf4j.org/codes.html#StaticLoggerBinder for further details.
2023-10-14 12:51:53,924 [ERROR] ConfigurationRetriever:142 - IOException on connection: Connect timed out
2023-10-14 12:51:55,927 [ERROR] ConfigurationRetriever:142 - IOException on connection: Connect timed out
2023-10-14 12:51:59,512 [ERROR] ConfigurationRetriever:142 - IOException on connection: Read timed out
