2023-11-30 09:29:00,692 [INFO] Activator:176 - 


2023-11-30 09:29:00,711 [INFO] Activator:177 - !SESSION log4j initialized
2023-11-30 09:29:07,721 [INFO] LogOutputStream:77 - [STDOUT_REDIRECT] 
2023-11-30 09:29:13,871 [INFO] ApplicationProperties:184 - Using Application install path: C:\ST\STM32CubeIDE_1.13.1\STM32CubeIDE\plugins\com.st.stm32cube.common.mx_6.9.2.202309101412
2023-11-30 09:29:13,926 [INFO] DbMcusXml:78 - Set database path to: C:\ST\STM32CubeIDE_1.13.1\STM32CubeIDE\plugins\com.st.stm32cube.common.mx_6.9.2.202309101412\\db\/mcu/
2023-11-30 09:29:13,926 [INFO] ApiDb:274 - Set plugin database path to: C:\ST\STM32CubeIDE_1.13.1\STM32CubeIDE\plugins\com.st.stm32cube.common.mx_6.9.2.202309101412\\db\/plugins/boardmanager/
2023-11-30 09:29:13,927 [WARN] ApiDb:259 - Overriding images path with different value:  => C:\ST\STM32CubeIDE_1.13.1\STM32CubeIDE\plugins\com.st.stm32cube.common.mx_6.9.2.202309101412\\db\/plugins/mcufinder/images/
2023-11-30 09:29:13,983 [INFO] ApiDb:250 - Set database path to: C:\Users\Bhargav-4836\.stmcufinder\plugins\mcufinder//mcu/
2023-11-30 09:29:13,983 [INFO] DbMcusAds:125 - Set database path to: C:\Users\Bhargav-4836\.stmcufinder\plugins\mcufinder//mcu/
2023-11-30 09:29:14,016 [INFO] CrossReferenceDbSqlite:203 - Set database path to: C:\Users\Bhargav-4836\.stmcufinder\plugins\mcufinder//mcu/cs/
2023-11-30 09:29:14,435 [INFO] RulesReader:64 - Compatibility file has been processed (293 Rules)
2023-11-30 09:29:14,664 [INFO] DbMcusXml:78 - Set database path to: C:\ST\STM32CubeIDE_1.13.1\STM32CubeIDE\plugins\com.st.stm32cube.common.mx_6.9.2.202309101412\\db\/mcu/
2023-11-30 09:29:14,673 [INFO] ApiDb:274 - Set plugin database path to: C:\ST\STM32CubeIDE_1.13.1\STM32CubeIDE\plugins\com.st.stm32cube.common.mx_6.9.2.202309101412\\db\/plugins/boardmanager/
2023-11-30 09:29:14,673 [INFO] ApiDb:261 - Set plugin images path to: C:\ST\STM32CubeIDE_1.13.1\STM32CubeIDE\plugins\com.st.stm32cube.common.mx_6.9.2.202309101412\\db\/plugins/mcufinder/images/
2023-11-30 09:29:14,673 [WARN] DbFile:41 - Overriding database path with different value: C:\Users\Bhargav-4836\.stmcufinder\plugins\mcufinder/ => C:\Users\Bhargav-4836\.stmcufinder\plugins\mcufinder
2023-11-30 09:29:14,673 [INFO] ApiDb:250 - Set database path to: C:\Users\Bhargav-4836\.stmcufinder\plugins\mcufinder//mcu/
2023-11-30 09:29:14,673 [WARN] DbFile:41 - Overriding database path with different value: C:\Users\Bhargav-4836\.stmcufinder\plugins\mcufinder/ => C:\Users\Bhargav-4836\.stmcufinder\plugins\mcufinder
2023-11-30 09:29:14,673 [INFO] DbMcusAds:125 - Set database path to: C:\Users\Bhargav-4836\.stmcufinder\plugins\mcufinder//mcu/
2023-11-30 09:29:14,673 [WARN] DbFile:41 - Overriding database path with different value: C:\Users\Bhargav-4836\.stmcufinder\plugins\mcufinder/ => C:\Users\Bhargav-4836\.stmcufinder\plugins\mcufinder
2023-11-30 09:29:14,675 [WARN] DbFile:41 - Overriding database path with different value: C:\Users\Bhargav-4836\.stmcufinder\plugins\mcufinder/ => C:\Users\Bhargav-4836\.stmcufinder\plugins\mcufinder
2023-11-30 09:29:14,675 [INFO] CrossReferenceDbSqlite:203 - Set database path to: C:\Users\Bhargav-4836\.stmcufinder\plugins\mcufinder//mcu/cs/
2023-11-30 09:29:15,383 [INFO] MainPanel:262 - HeapMemory: 268435456
2023-11-30 09:29:15,626 [INFO] DbMcusXml:78 - Set database path to: C:\ST\STM32CubeIDE_1.13.1\STM32CubeIDE\plugins\com.st.stm32cube.common.mx_6.9.2.202309101412\\db\/mcu/
2023-11-30 09:29:15,626 [INFO] ApiDb:274 - Set plugin database path to: C:\ST\STM32CubeIDE_1.13.1\STM32CubeIDE\plugins\com.st.stm32cube.common.mx_6.9.2.202309101412\\db\/plugins/boardmanager/
2023-11-30 09:29:15,626 [INFO] ApiDb:261 - Set plugin images path to: C:\ST\STM32CubeIDE_1.13.1\STM32CubeIDE\plugins\com.st.stm32cube.common.mx_6.9.2.202309101412\\db\/plugins/mcufinder/images/
2023-11-30 09:29:15,627 [WARN] DbFile:41 - Overriding database path with different value: C:\Users\Bhargav-4836\.stmcufinder\plugins\mcufinder/ => C:\Users\Bhargav-4836\.stmcufinder\plugins\mcufinder
2023-11-30 09:29:15,628 [INFO] ApiDb:250 - Set database path to: C:\Users\Bhargav-4836\.stmcufinder\plugins\mcufinder//mcu/
2023-11-30 09:29:15,628 [WARN] DbFile:41 - Overriding database path with different value: C:\Users\Bhargav-4836\.stmcufinder\plugins\mcufinder/ => C:\Users\Bhargav-4836\.stmcufinder\plugins\mcufinder
2023-11-30 09:29:15,632 [INFO] DbMcusAds:125 - Set database path to: C:\Users\Bhargav-4836\.stmcufinder\plugins\mcufinder//mcu/
2023-11-30 09:29:15,633 [WARN] DbFile:41 - Overriding database path with different value: C:\Users\Bhargav-4836\.stmcufinder\plugins\mcufinder/ => C:\Users\Bhargav-4836\.stmcufinder\plugins\mcufinder
2023-11-30 09:29:15,634 [WARN] DbFile:41 - Overriding database path with different value: C:\Users\Bhargav-4836\.stmcufinder\plugins\mcufinder/ => C:\Users\Bhargav-4836\.stmcufinder\plugins\mcufinder
2023-11-30 09:29:15,634 [INFO] CrossReferenceDbSqlite:203 - Set database path to: C:\Users\Bhargav-4836\.stmcufinder\plugins\mcufinder//mcu/cs/
2023-11-30 09:29:15,750 [INFO] ApplicationProperties:184 - Using Application install path: C:\ST\STM32CubeIDE_1.13.1\STM32CubeIDE\plugins\com.st.stm32cube.common.mx_6.9.2.202309101412
2023-11-30 09:29:15,753 [INFO] PluginManage:196 - Search for loadable plugins [exclusion list=, ]
2023-11-30 09:29:15,754 [INFO] PluginManage:310 - Check plugin analytics
2023-11-30 09:29:16,633 [INFO] AnalyticsPlugin:253 - Accepted Software Licenses: 
2023-11-30 09:29:16,634 [INFO] AnalyticsPlugin:255 - Accepted CMSIS Pack Licenses: 
2023-11-30 09:29:16,635 [INFO] AnalyticsPlugin:257 - Accepted Firmware Licenses: FW.F4.1.27.0,FW.F7.1.17.0,FW.WL.1.3.0,FW.H7.1.11.0,FW.L4.1.18.0
2023-11-30 09:29:16,648 [INFO] PluginManage:359 - Loaded plugin analytics (category:tool,tabindex:-1)
2023-11-30 09:29:16,649 [INFO] PluginManage:310 - Check plugin cadmodel
2023-11-30 09:29:16,656 [INFO] CADModel:105 - Init CAD model plugin
2023-11-30 09:29:16,656 [INFO] PluginManage:359 - Loaded plugin cadmodel (category:power,tabindex:5)
2023-11-30 09:29:16,658 [INFO] PluginManage:310 - Check plugin clock
2023-11-30 09:29:16,682 [INFO] PluginManage:359 - Loaded plugin clock (category:base,tabindex:2)
2023-11-30 09:29:16,685 [INFO] PluginManage:310 - Check plugin ddr
2023-11-30 09:29:16,691 [INFO] PluginManage:359 - Loaded plugin ddr (category:tool,tabindex:6)
2023-11-30 09:29:16,691 [INFO] PluginManage:310 - Check plugin filemanager
2023-11-30 09:29:17,192 [INFO] PluginManage:359 - Loaded plugin filemanager (category:base,tabindex:10)
2023-11-30 09:29:17,193 [INFO] PluginManage:310 - Check plugin ipmanager
2023-11-30 09:29:17,226 [INFO] PluginManage:359 - Loaded plugin ipmanager (category:base,tabindex:5)
2023-11-30 09:29:17,226 [INFO] PluginManage:310 - Check plugin lpbam
2023-11-30 09:29:17,236 [INFO] PluginManage:359 - Loaded plugin lpbam (category:base,tabindex:0)
2023-11-30 09:29:17,236 [INFO] PluginManage:310 - Check plugin memorymap
2023-11-30 09:29:17,259 [INFO] PluginManage:359 - Loaded plugin memorymap (category:base,tabindex:4)
2023-11-30 09:29:17,260 [INFO] PluginManage:310 - Check plugin pinoutandconfiguration
2023-11-30 09:29:17,288 [INFO] PluginManage:359 - Loaded plugin pinoutandconfiguration (category:base,tabindex:1)
2023-11-30 09:29:17,295 [INFO] PluginManage:310 - Check plugin pinoutconfig
2023-11-30 09:29:18,081 [WARN] SupportedApi:132 - Cannot load RTOS API schema: s4s-elt-must-match.1: The content of 'definitions' must match (annotation?, (simpleType | complexType)?, (unique | key | keyref)*)). A problem was found starting at: attribute.
2023-11-30 09:29:18,883 [INFO] PluginManage:359 - Loaded plugin pinoutconfig (category:base,tabindex:0)
2023-11-30 09:29:18,884 [INFO] PluginManage:310 - Check plugin power
2023-11-30 09:29:18,973 [INFO] PluginManage:359 - Loaded plugin power (category:power,tabindex:4)
2023-11-30 09:29:18,973 [INFO] PluginManage:310 - Check plugin projectmanager
2023-11-30 09:29:19,069 [INFO] PluginManage:359 - Loaded plugin projectmanager (category:projectmanager,tabindex:3)
2023-11-30 09:29:19,069 [INFO] PluginManage:310 - Check plugin thirdparty
2023-11-30 09:29:19,839 [INFO] PluginManage:359 - Loaded plugin thirdparty (category:base,tabindex:-1)
2023-11-30 09:29:19,841 [INFO] PluginManage:310 - Check plugin tools
2023-11-30 09:29:19,848 [INFO] PluginManage:359 - Loaded plugin tools (category:base,tabindex:7)
2023-11-30 09:29:19,849 [INFO] PluginManage:310 - Check plugin tutovideos
2023-11-30 09:29:19,891 [WARN] IntegrityCheckThread:84 - waiting for thirdparty lock release [integrity check]
2023-11-30 09:29:19,895 [INFO] IntegrityCheckThread:86 - entering critical section [integrity check]
2023-11-30 09:29:19,896 [INFO] ThirdPartyUpdaterWithRetryManager:70 - Updater plugin not ready yet. [1/15]
2023-11-30 09:29:20,750 [INFO] PluginManage:359 - Loaded plugin tutovideos (category:base,tabindex:-1)
2023-11-30 09:29:20,751 [INFO] PluginManage:310 - Check plugin updater
2023-11-30 09:29:20,881 [INFO] PluginManage:359 - Loaded plugin updater (category:base,tabindex:12)
2023-11-30 09:29:20,881 [INFO] PluginManage:310 - Check plugin userauth
2023-11-30 09:29:20,896 [INFO] UserAuth:113 - Init User Auth plugin
2023-11-30 09:29:20,896 [INFO] PluginManage:359 - Loaded plugin userauth (category:base,tabindex:14)
2023-11-30 09:29:20,897 [INFO] PluginManage:283 - PluginManage : Loaded plugins [17]
2023-11-30 09:29:22,388 [INFO] PinOutPanel:1499 - setPackage(No Configuration,No Configuration)
2023-11-30 09:29:22,836 [INFO] CADModel:165 - CPN selected for project level
2023-11-30 09:29:22,836 [INFO] CADModel:114 - Register for checkConnection events
2023-11-30 09:29:22,860 [INFO] IPUIPlugin:80 - create IPUIPlugin
2023-11-30 09:29:22,861 [INFO] PluginManager:220 - loadIPPluginJar : add adc
2023-11-30 09:29:22,864 [INFO] IPUIPlugin:80 - create IPUIPlugin
2023-11-30 09:29:22,864 [INFO] PluginManager:220 - loadIPPluginJar : add aes
2023-11-30 09:29:22,870 [INFO] IPUIPlugin:80 - create IPUIPlugin
2023-11-30 09:29:22,870 [INFO] PluginManager:220 - loadIPPluginJar : add can
2023-11-30 09:29:22,875 [INFO] IPUIPlugin:80 - create IPUIPlugin
2023-11-30 09:29:22,876 [INFO] PluginManager:220 - loadIPPluginJar : add comp
2023-11-30 09:29:22,880 [INFO] IPUIPlugin:80 - create IPUIPlugin
2023-11-30 09:29:22,880 [INFO] PluginManager:220 - loadIPPluginJar : add cryp
2023-11-30 09:29:22,884 [INFO] IPUIPlugin:80 - create IPUIPlugin
2023-11-30 09:29:22,884 [INFO] PluginManager:220 - loadIPPluginJar : add dfsdm
2023-11-30 09:29:22,891 [INFO] IPUIPlugin:80 - create IPUIPlugin
2023-11-30 09:29:22,892 [INFO] PluginManager:220 - loadIPPluginJar : add dma
2023-11-30 09:29:22,895 [INFO] IPUIPlugin:80 - create IPUIPlugin
2023-11-30 09:29:22,895 [INFO] PluginManager:220 - loadIPPluginJar : add dma3
2023-11-30 09:29:22,897 [INFO] ThirdPartyUpdaterWithRetryManager:70 - Updater plugin not ready yet. [2/15]
2023-11-30 09:29:22,900 [INFO] IPUIPlugin:80 - create IPUIPlugin
2023-11-30 09:29:22,900 [INFO] PluginManager:220 - loadIPPluginJar : add fatfs
2023-11-30 09:29:22,905 [INFO] IPUIPlugin:80 - create IPUIPlugin
2023-11-30 09:29:22,905 [INFO] PluginManager:220 - loadIPPluginJar : add fmc
2023-11-30 09:29:22,925 [INFO] IPUIPlugin:80 - create IPUIPlugin
2023-11-30 09:29:22,926 [INFO] PluginManager:220 - loadIPPluginJar : add freertos
2023-11-30 09:29:22,964 [INFO] IPUIPlugin:80 - create IPUIPlugin
2023-11-30 09:29:22,965 [INFO] PluginManager:220 - loadIPPluginJar : add genericplugin
2023-11-30 09:29:23,191 [INFO] IPUIPlugin:80 - create IPUIPlugin
2023-11-30 09:29:23,191 [INFO] PluginManager:220 - loadIPPluginJar : add gfxmmu
2023-11-30 09:29:23,459 [INFO] IPUIPlugin:80 - create IPUIPlugin
2023-11-30 09:29:23,460 [INFO] PluginManager:220 - loadIPPluginJar : add gic
2023-11-30 09:29:23,481 [INFO] IPUIPlugin:80 - create IPUIPlugin
2023-11-30 09:29:23,481 [INFO] PluginManager:220 - loadIPPluginJar : add gpio
2023-11-30 09:29:23,693 [INFO] IPUIPlugin:80 - create IPUIPlugin
2023-11-30 09:29:23,693 [INFO] PluginManager:220 - loadIPPluginJar : add gtzc
2023-11-30 09:29:23,778 [INFO] IPUIPlugin:80 - create IPUIPlugin
2023-11-30 09:29:23,778 [INFO] PluginManager:220 - loadIPPluginJar : add hash
2023-11-30 09:29:23,897 [INFO] IPUIPlugin:80 - create IPUIPlugin
2023-11-30 09:29:23,897 [INFO] PluginManager:220 - loadIPPluginJar : add i2c
2023-11-30 09:29:23,967 [INFO] IPUIPlugin:80 - create IPUIPlugin
2023-11-30 09:29:23,967 [INFO] PluginManager:220 - loadIPPluginJar : add i2s
2023-11-30 09:29:24,080 [INFO] IPUIPlugin:80 - create IPUIPlugin
2023-11-30 09:29:24,080 [INFO] PluginManager:220 - loadIPPluginJar : add i3c
2023-11-30 09:29:24,323 [INFO] IPUIPlugin:80 - create IPUIPlugin
2023-11-30 09:29:24,324 [INFO] PluginManager:220 - loadIPPluginJar : add ipddr
2023-11-30 09:29:24,485 [INFO] IPUIPlugin:80 - create IPUIPlugin
2023-11-30 09:29:24,485 [INFO] PluginManager:220 - loadIPPluginJar : add linkedlist
2023-11-30 09:29:24,703 [INFO] IPUIPlugin:80 - create IPUIPlugin
2023-11-30 09:29:24,704 [INFO] PluginManager:220 - loadIPPluginJar : add lorawan
2023-11-30 09:29:24,852 [INFO] IPUIPlugin:80 - create IPUIPlugin
2023-11-30 09:29:24,853 [INFO] PluginManager:220 - loadIPPluginJar : add ltdc
2023-11-30 09:29:24,895 [INFO] IPUIPlugin:80 - create IPUIPlugin
2023-11-30 09:29:24,895 [INFO] PluginManager:220 - loadIPPluginJar : add mdma
2023-11-30 09:29:24,909 [INFO] IPUIPlugin:80 - create IPUIPlugin
2023-11-30 09:29:24,910 [INFO] PluginManager:220 - loadIPPluginJar : add nvic
2023-11-30 09:29:24,976 [INFO] IPUIPlugin:80 - create IPUIPlugin
2023-11-30 09:29:24,977 [INFO] PluginManager:220 - loadIPPluginJar : add opamp
2023-11-30 09:29:25,089 [INFO] IPUIPlugin:80 - create IPUIPlugin
2023-11-30 09:29:25,089 [INFO] PluginManager:220 - loadIPPluginJar : add openamp
2023-11-30 09:29:25,225 [INFO] IPUIPlugin:80 - create IPUIPlugin
2023-11-30 09:29:25,225 [INFO] PluginManager:220 - loadIPPluginJar : add pdm2pcm
2023-11-30 09:29:25,255 [INFO] IPUIPlugin:80 - create IPUIPlugin
2023-11-30 09:29:25,262 [INFO] PluginManager:220 - loadIPPluginJar : add plateformsettings
2023-11-30 09:29:25,480 [INFO] IPUIPlugin:80 - create IPUIPlugin
2023-11-30 09:29:25,480 [INFO] PluginManager:220 - loadIPPluginJar : add quadspi
2023-11-30 09:29:25,539 [INFO] IPUIPlugin:80 - create IPUIPlugin
2023-11-30 09:29:25,539 [INFO] PluginManager:220 - loadIPPluginJar : add resmgrutility
2023-11-30 09:29:25,739 [INFO] IPUIPlugin:80 - create IPUIPlugin
2023-11-30 09:29:25,739 [INFO] PluginManager:220 - loadIPPluginJar : add sai
2023-11-30 09:29:25,806 [INFO] IPUIPlugin:80 - create IPUIPlugin
2023-11-30 09:29:25,806 [INFO] PluginManager:220 - loadIPPluginJar : add spi
2023-11-30 09:29:25,881 [INFO] IPUIPlugin:80 - create IPUIPlugin
2023-11-30 09:29:25,882 [INFO] PluginManager:220 - loadIPPluginJar : add stm32_wpan
2023-11-30 09:29:25,898 [INFO] ThirdPartyUpdaterWithRetryManager:70 - Updater plugin not ready yet. [3/15]
2023-11-30 09:29:25,915 [INFO] IPUIPlugin:80 - create IPUIPlugin
2023-11-30 09:29:25,915 [INFO] PluginManager:220 - loadIPPluginJar : add tim
2023-11-30 09:29:25,999 [INFO] IPUIPlugin:80 - create IPUIPlugin
2023-11-30 09:29:25,999 [INFO] PluginManager:220 - loadIPPluginJar : add touchsensing
2023-11-30 09:29:26,026 [INFO] IPUIPlugin:80 - create IPUIPlugin
2023-11-30 09:29:26,026 [INFO] PluginManager:220 - loadIPPluginJar : add tracer_emb
2023-11-30 09:29:26,061 [INFO] IPUIPlugin:80 - create IPUIPlugin
2023-11-30 09:29:26,061 [INFO] PluginManager:220 - loadIPPluginJar : add ts
2023-11-30 09:29:26,095 [INFO] IPUIPlugin:80 - create IPUIPlugin
2023-11-30 09:29:26,095 [INFO] PluginManager:220 - loadIPPluginJar : add tsc
2023-11-30 09:29:26,130 [INFO] IPUIPlugin:80 - create IPUIPlugin
2023-11-30 09:29:26,131 [INFO] PluginManager:220 - loadIPPluginJar : add ucpd
2023-11-30 09:29:26,187 [INFO] IPUIPlugin:80 - create IPUIPlugin
2023-11-30 09:29:26,188 [INFO] PluginManager:220 - loadIPPluginJar : add usart
2023-11-30 09:29:26,261 [INFO] IPUIPlugin:80 - create IPUIPlugin
2023-11-30 09:29:26,261 [INFO] PluginManager:220 - loadIPPluginJar : add usbx
2023-11-30 09:29:26,416 [INFO] CADModel:165 - CPN selected for project level
2023-11-30 09:29:26,416 [INFO] CADModel:114 - Register for checkConnection events
2023-11-30 09:29:26,417 [FATAL] Updater:308 - Updater called before beeing initialized
2023-11-30 09:29:26,417 [ERROR] CADModel:125 - Updater not yet initialized, retry later 
2023-11-30 09:29:26,791 [INFO] CADModel:165 - CPN selected for project level
2023-11-30 09:29:26,791 [INFO] CADModel:114 - Register for checkConnection events
2023-11-30 09:29:26,792 [FATAL] Updater:308 - Updater called before beeing initialized
2023-11-30 09:29:26,792 [ERROR] CADModel:125 - Updater not yet initialized, retry later 
2023-11-30 09:29:26,797 [FATAL] Updater:308 - Updater called before beeing initialized
2023-11-30 09:29:27,006 [FATAL] Updater:308 - Updater called before beeing initialized
2023-11-30 09:29:27,023 [INFO] DbMcusAds:53 - JSON generation date=Tue Mar 07 14:20:55 IST 2023 (1678179055114)
2023-11-30 09:29:27,023 [FATAL] Updater:308 - Updater called before beeing initialized
2023-11-30 09:29:27,076 [WARN] DetailPanel:346 - Failed to get advertising image, set to default
2023-11-30 09:29:28,034 [FATAL] Updater:308 - Updater called before beeing initialized
2023-11-30 09:29:28,040 [FATAL] Updater:308 - Updater called before beeing initialized
2023-11-30 09:29:28,041 [FATAL] Updater:308 - Updater called before beeing initialized
2023-11-30 09:29:28,041 [WARN] DetailPanel:346 - Failed to get advertising image, set to default
2023-11-30 09:29:28,047 [FATAL] Updater:308 - Updater called before beeing initialized
2023-11-30 09:29:28,227 [ERROR] Updater:1120 - MainUpdater not yet initialized. External WinMGr cannot be set.
2023-11-30 09:29:28,243 [INFO] Updater:1056 - Updater Version found : 6.9.2
2023-11-30 09:29:28,264 [INFO] ApplicationProperties:184 - Using Application install path: C:\ST\STM32CubeIDE_1.13.1\STM32CubeIDE\plugins\com.st.stm32cube.common.mx_6.9.2.202309101412
2023-11-30 09:29:28,898 [INFO] ThirdPartyUpdaterWithRetryManager:70 - Updater plugin not ready yet. [4/15]
2023-11-30 09:29:30,281 [INFO] MainUpdater:2868 - connection check result : 10
2023-11-30 09:29:30,282 [INFO] MainUpdater:285 - Updater Check For Update Now.
2023-11-30 09:29:30,282 [INFO] MicroXplorer:498 - Change Database Version : DB.6.0.92
2023-11-30 09:29:30,301 [INFO] McuFinderGlobals:63 - Set McuFinder mode to 2 (CubeIDE integrated)
2023-11-30 09:29:30,571 [INFO] CheckServerUpdateThread:120 - End of CheckServer Thread
2023-11-30 09:29:32,115 [WARN] PackLoader:240 - Cannot read IP mode file for STMicroelectronics.X-CUBE-SMBUS.2.1.0
2023-11-30 09:29:32,189 [WARN] PackLoader:240 - Cannot read IP mode file for STMicroelectronics.X-CUBE-AZRTOS-F7.1.1.0
2023-11-30 09:29:32,211 [ERROR] RealEvaluatedCondition:428 - Found unsupported composite condition: GROUP='STM32_MetaDataManager' CLASS='Data Exchange'
2023-11-30 09:29:32,211 [ERROR] RealEvaluatedCondition:428 - Found unsupported composite condition: GROUP='STM32_MetaDataManager' CLASS='Data Exchange'
2023-11-30 09:29:32,215 [WARN] PackLoader:240 - Cannot read IP mode file for STMicroelectronics.FP-SNS-MOTENV1.4.3.0
2023-11-30 09:29:32,233 [WARN] PackLoader:240 - Cannot read IP mode file for STMicroelectronics.FP-SNS-MOTENV1.4.3.2
2023-11-30 09:29:32,247 [WARN] PackLoader:240 - Cannot read IP mode file for STMicroelectronics.FP-SNS-FLIGHT1.5.0.0
2023-11-30 09:29:32,261 [ERROR] RealEvaluatedCondition:428 - Found unsupported composite condition: GROUP='STM32_MetaDataManager' CLASS='Data Exchange'
2023-11-30 09:29:32,261 [ERROR] RealEvaluatedCondition:428 - Found unsupported composite condition: CLASS='Data Exchange' GROUP='STM32_MetaDataManager'
2023-11-30 09:29:32,263 [WARN] PackLoader:240 - Cannot read IP mode file for STMicroelectronics.FP-SNS-MOTENV1.4.3.1
2023-11-30 09:29:32,280 [WARN] PackLoader:240 - Cannot read IP mode file for STMicroelectronics.FP-SNS-FLIGHT1.5.0.1
2023-11-30 09:29:32,298 [WARN] PackLoader:240 - Cannot read IP mode file for STMicroelectronics.X-CUBE-BLE1.6.2.4
2023-11-30 09:29:32,312 [WARN] PackLoader:240 - Cannot read IP mode file for STMicroelectronics.FP-SNS-FLIGHT1.5.0.2
2023-11-30 09:29:32,331 [WARN] PackLoader:240 - Cannot read IP mode file for STMicroelectronics.X-CUBE-DISPLAY.3.0.0
2023-11-30 09:29:32,349 [WARN] PackLoader:240 - Cannot read IP mode file for STMicroelectronics.X-CUBE-BLE1.7.0.0
2023-11-30 09:29:32,365 [WARN] PackLoader:240 - Cannot read IP mode file for emotas.I-CUBE-CANOPEN.1.3.0
2023-11-30 09:29:32,380 [WARN] PackLoader:240 - Cannot read IP mode file for STMicroelectronics.X-CUBE-TOUCHGFX.4.22.0
2023-11-30 09:29:32,392 [WARN] PackLoader:240 - Cannot read IP mode file for STMicroelectronics.X-CUBE-TOUCHGFX.4.22.1
2023-11-30 09:29:32,404 [WARN] PackLoader:240 - Cannot read IP mode file for STMicroelectronics.FP-SNS-SMARTAG2.1.2.0
2023-11-30 09:29:32,426 [INFO] LogOutputStream:77 - [STDOUT_REDIRECT] 1 : Invalid condition id : UX_CORESTACK_Condition cause : null
2023-11-30 09:29:32,427 [INFO] LogOutputStream:77 - [STDOUT_REDIRECT] 1 : Invalid condition id : UX_CORESTACK_Condition cause : null
2023-11-30 09:29:32,428 [INFO] LogOutputStream:77 - [STDOUT_REDIRECT] 1 : Invalid condition id : UX_CORESTACK_Condition cause : null
2023-11-30 09:29:32,429 [INFO] LogOutputStream:77 - [STDOUT_REDIRECT] 1 : Invalid condition id : UX_CORESTACK_Condition cause : null
2023-11-30 09:29:32,430 [INFO] LogOutputStream:77 - [STDOUT_REDIRECT] 1 : Invalid condition id : UX_CORESTACK_Condition cause : null
2023-11-30 09:29:32,434 [WARN] PackLoader:240 - Cannot read IP mode file for STMicroelectronics.X-CUBE-AZRTOS-WL.2.0.0
2023-11-30 09:29:32,453 [WARN] PackLoader:240 - Cannot read IP mode file for WES.I-CUBE-Cesium.1.3.0
2023-11-30 09:29:32,466 [WARN] PackLoader:240 - Cannot read IP mode file for STMicroelectronics.X-CUBE-BLE2.3.3.0
2023-11-30 09:29:32,477 [WARN] PackLoader:240 - Cannot read IP mode file for STMicroelectronics.X-CUBE-TOUCHGFX.4.21.3
2023-11-30 09:29:32,486 [WARN] PackLoader:240 - Cannot read IP mode file for STMicroelectronics.X-CUBE-TOUCHGFX.4.21.4
2023-11-30 09:29:32,496 [WARN] PackLoader:240 - Cannot read IP mode file for STMicroelectronics.X-CUBE-ALGOBUILD.1.3.0
2023-11-30 09:29:32,528 [WARN] PackLoader:240 - Cannot read IP mode file for STMicroelectronics.X-CUBE-AZRTOS-G0.1.1.0
2023-11-30 09:29:32,548 [WARN] PackLoader:240 - Cannot read IP mode file for STMicroelectronics.X-CUBE-NFC4.3.0.0
2023-11-30 09:29:32,567 [WARN] PackLoader:240 - Cannot read IP mode file for STMicroelectronics.X-CUBE-BLEMGR.3.0.0
2023-11-30 09:29:32,582 [WARN] PackLoader:240 - Cannot read IP mode file for STMicroelectronics.FP-ATR-SIGFOX1.3.2.0
2023-11-30 09:29:32,645 [WARN] PackLoader:240 - Cannot read IP mode file for STMicroelectronics.X-CUBE-MEMS1.9.5.0
2023-11-30 09:29:32,876 [WARN] PackLoader:240 - Cannot read IP mode file for SEGGER.I-CUBE-embOS.1.3.1
2023-11-30 09:29:32,932 [WARN] PackLoader:240 - Cannot read IP mode file for STMicroelectronics.X-CUBE-GNSS1.6.0.0
2023-11-30 09:29:32,962 [WARN] PackLoader:240 - Cannot read IP mode file for STMicroelectronics.X-CUBE-AZRTOS-F4.1.1.0
2023-11-30 09:29:32,981 [WARN] PackLoader:240 - Cannot read IP mode file for wolfSSL.I-CUBE-wolfSSL.5.6.3
2023-11-30 09:29:32,992 [WARN] PackLoader:240 - Cannot read IP mode file for wolfSSL.I-CUBE-wolfSSL.5.6.0
2023-11-30 09:29:33,022 [WARN] PackLoader:240 - Cannot read IP mode file for STMicroelectronics.X-CUBE-AZRTOS-L5.2.0.0
2023-11-30 09:29:33,072 [WARN] PackLoader:240 - Cannot read IP mode file for STMicroelectronics.X-CUBE-MEMS1.9.6.0
2023-11-30 09:29:33,241 [WARN] PackLoader:240 - Cannot read IP mode file for STMicroelectronics.X-CUBE-EEPRMA1.4.2.0
2023-11-30 09:29:33,254 [WARN] PackLoader:240 - Cannot read IP mode file for ITTIA_DB.I-CUBE-ITTIADB.8.8.0
2023-11-30 09:29:33,268 [WARN] PackLoader:240 - Cannot read IP mode file for emotas.I-CUBE-CANOPEN.1.1.3
2023-11-30 09:29:33,283 [WARN] PackLoader:240 - Cannot read IP mode file for STMicroelectronics.X-CUBE-BLEMGR.2.0.0
2023-11-30 09:29:33,314 [WARN] ConditionMgr:438 - getConditionDescription Invalid condition id : UX DEVICE CLASS RTOS Condition cause : null
2023-11-30 09:29:33,314 [WARN] ConditionMgr:438 - getConditionDescription Invalid condition id : UX DEVICE CLASS RTOS Condition cause : null
2023-11-30 09:29:33,317 [WARN] PackLoader:240 - Cannot read IP mode file for STMicroelectronics.X-CUBE-AZRTOS-H7.3.1.0
2023-11-30 09:29:33,318 [WARN] ConditionMgr:1039 - genDependencies : Invalid condition id : UX DEVICE CLASS RTOS Condition cause : null
2023-11-30 09:29:33,318 [WARN] ConditionMgr:1039 - genDependencies : Invalid condition id : UX DEVICE CLASS RTOS Condition cause : null
2023-11-30 09:29:33,319 [WARN] ConditionMgr:1039 - genDependencies : Invalid condition id : UX DEVICE CLASS RTOS Condition cause : null
2023-11-30 09:29:33,320 [WARN] ConditionMgr:1039 - genDependencies : Invalid condition id : UX DEVICE CLASS RTOS Condition cause : null
2023-11-30 09:29:33,320 [WARN] ConditionMgr:1039 - genDependencies : Invalid condition id : UX DEVICE CLASS RTOS Condition cause : null
2023-11-30 09:29:33,335 [WARN] PackLoader:240 - Cannot read IP mode file for STMicroelectronics.X-CUBE-NFC7.1.0.1
2023-11-30 09:29:33,419 [WARN] PackLoader:240 - Cannot read IP mode file for STMicroelectronics.X-CUBE-NFC7.1.0.0
2023-11-30 09:29:33,433 [WARN] PackLoader:240 - Cannot read IP mode file for STMicroelectronics.X-CUBE-NFC6.3.0.0
2023-11-30 09:29:33,449 [WARN] PackLoader:240 - Cannot read IP mode file for STMicroelectronics.X-CUBE-EEPRMA1.4.1.0
2023-11-30 09:29:33,462 [WARN] PackLoader:240 - Cannot read IP mode file for STMicroelectronics.X-CUBE-AI.8.1.0
2023-11-30 09:29:33,492 [WARN] ConditionMgr:438 - getConditionDescription Invalid condition id : LAN8742 Phy interface Condition cause : null
2023-11-30 09:29:33,493 [WARN] PackLoader:240 - Cannot read IP mode file for STMicroelectronics.X-CUBE-AZRTOS-L4.2.0.0
2023-11-30 09:29:33,494 [WARN] ConditionMgr:1039 - genDependencies : Invalid condition id : LAN8742 Phy interface Condition cause : null
2023-11-30 09:29:33,494 [WARN] ConditionMgr:1039 - genDependencies : Invalid condition id : LAN8742 Phy interface Condition cause : null
2023-11-30 09:29:33,495 [WARN] ConditionMgr:1039 - genDependencies : Invalid condition id : LAN8742 Phy interface Condition cause : null
2023-11-30 09:29:33,511 [WARN] PackLoader:240 - Cannot read IP mode file for STMicroelectronics.X-CUBE-SFXS2LP1.4.0.0
2023-11-30 09:29:33,523 [WARN] PackLoader:240 - Cannot read IP mode file for STMicroelectronics.X-CUBE-ISPU.1.1.0
2023-11-30 09:29:33,536 [WARN] PackLoader:240 - Cannot read IP mode file for STMicroelectronics.X-CUBE-AI.8.0.0
2023-11-30 09:29:33,558 [WARN] ConditionMgr:438 - getConditionDescription Invalid condition id : UX DEVICE CLASS RTOS Condition cause : null
2023-11-30 09:29:33,559 [WARN] ConditionMgr:438 - getConditionDescription Invalid condition id : UX DEVICE CLASS RTOS Condition cause : null
2023-11-30 09:29:33,575 [WARN] PackLoader:240 - Cannot read IP mode file for STMicroelectronics.X-CUBE-AZRTOS-WB.2.0.0
2023-11-30 09:29:33,576 [WARN] ConditionMgr:1039 - genDependencies : Invalid condition id : UX DEVICE CLASS RTOS Condition cause : null
2023-11-30 09:29:33,576 [WARN] ConditionMgr:1039 - genDependencies : Invalid condition id : UX DEVICE CLASS RTOS Condition cause : null
2023-11-30 09:29:33,577 [WARN] ConditionMgr:1039 - genDependencies : Invalid condition id : UX DEVICE CLASS RTOS Condition cause : null
2023-11-30 09:29:33,577 [WARN] ConditionMgr:1039 - genDependencies : Invalid condition id : UX DEVICE CLASS RTOS Condition cause : null
2023-11-30 09:29:33,577 [WARN] ConditionMgr:1039 - genDependencies : Invalid condition id : UX DEVICE CLASS RTOS Condition cause : null
2023-11-30 09:29:33,597 [WARN] PackLoader:240 - Cannot read IP mode file for STMicroelectronics.X-CUBE-FREERTOS.1.0.1
2023-11-30 09:29:33,623 [WARN] PackLoader:240 - Cannot read IP mode file for STMicroelectronics.X-CUBE-AZRTOS-L5.1.1.0
2023-11-30 09:29:33,638 [WARN] PackLoader:240 - Cannot read IP mode file for STMicroelectronics.X-CUBE-AI.8.0.1
2023-11-30 09:29:33,656 [WARN] PackLoader:240 - Cannot read IP mode file for STMicroelectronics.X-CUBE-SUBG2.5.0.0
2023-11-30 09:29:33,678 [WARN] PackLoader:240 - Cannot read IP mode file for STMicroelectronics.X-CUBE-TOF1.3.3.1
2023-11-30 09:29:33,710 [WARN] PackLoader:240 - Cannot read IP mode file for STMicroelectronics.X-CUBE-AZRTOS-G4.2.0.0
2023-11-30 09:29:33,730 [WARN] PackLoader:240 - Cannot read IP mode file for STMicroelectronics.X-CUBE-TOF1.3.3.0
2023-11-30 09:29:33,758 [WARN] PackLoader:240 - Cannot read IP mode file for Infineon.AIROC-Wi-Fi-Bluetooth-STM32.1.5.1
2023-11-30 09:29:33,773 [WARN] PackLoader:240 - Cannot read IP mode file for STMicroelectronics.FP-SNS-MOTENVWB1.1.3.0
2023-11-30 09:29:33,800 [WARN] PackLoader:240 - Cannot read IP mode file for STMicroelectronics.X-CUBE-AZRTOS-G4.1.0.0
2023-11-30 09:29:33,828 [WARN] PackLoader:240 - Cannot read IP mode file for STMicroelectronics.X-CUBE-AZRTOS-L4.1.0.0
2023-11-30 09:29:33,877 [WARN] PackLoader:240 - Cannot read IP mode file for STMicroelectronics.X-CUBE-MEMS1.10.0.0
2023-11-30 09:29:33,987 [WARN] PackLoader:240 - Cannot read IP mode file for STMicroelectronics.X-CUBE-FREERTOS.1.1.0
2023-11-30 09:29:34,007 [WARN] PackLoader:240 - Cannot read IP mode file for STMicroelectronics.X-CUBE-AZRTOS-WL.1.0.0
2023-11-30 09:29:34,021 [WARN] PackLoader:240 - Cannot read IP mode file for portGmbH.I-Cube-SoM-uGOAL.1.1.0
2023-11-30 09:29:34,033 [WARN] PackLoader:240 - Cannot read IP mode file for STMicroelectronics.X-CUBE-ALS.1.0.1
2023-11-30 09:29:34,057 [WARN] PackLoader:240 - Cannot read IP mode file for STMicroelectronics.X-CUBE-AZRTOS-WB.1.1.0
2023-11-30 09:29:34,071 [WARN] PackLoader:240 - Cannot read IP mode file for STMicroelectronics.FP-ATR-ASTRA1.2.0.0
2023-11-30 09:29:34,091 [WARN] PackLoader:240 - Cannot read IP mode file for STMicroelectronics.X-CUBE-TOF1.3.4.0
2023-11-30 09:29:34,099 [INFO] ThirdParty:978 - Integrity check success = true
2023-11-30 09:29:34,099 [INFO] IntegrityCheckThread:100 - exiting critical section [integrity check]
2023-11-30 09:29:34,099 [INFO] IntegrityCheckThread:103 - End integrity checks thread
2023-11-30 16:46:57,496 [INFO] Activator:176 - 


2023-11-30 16:46:57,499 [INFO] Activator:177 - !SESSION log4j initialized
2023-11-30 16:47:03,062 [INFO] LogOutputStream:77 - [STDOUT_REDIRECT] 
2023-11-30 16:47:06,014 [INFO] ApplicationProperties:184 - Using Application install path: C:\ST\STM32CubeIDE_1.13.1\STM32CubeIDE\plugins\com.st.stm32cube.common.mx_6.10.0.202311202037
2023-11-30 16:47:06,047 [INFO] DbMcusXml:78 - Set database path to: C:\ST\STM32CubeIDE_1.13.1\STM32CubeIDE\plugins\com.st.stm32cube.common.mx_6.10.0.202311202037\\db\/mcu/
2023-11-30 16:47:06,047 [INFO] ApiDb:274 - Set plugin database path to: C:\ST\STM32CubeIDE_1.13.1\STM32CubeIDE\plugins\com.st.stm32cube.common.mx_6.10.0.202311202037\\db\/plugins/boardmanager/
2023-11-30 16:47:06,048 [WARN] ApiDb:259 - Overriding images path with different value:  => C:\ST\STM32CubeIDE_1.13.1\STM32CubeIDE\plugins\com.st.stm32cube.common.mx_6.10.0.202311202037\\db\/plugins/mcufinder/images/
2023-11-30 16:47:06,061 [INFO] ApiDb:250 - Set database path to: C:\Users\Bhargav-4836\.stmcufinder\plugins\mcufinder//mcu/
2023-11-30 16:47:06,062 [INFO] DbMcusAds:125 - Set database path to: C:\Users\Bhargav-4836\.stmcufinder\plugins\mcufinder//mcu/
2023-11-30 16:47:06,065 [INFO] CrossReferenceDbSqlite:203 - Set database path to: C:\Users\Bhargav-4836\.stmcufinder\plugins\mcufinder//mcu/cs/
2023-11-30 16:47:06,235 [INFO] RulesReader:64 - Compatibility file has been processed (297 Rules)
2023-11-30 16:47:06,433 [INFO] DbMcusXml:78 - Set database path to: C:\ST\STM32CubeIDE_1.13.1\STM32CubeIDE\plugins\com.st.stm32cube.common.mx_6.10.0.202311202037\\db\/mcu/
2023-11-30 16:47:06,434 [INFO] ApiDb:274 - Set plugin database path to: C:\ST\STM32CubeIDE_1.13.1\STM32CubeIDE\plugins\com.st.stm32cube.common.mx_6.10.0.202311202037\\db\/plugins/boardmanager/
2023-11-30 16:47:06,434 [INFO] ApiDb:261 - Set plugin images path to: C:\ST\STM32CubeIDE_1.13.1\STM32CubeIDE\plugins\com.st.stm32cube.common.mx_6.10.0.202311202037\\db\/plugins/mcufinder/images/
2023-11-30 16:47:06,434 [WARN] DbFile:41 - Overriding database path with different value: C:\Users\Bhargav-4836\.stmcufinder\plugins\mcufinder/ => C:\Users\Bhargav-4836\.stmcufinder\plugins\mcufinder
2023-11-30 16:47:06,435 [INFO] ApiDb:250 - Set database path to: C:\Users\Bhargav-4836\.stmcufinder\plugins\mcufinder//mcu/
2023-11-30 16:47:06,435 [WARN] DbFile:41 - Overriding database path with different value: C:\Users\Bhargav-4836\.stmcufinder\plugins\mcufinder/ => C:\Users\Bhargav-4836\.stmcufinder\plugins\mcufinder
2023-11-30 16:47:06,435 [INFO] DbMcusAds:125 - Set database path to: C:\Users\Bhargav-4836\.stmcufinder\plugins\mcufinder//mcu/
2023-11-30 16:47:06,435 [WARN] DbFile:41 - Overriding database path with different value: C:\Users\Bhargav-4836\.stmcufinder\plugins\mcufinder/ => C:\Users\Bhargav-4836\.stmcufinder\plugins\mcufinder
2023-11-30 16:47:06,435 [WARN] DbFile:41 - Overriding database path with different value: C:\Users\Bhargav-4836\.stmcufinder\plugins\mcufinder/ => C:\Users\Bhargav-4836\.stmcufinder\plugins\mcufinder
2023-11-30 16:47:06,435 [INFO] CrossReferenceDbSqlite:203 - Set database path to: C:\Users\Bhargav-4836\.stmcufinder\plugins\mcufinder//mcu/cs/
2023-11-30 16:47:06,603 [INFO] MainPanel:264 - HeapMemory: 268435456
2023-11-30 16:47:06,756 [INFO] DbMcusXml:78 - Set database path to: C:\ST\STM32CubeIDE_1.13.1\STM32CubeIDE\plugins\com.st.stm32cube.common.mx_6.10.0.202311202037\\db\/mcu/
2023-11-30 16:47:06,756 [INFO] ApiDb:274 - Set plugin database path to: C:\ST\STM32CubeIDE_1.13.1\STM32CubeIDE\plugins\com.st.stm32cube.common.mx_6.10.0.202311202037\\db\/plugins/boardmanager/
2023-11-30 16:47:06,756 [INFO] ApiDb:261 - Set plugin images path to: C:\ST\STM32CubeIDE_1.13.1\STM32CubeIDE\plugins\com.st.stm32cube.common.mx_6.10.0.202311202037\\db\/plugins/mcufinder/images/
2023-11-30 16:47:06,757 [WARN] DbFile:41 - Overriding database path with different value: C:\Users\Bhargav-4836\.stmcufinder\plugins\mcufinder/ => C:\Users\Bhargav-4836\.stmcufinder\plugins\mcufinder
2023-11-30 16:47:06,758 [INFO] ApiDb:250 - Set database path to: C:\Users\Bhargav-4836\.stmcufinder\plugins\mcufinder//mcu/
2023-11-30 16:47:06,758 [WARN] DbFile:41 - Overriding database path with different value: C:\Users\Bhargav-4836\.stmcufinder\plugins\mcufinder/ => C:\Users\Bhargav-4836\.stmcufinder\plugins\mcufinder
2023-11-30 16:47:06,758 [INFO] DbMcusAds:125 - Set database path to: C:\Users\Bhargav-4836\.stmcufinder\plugins\mcufinder//mcu/
2023-11-30 16:47:06,758 [WARN] DbFile:41 - Overriding database path with different value: C:\Users\Bhargav-4836\.stmcufinder\plugins\mcufinder/ => C:\Users\Bhargav-4836\.stmcufinder\plugins\mcufinder
2023-11-30 16:47:06,758 [WARN] DbFile:41 - Overriding database path with different value: C:\Users\Bhargav-4836\.stmcufinder\plugins\mcufinder/ => C:\Users\Bhargav-4836\.stmcufinder\plugins\mcufinder
2023-11-30 16:47:06,758 [INFO] CrossReferenceDbSqlite:203 - Set database path to: C:\Users\Bhargav-4836\.stmcufinder\plugins\mcufinder//mcu/cs/
2023-11-30 16:47:06,791 [INFO] ApplicationProperties:184 - Using Application install path: C:\ST\STM32CubeIDE_1.13.1\STM32CubeIDE\plugins\com.st.stm32cube.common.mx_6.10.0.202311202037
2023-11-30 16:47:06,793 [INFO] PluginManage:196 - Search for loadable plugins [exclusion list=, ]
2023-11-30 16:47:06,795 [INFO] PluginManage:310 - Check plugin analytics
2023-11-30 16:47:07,033 [INFO] AnalyticsPlugin:253 - Accepted Software Licenses: 
2023-11-30 16:47:07,033 [INFO] AnalyticsPlugin:255 - Accepted CMSIS Pack Licenses: 
2023-11-30 16:47:07,033 [INFO] AnalyticsPlugin:257 - Accepted Firmware Licenses: FW.F4.1.27.0,FW.F7.1.17.0,FW.WL.1.3.0,FW.H7.1.11.0,FW.L4.1.18.0
2023-11-30 16:47:07,036 [INFO] PluginManage:359 - Loaded plugin analytics (category:tool,tabindex:-1)
2023-11-30 16:47:07,037 [INFO] PluginManage:310 - Check plugin cadmodel
2023-11-30 16:47:07,043 [INFO] CADModel:105 - Init CAD model plugin
2023-11-30 16:47:07,044 [INFO] PluginManage:359 - Loaded plugin cadmodel (category:power,tabindex:5)
2023-11-30 16:47:07,044 [INFO] PluginManage:310 - Check plugin clock
2023-11-30 16:47:07,055 [INFO] PluginManage:359 - Loaded plugin clock (category:base,tabindex:2)
2023-11-30 16:47:07,056 [INFO] PluginManage:310 - Check plugin ddr
2023-11-30 16:47:07,060 [INFO] PluginManage:359 - Loaded plugin ddr (category:tool,tabindex:6)
2023-11-30 16:47:07,060 [INFO] PluginManage:310 - Check plugin filemanager
2023-11-30 16:47:07,250 [INFO] PluginManage:359 - Loaded plugin filemanager (category:base,tabindex:10)
2023-11-30 16:47:07,251 [INFO] PluginManage:310 - Check plugin ipmanager
2023-11-30 16:47:07,269 [INFO] PluginManage:359 - Loaded plugin ipmanager (category:base,tabindex:5)
2023-11-30 16:47:07,269 [INFO] PluginManage:310 - Check plugin lpbam
2023-11-30 16:47:07,281 [INFO] PluginManage:359 - Loaded plugin lpbam (category:base,tabindex:0)
2023-11-30 16:47:07,281 [INFO] PluginManage:310 - Check plugin memorymap
2023-11-30 16:47:07,299 [INFO] PluginManage:359 - Loaded plugin memorymap (category:base,tabindex:4)
2023-11-30 16:47:07,300 [INFO] PluginManage:310 - Check plugin pinoutandconfiguration
2023-11-30 16:47:07,309 [INFO] PluginManage:359 - Loaded plugin pinoutandconfiguration (category:base,tabindex:1)
2023-11-30 16:47:07,309 [INFO] PluginManage:310 - Check plugin pinoutconfig
2023-11-30 16:47:07,431 [WARN] SupportedApi:132 - Cannot load RTOS API schema: s4s-elt-must-match.1: The content of 'definitions' must match (annotation?, (simpleType | complexType)?, (unique | key | keyref)*)). A problem was found starting at: attribute.
2023-11-30 16:47:07,618 [INFO] PluginManage:359 - Loaded plugin pinoutconfig (category:base,tabindex:0)
2023-11-30 16:47:07,618 [INFO] PluginManage:310 - Check plugin power
2023-11-30 16:47:07,632 [INFO] PluginManage:359 - Loaded plugin power (category:power,tabindex:4)
2023-11-30 16:47:07,632 [INFO] PluginManage:310 - Check plugin projectmanager
2023-11-30 16:47:07,652 [INFO] PluginManage:359 - Loaded plugin projectmanager (category:projectmanager,tabindex:3)
2023-11-30 16:47:07,653 [INFO] PluginManage:310 - Check plugin thirdparty
2023-11-30 16:47:07,824 [INFO] PluginManage:359 - Loaded plugin thirdparty (category:base,tabindex:-1)
2023-11-30 16:47:07,824 [INFO] PluginManage:310 - Check plugin tools
2023-11-30 16:47:07,824 [WARN] IntegrityCheckThread:84 - waiting for thirdparty lock release [integrity check]
2023-11-30 16:47:07,824 [INFO] IntegrityCheckThread:86 - entering critical section [integrity check]
2023-11-30 16:47:07,824 [INFO] ThirdPartyUpdaterWithRetryManager:70 - Updater plugin not ready yet. [1/15]
2023-11-30 16:47:07,827 [INFO] PluginManage:359 - Loaded plugin tools (category:base,tabindex:7)
2023-11-30 16:47:07,827 [INFO] PluginManage:310 - Check plugin tutovideos
2023-11-30 16:47:08,080 [INFO] PluginManage:359 - Loaded plugin tutovideos (category:base,tabindex:-1)
2023-11-30 16:47:08,080 [INFO] PluginManage:310 - Check plugin updater
2023-11-30 16:47:08,094 [INFO] PluginManage:359 - Loaded plugin updater (category:base,tabindex:12)
2023-11-30 16:47:08,094 [INFO] PluginManage:310 - Check plugin userauth
2023-11-30 16:47:08,101 [INFO] UserAuth:114 - Init User Auth plugin
2023-11-30 16:47:08,101 [INFO] PluginManage:359 - Loaded plugin userauth (category:base,tabindex:14)
2023-11-30 16:47:08,102 [INFO] PluginManage:283 - PluginManage : Loaded plugins [17]
2023-11-30 16:47:08,573 [INFO] PinOutPanel:1499 - setPackage(No Configuration,No Configuration)
2023-11-30 16:47:08,756 [INFO] CADModel:165 - CPN selected for project level
2023-11-30 16:47:08,756 [INFO] CADModel:114 - Register for checkConnection events
2023-11-30 16:47:08,778 [INFO] IPUIPlugin:80 - create IPUIPlugin
2023-11-30 16:47:08,779 [INFO] PluginManager:220 - loadIPPluginJar : add adc
2023-11-30 16:47:08,782 [INFO] IPUIPlugin:80 - create IPUIPlugin
2023-11-30 16:47:08,782 [INFO] PluginManager:220 - loadIPPluginJar : add aes
2023-11-30 16:47:08,786 [INFO] IPUIPlugin:80 - create IPUIPlugin
2023-11-30 16:47:08,787 [INFO] PluginManager:220 - loadIPPluginJar : add can
2023-11-30 16:47:08,790 [INFO] IPUIPlugin:80 - create IPUIPlugin
2023-11-30 16:47:08,790 [INFO] PluginManager:220 - loadIPPluginJar : add comp
2023-11-30 16:47:08,793 [INFO] IPUIPlugin:80 - create IPUIPlugin
2023-11-30 16:47:08,793 [INFO] PluginManager:220 - loadIPPluginJar : add cryp
2023-11-30 16:47:08,796 [INFO] IPUIPlugin:80 - create IPUIPlugin
2023-11-30 16:47:08,796 [INFO] PluginManager:220 - loadIPPluginJar : add dfsdm
2023-11-30 16:47:08,805 [INFO] IPUIPlugin:80 - create IPUIPlugin
2023-11-30 16:47:08,806 [INFO] PluginManager:220 - loadIPPluginJar : add dma
2023-11-30 16:47:08,809 [INFO] IPUIPlugin:80 - create IPUIPlugin
2023-11-30 16:47:08,809 [INFO] PluginManager:220 - loadIPPluginJar : add dma3
2023-11-30 16:47:08,811 [INFO] IPUIPlugin:80 - create IPUIPlugin
2023-11-30 16:47:08,811 [INFO] PluginManager:220 - loadIPPluginJar : add fatfs
2023-11-30 16:47:08,817 [INFO] IPUIPlugin:80 - create IPUIPlugin
2023-11-30 16:47:08,817 [INFO] PluginManager:220 - loadIPPluginJar : add fmc
2023-11-30 16:47:08,824 [INFO] IPUIPlugin:80 - create IPUIPlugin
2023-11-30 16:47:08,825 [INFO] PluginManager:220 - loadIPPluginJar : add freertos
2023-11-30 16:47:08,827 [INFO] IPUIPlugin:80 - create IPUIPlugin
2023-11-30 16:47:08,827 [INFO] PluginManager:220 - loadIPPluginJar : add genericplugin
2023-11-30 16:47:08,830 [INFO] IPUIPlugin:80 - create IPUIPlugin
2023-11-30 16:47:08,830 [INFO] PluginManager:220 - loadIPPluginJar : add gfxmmu
2023-11-30 16:47:08,836 [INFO] IPUIPlugin:80 - create IPUIPlugin
2023-11-30 16:47:08,836 [INFO] PluginManager:220 - loadIPPluginJar : add gic
2023-11-30 16:47:08,842 [INFO] IPUIPlugin:80 - create IPUIPlugin
2023-11-30 16:47:08,842 [INFO] PluginManager:220 - loadIPPluginJar : add gpio
2023-11-30 16:47:08,846 [INFO] IPUIPlugin:80 - create IPUIPlugin
2023-11-30 16:47:08,846 [INFO] PluginManager:220 - loadIPPluginJar : add gtzc
2023-11-30 16:47:08,849 [INFO] IPUIPlugin:80 - create IPUIPlugin
2023-11-30 16:47:08,849 [INFO] PluginManager:220 - loadIPPluginJar : add hash
2023-11-30 16:47:08,852 [INFO] IPUIPlugin:80 - create IPUIPlugin
2023-11-30 16:47:08,853 [INFO] PluginManager:220 - loadIPPluginJar : add i2c
2023-11-30 16:47:08,857 [INFO] IPUIPlugin:80 - create IPUIPlugin
2023-11-30 16:47:08,857 [INFO] PluginManager:220 - loadIPPluginJar : add i2s
2023-11-30 16:47:08,860 [INFO] IPUIPlugin:80 - create IPUIPlugin
2023-11-30 16:47:08,860 [INFO] PluginManager:220 - loadIPPluginJar : add i3c
2023-11-30 16:47:08,864 [INFO] IPUIPlugin:80 - create IPUIPlugin
2023-11-30 16:47:08,865 [INFO] PluginManager:220 - loadIPPluginJar : add ipddr
2023-11-30 16:47:08,874 [INFO] IPUIPlugin:80 - create IPUIPlugin
2023-11-30 16:47:08,875 [INFO] PluginManager:220 - loadIPPluginJar : add linkedlist
2023-11-30 16:47:08,878 [INFO] IPUIPlugin:80 - create IPUIPlugin
2023-11-30 16:47:08,878 [INFO] PluginManager:220 - loadIPPluginJar : add lorawan
2023-11-30 16:47:08,880 [INFO] IPUIPlugin:80 - create IPUIPlugin
2023-11-30 16:47:08,880 [INFO] PluginManager:220 - loadIPPluginJar : add ltdc
2023-11-30 16:47:08,887 [INFO] IPUIPlugin:80 - create IPUIPlugin
2023-11-30 16:47:08,887 [INFO] PluginManager:220 - loadIPPluginJar : add mdma
2023-11-30 16:47:08,892 [INFO] IPUIPlugin:80 - create IPUIPlugin
2023-11-30 16:47:08,892 [INFO] PluginManager:220 - loadIPPluginJar : add nvic
2023-11-30 16:47:08,895 [INFO] IPUIPlugin:80 - create IPUIPlugin
2023-11-30 16:47:08,896 [INFO] PluginManager:220 - loadIPPluginJar : add opamp
2023-11-30 16:47:08,899 [INFO] IPUIPlugin:80 - create IPUIPlugin
2023-11-30 16:47:08,899 [INFO] PluginManager:220 - loadIPPluginJar : add openamp
2023-11-30 16:47:08,902 [INFO] IPUIPlugin:80 - create IPUIPlugin
2023-11-30 16:47:08,902 [INFO] PluginManager:220 - loadIPPluginJar : add pdm2pcm
2023-11-30 16:47:08,910 [INFO] IPUIPlugin:80 - create IPUIPlugin
2023-11-30 16:47:08,914 [INFO] PluginManager:220 - loadIPPluginJar : add plateformsettings
2023-11-30 16:47:08,916 [INFO] IPUIPlugin:80 - create IPUIPlugin
2023-11-30 16:47:08,916 [INFO] PluginManager:220 - loadIPPluginJar : add quadspi
2023-11-30 16:47:08,920 [INFO] IPUIPlugin:80 - create IPUIPlugin
2023-11-30 16:47:08,921 [INFO] PluginManager:220 - loadIPPluginJar : add resmgrutility
2023-11-30 16:47:08,925 [INFO] IPUIPlugin:80 - create IPUIPlugin
2023-11-30 16:47:08,926 [INFO] PluginManager:220 - loadIPPluginJar : add sai
2023-11-30 16:47:08,929 [INFO] IPUIPlugin:80 - create IPUIPlugin
2023-11-30 16:47:08,929 [INFO] PluginManager:220 - loadIPPluginJar : add spi
2023-11-30 16:47:08,934 [INFO] IPUIPlugin:80 - create IPUIPlugin
2023-11-30 16:47:08,935 [INFO] PluginManager:220 - loadIPPluginJar : add stm32_wpan
2023-11-30 16:47:08,937 [INFO] IPUIPlugin:80 - create IPUIPlugin
2023-11-30 16:47:08,937 [INFO] PluginManager:220 - loadIPPluginJar : add tim
2023-11-30 16:47:08,941 [INFO] IPUIPlugin:80 - create IPUIPlugin
2023-11-30 16:47:08,942 [INFO] PluginManager:220 - loadIPPluginJar : add touchsensing
2023-11-30 16:47:08,945 [INFO] IPUIPlugin:80 - create IPUIPlugin
2023-11-30 16:47:08,945 [INFO] PluginManager:220 - loadIPPluginJar : add tracer_emb
2023-11-30 16:47:08,947 [INFO] IPUIPlugin:80 - create IPUIPlugin
2023-11-30 16:47:08,947 [INFO] PluginManager:220 - loadIPPluginJar : add ts
2023-11-30 16:47:08,949 [INFO] IPUIPlugin:80 - create IPUIPlugin
2023-11-30 16:47:08,949 [INFO] PluginManager:220 - loadIPPluginJar : add tsc
2023-11-30 16:47:08,951 [INFO] IPUIPlugin:80 - create IPUIPlugin
2023-11-30 16:47:08,951 [INFO] PluginManager:220 - loadIPPluginJar : add ucpd
2023-11-30 16:47:08,955 [INFO] IPUIPlugin:80 - create IPUIPlugin
2023-11-30 16:47:08,956 [INFO] PluginManager:220 - loadIPPluginJar : add usart
2023-11-30 16:47:08,959 [INFO] IPUIPlugin:80 - create IPUIPlugin
2023-11-30 16:47:08,959 [INFO] PluginManager:220 - loadIPPluginJar : add usbx
2023-11-30 16:47:09,190 [INFO] CADModel:165 - CPN selected for project level
2023-11-30 16:47:09,190 [INFO] CADModel:114 - Register for checkConnection events
2023-11-30 16:47:09,190 [FATAL] Updater:308 - Updater called before beeing initialized
2023-11-30 16:47:09,191 [ERROR] CADModel:125 - Updater not yet initialized, retry later 
2023-11-30 16:47:09,374 [INFO] CADModel:165 - CPN selected for project level
2023-11-30 16:47:09,374 [INFO] CADModel:114 - Register for checkConnection events
2023-11-30 16:47:09,374 [FATAL] Updater:308 - Updater called before beeing initialized
2023-11-30 16:47:09,375 [ERROR] CADModel:125 - Updater not yet initialized, retry later 
2023-11-30 16:47:09,379 [FATAL] Updater:308 - Updater called before beeing initialized
2023-11-30 16:47:09,558 [FATAL] Updater:308 - Updater called before beeing initialized
2023-11-30 16:47:09,564 [INFO] DbMcusAds:53 - JSON generation date=Wed Nov 29 16:22:38 IST 2023 (1701255158764)
2023-11-30 16:47:09,564 [FATAL] Updater:308 - Updater called before beeing initialized
2023-11-30 16:47:09,626 [WARN] DetailPanel:346 - Failed to get advertising image, set to default
2023-11-30 16:47:09,774 [FATAL] Updater:308 - Updater called before beeing initialized
2023-11-30 16:47:09,776 [FATAL] Updater:308 - Updater called before beeing initialized
2023-11-30 16:47:09,776 [FATAL] Updater:308 - Updater called before beeing initialized
2023-11-30 16:47:09,776 [WARN] DetailPanel:346 - Failed to get advertising image, set to default
2023-11-30 16:47:09,778 [FATAL] Updater:308 - Updater called before beeing initialized
2023-11-30 16:47:09,841 [ERROR] Updater:1120 - MainUpdater not yet initialized. External WinMGr cannot be set.
2023-11-30 16:47:09,843 [INFO] Updater:1056 - Updater Version found : 6.10.0
2023-11-30 16:47:09,871 [INFO] ApplicationProperties:184 - Using Application install path: C:\ST\STM32CubeIDE_1.13.1\STM32CubeIDE\plugins\com.st.stm32cube.common.mx_6.10.0.202311202037
2023-11-30 16:47:10,569 [INFO] MainUpdater:2873 - connection check result : 10
2023-11-30 16:47:10,570 [INFO] MainUpdater:290 - Updater Check For Update Now.
2023-11-30 16:47:10,571 [INFO] MicroXplorer:498 - Change Database Version : DB.6.0.100
2023-11-30 16:47:10,577 [INFO] McuFinderGlobals:63 - Set McuFinder mode to 2 (CubeIDE integrated)
2023-11-30 16:47:10,587 [INFO] UserAuth:404 - Internet connection configuration mode: 1
2023-11-30 16:47:10,608 [INFO] JxBrowserEngine:152 - Initiate JxBrowser Engine with user profile folder
2023-11-30 16:47:10,796 [INFO] CheckServerUpdateThread:120 - End of CheckServer Thread
2023-11-30 16:47:11,106 [WARN] PackLoader:240 - Cannot read IP mode file for STMicroelectronics.X-CUBE-SMBUS.2.1.0
2023-11-30 16:47:11,155 [WARN] PackLoader:240 - Cannot read IP mode file for STMicroelectronics.X-CUBE-AZRTOS-F7.1.1.0
2023-11-30 16:47:11,169 [ERROR] RealEvaluatedCondition:428 - Found unsupported composite condition: CLASS='Data Exchange' GROUP='STM32_MetaDataManager'
2023-11-30 16:47:11,169 [ERROR] RealEvaluatedCondition:428 - Found unsupported composite condition: CLASS='Data Exchange' GROUP='STM32_MetaDataManager'
2023-11-30 16:47:11,173 [WARN] PackLoader:240 - Cannot read IP mode file for STMicroelectronics.FP-SNS-MOTENV1.4.3.0
2023-11-30 16:47:11,185 [WARN] PackLoader:240 - Cannot read IP mode file for STMicroelectronics.FP-SNS-MOTENV1.4.3.2
2023-11-30 16:47:11,194 [WARN] PackLoader:240 - Cannot read IP mode file for STMicroelectronics.FP-SNS-FLIGHT1.5.0.0
2023-11-30 16:47:11,199 [ERROR] RealEvaluatedCondition:428 - Found unsupported composite condition: GROUP='STM32_MetaDataManager' CLASS='Data Exchange'
2023-11-30 16:47:11,199 [ERROR] RealEvaluatedCondition:428 - Found unsupported composite condition: CLASS='Data Exchange' GROUP='STM32_MetaDataManager'
2023-11-30 16:47:11,204 [WARN] PackLoader:240 - Cannot read IP mode file for STMicroelectronics.FP-SNS-MOTENV1.4.3.1
2023-11-30 16:47:11,211 [WARN] PackLoader:240 - Cannot read IP mode file for STMicroelectronics.FP-SNS-FLIGHT1.5.0.1
2023-11-30 16:47:11,222 [WARN] PackLoader:240 - Cannot read IP mode file for STMicroelectronics.X-CUBE-BLE1.6.2.4
2023-11-30 16:47:11,227 [WARN] PackLoader:240 - Cannot read IP mode file for STMicroelectronics.FP-SNS-FLIGHT1.5.0.2
2023-11-30 16:47:11,238 [WARN] PackLoader:240 - Cannot read IP mode file for STMicroelectronics.X-CUBE-DISPLAY.3.0.0
2023-11-30 16:47:11,253 [WARN] PackLoader:240 - Cannot read IP mode file for STMicroelectronics.X-CUBE-BLE1.7.0.0
2023-11-30 16:47:11,261 [WARN] PackLoader:240 - Cannot read IP mode file for emotas.I-CUBE-CANOPEN.1.3.0
2023-11-30 16:47:11,269 [WARN] PackLoader:240 - Cannot read IP mode file for STMicroelectronics.X-CUBE-TOUCHGFX.4.22.0
2023-11-30 16:47:11,274 [WARN] PackLoader:240 - Cannot read IP mode file for STMicroelectronics.X-CUBE-TOUCHGFX.4.22.1
2023-11-30 16:47:11,279 [WARN] PackLoader:240 - Cannot read IP mode file for STMicroelectronics.FP-SNS-SMARTAG2.1.2.0
2023-11-30 16:47:11,311 [INFO] LogOutputStream:77 - [STDOUT_REDIRECT] 1 : Invalid condition id : UX_CORESTACK_Condition cause : null
2023-11-30 16:47:11,312 [INFO] LogOutputStream:77 - [STDOUT_REDIRECT] 1 : Invalid condition id : UX_CORESTACK_Condition cause : null
2023-11-30 16:47:11,313 [INFO] LogOutputStream:77 - [STDOUT_REDIRECT] 1 : Invalid condition id : UX_CORESTACK_Condition cause : null
2023-11-30 16:47:11,318 [INFO] LogOutputStream:77 - [STDOUT_REDIRECT] 1 : Invalid condition id : UX_CORESTACK_Condition cause : null
2023-11-30 16:47:11,320 [INFO] LogOutputStream:77 - [STDOUT_REDIRECT] 1 : Invalid condition id : UX_CORESTACK_Condition cause : null
2023-11-30 16:47:11,325 [WARN] PackLoader:240 - Cannot read IP mode file for STMicroelectronics.X-CUBE-AZRTOS-WL.2.0.0
2023-11-30 16:47:11,348 [WARN] PackLoader:240 - Cannot read IP mode file for WES.I-CUBE-Cesium.1.3.0
2023-11-30 16:47:11,360 [WARN] PackLoader:240 - Cannot read IP mode file for STMicroelectronics.X-CUBE-BLE2.3.3.0
2023-11-30 16:47:11,375 [WARN] PackLoader:240 - Cannot read IP mode file for STMicroelectronics.X-CUBE-TOUCHGFX.4.21.3
2023-11-30 16:47:11,384 [WARN] PackLoader:240 - Cannot read IP mode file for STMicroelectronics.X-CUBE-TOUCHGFX.4.21.4
2023-11-30 16:47:11,393 [WARN] PackLoader:240 - Cannot read IP mode file for STMicroelectronics.X-CUBE-ALGOBUILD.1.3.0
2023-11-30 16:47:11,428 [WARN] PackLoader:240 - Cannot read IP mode file for STMicroelectronics.X-CUBE-AZRTOS-G0.1.1.0
2023-11-30 16:47:11,445 [WARN] PackLoader:240 - Cannot read IP mode file for STMicroelectronics.X-CUBE-NFC4.3.0.0
2023-11-30 16:47:11,462 [WARN] PackLoader:240 - Cannot read IP mode file for STMicroelectronics.X-CUBE-BLEMGR.3.0.0
2023-11-30 16:47:11,473 [WARN] PackLoader:240 - Cannot read IP mode file for STMicroelectronics.FP-ATR-SIGFOX1.3.2.0
2023-11-30 16:47:11,543 [WARN] PackLoader:240 - Cannot read IP mode file for STMicroelectronics.X-CUBE-MEMS1.9.5.0
2023-11-30 16:47:11,910 [WARN] PackLoader:240 - Cannot read IP mode file for SEGGER.I-CUBE-embOS.1.3.1
2023-11-30 16:47:11,994 [WARN] PackLoader:240 - Cannot read IP mode file for STMicroelectronics.X-CUBE-GNSS1.6.0.0
2023-11-30 16:47:12,017 [WARN] PackLoader:240 - Cannot read IP mode file for STMicroelectronics.X-CUBE-AZRTOS-F4.1.1.0
2023-11-30 16:47:12,027 [WARN] PackLoader:240 - Cannot read IP mode file for wolfSSL.I-CUBE-wolfSSL.5.6.3
2023-11-30 16:47:12,030 [WARN] PackLoader:240 - Cannot read IP mode file for wolfSSL.I-CUBE-wolfSSL.5.6.0
2023-11-30 16:47:12,058 [WARN] PackLoader:240 - Cannot read IP mode file for STMicroelectronics.X-CUBE-AZRTOS-L5.2.0.0
2023-11-30 16:47:12,129 [WARN] PackLoader:240 - Cannot read IP mode file for STMicroelectronics.X-CUBE-MEMS1.9.6.0
2023-11-30 16:47:12,362 [WARN] PackLoader:240 - Cannot read IP mode file for STMicroelectronics.X-CUBE-EEPRMA1.4.2.0
2023-11-30 16:47:12,373 [WARN] PackLoader:240 - Cannot read IP mode file for ITTIA_DB.I-CUBE-ITTIADB.8.8.0
2023-11-30 16:47:12,383 [WARN] PackLoader:240 - Cannot read IP mode file for emotas.I-CUBE-CANOPEN.1.1.3
2023-11-30 16:47:12,394 [WARN] PackLoader:240 - Cannot read IP mode file for STMicroelectronics.X-CUBE-BLEMGR.2.0.0
2023-11-30 16:47:12,430 [WARN] ConditionMgr:438 - getConditionDescription Invalid condition id : UX DEVICE CLASS RTOS Condition cause : null
2023-11-30 16:47:12,431 [WARN] ConditionMgr:438 - getConditionDescription Invalid condition id : UX DEVICE CLASS RTOS Condition cause : null
2023-11-30 16:47:12,444 [WARN] PackLoader:240 - Cannot read IP mode file for STMicroelectronics.X-CUBE-AZRTOS-H7.3.1.0
2023-11-30 16:47:12,447 [WARN] ConditionMgr:1039 - genDependencies : Invalid condition id : UX DEVICE CLASS RTOS Condition cause : null
2023-11-30 16:47:12,447 [WARN] ConditionMgr:1039 - genDependencies : Invalid condition id : UX DEVICE CLASS RTOS Condition cause : null
2023-11-30 16:47:12,450 [WARN] ConditionMgr:1039 - genDependencies : Invalid condition id : UX DEVICE CLASS RTOS Condition cause : null
2023-11-30 16:47:12,453 [WARN] ConditionMgr:1039 - genDependencies : Invalid condition id : UX DEVICE CLASS RTOS Condition cause : null
2023-11-30 16:47:12,453 [WARN] ConditionMgr:1039 - genDependencies : Invalid condition id : UX DEVICE CLASS RTOS Condition cause : null
2023-11-30 16:47:12,463 [WARN] PackLoader:240 - Cannot read IP mode file for STMicroelectronics.X-CUBE-NFC7.1.0.1
2023-11-30 16:47:12,472 [WARN] PackLoader:240 - Cannot read IP mode file for STMicroelectronics.X-CUBE-NFC7.1.0.0
2023-11-30 16:47:12,482 [WARN] PackLoader:240 - Cannot read IP mode file for STMicroelectronics.X-CUBE-NFC6.3.0.0
2023-11-30 16:47:12,485 [INFO] WebApp:161 - Instantiating new browser for Auth
2023-11-30 16:47:12,492 [WARN] PackLoader:240 - Cannot read IP mode file for STMicroelectronics.X-CUBE-EEPRMA1.4.1.0
2023-11-30 16:47:12,497 [WARN] PackLoader:240 - Cannot read IP mode file for STMicroelectronics.X-CUBE-AI.8.1.0
2023-11-30 16:47:12,526 [WARN] ConditionMgr:438 - getConditionDescription Invalid condition id : LAN8742 Phy interface Condition cause : null
2023-11-30 16:47:12,527 [WARN] PackLoader:240 - Cannot read IP mode file for STMicroelectronics.X-CUBE-AZRTOS-L4.2.0.0
2023-11-30 16:47:12,529 [WARN] ConditionMgr:1039 - genDependencies : Invalid condition id : LAN8742 Phy interface Condition cause : null
2023-11-30 16:47:12,529 [WARN] ConditionMgr:1039 - genDependencies : Invalid condition id : LAN8742 Phy interface Condition cause : null
2023-11-30 16:47:12,530 [WARN] ConditionMgr:1039 - genDependencies : Invalid condition id : LAN8742 Phy interface Condition cause : null
2023-11-30 16:47:12,541 [WARN] PackLoader:240 - Cannot read IP mode file for STMicroelectronics.X-CUBE-SFXS2LP1.4.0.0
2023-11-30 16:47:12,547 [WARN] PackLoader:240 - Cannot read IP mode file for STMicroelectronics.X-CUBE-ISPU.1.1.0
2023-11-30 16:47:12,554 [WARN] PackLoader:240 - Cannot read IP mode file for STMicroelectronics.X-CUBE-AI.8.0.0
2023-11-30 16:47:12,589 [WARN] ConditionMgr:438 - getConditionDescription Invalid condition id : UX DEVICE CLASS RTOS Condition cause : null
2023-11-30 16:47:12,589 [WARN] ConditionMgr:438 - getConditionDescription Invalid condition id : UX DEVICE CLASS RTOS Condition cause : null
2023-11-30 16:47:12,592 [WARN] PackLoader:240 - Cannot read IP mode file for STMicroelectronics.X-CUBE-AZRTOS-WB.2.0.0
2023-11-30 16:47:12,593 [WARN] ConditionMgr:1039 - genDependencies : Invalid condition id : UX DEVICE CLASS RTOS Condition cause : null
2023-11-30 16:47:12,593 [WARN] ConditionMgr:1039 - genDependencies : Invalid condition id : UX DEVICE CLASS RTOS Condition cause : null
2023-11-30 16:47:12,594 [WARN] ConditionMgr:1039 - genDependencies : Invalid condition id : UX DEVICE CLASS RTOS Condition cause : null
2023-11-30 16:47:12,594 [WARN] ConditionMgr:1039 - genDependencies : Invalid condition id : UX DEVICE CLASS RTOS Condition cause : null
2023-11-30 16:47:12,595 [WARN] ConditionMgr:1039 - genDependencies : Invalid condition id : UX DEVICE CLASS RTOS Condition cause : null
2023-11-30 16:47:12,603 [WARN] PackLoader:240 - Cannot read IP mode file for STMicroelectronics.X-CUBE-FREERTOS.1.0.1
2023-11-30 16:47:12,624 [WARN] PackLoader:240 - Cannot read IP mode file for STMicroelectronics.X-CUBE-AZRTOS-L5.1.1.0
2023-11-30 16:47:12,644 [WARN] PackLoader:240 - Cannot read IP mode file for STMicroelectronics.X-CUBE-AI.8.0.1
2023-11-30 16:47:12,658 [WARN] PackLoader:240 - Cannot read IP mode file for STMicroelectronics.X-CUBE-SUBG2.5.0.0
2023-11-30 16:47:12,678 [WARN] PackLoader:240 - Cannot read IP mode file for STMicroelectronics.X-CUBE-TOF1.3.3.1
2023-11-30 16:47:12,713 [WARN] PackLoader:240 - Cannot read IP mode file for STMicroelectronics.X-CUBE-AZRTOS-G4.2.0.0
2023-11-30 16:47:12,737 [WARN] PackLoader:240 - Cannot read IP mode file for STMicroelectronics.X-CUBE-TOF1.3.3.0
2023-11-30 16:47:12,883 [WARN] PackLoader:240 - Cannot read IP mode file for Infineon.AIROC-Wi-Fi-Bluetooth-STM32.1.5.1
2023-11-30 16:47:12,898 [WARN] PackLoader:240 - Cannot read IP mode file for STMicroelectronics.FP-SNS-MOTENVWB1.1.3.0
2023-11-30 16:47:12,904 [WARN] PackLoader:240 - Cannot read IP mode file for STMicroelectronics.FP-SNS-MOTENVWB1.1.3.1
2023-11-30 16:47:12,926 [WARN] PackLoader:240 - Cannot read IP mode file for STMicroelectronics.X-CUBE-AZRTOS-G4.1.0.0
2023-11-30 16:47:12,958 [WARN] PackLoader:240 - Cannot read IP mode file for STMicroelectronics.X-CUBE-AZRTOS-L4.1.0.0
2023-11-30 16:47:13,389 [WARN] PackLoader:240 - Cannot read IP mode file for STMicroelectronics.X-CUBE-MEMS1.10.0.0
2023-11-30 16:47:13,578 [WARN] PackLoader:240 - Cannot read IP mode file for STMicroelectronics.X-CUBE-FREERTOS.1.1.0
2023-11-30 16:47:13,594 [WARN] PackLoader:240 - Cannot read IP mode file for STMicroelectronics.X-CUBE-AZRTOS-WL.1.0.0
2023-11-30 16:47:13,745 [WARN] PackLoader:240 - Cannot read IP mode file for portGmbH.I-Cube-SoM-uGOAL.1.1.0
2023-11-30 16:47:13,767 [WARN] PackLoader:240 - Cannot read IP mode file for STMicroelectronics.X-CUBE-ALS.1.0.1
2023-11-30 16:47:13,786 [WARN] PackLoader:240 - Cannot read IP mode file for STMicroelectronics.X-CUBE-AZRTOS-WB.1.1.0
2023-11-30 16:47:13,793 [WARN] PackLoader:240 - Cannot read IP mode file for STMicroelectronics.FP-ATR-ASTRA1.2.0.0
2023-11-30 16:47:13,809 [WARN] PackLoader:240 - Cannot read IP mode file for STMicroelectronics.X-CUBE-TOF1.3.4.0
2023-11-30 16:47:13,826 [INFO] ThirdParty:978 - Integrity check success = true
2023-11-30 16:47:13,826 [INFO] IntegrityCheckThread:100 - exiting critical section [integrity check]
2023-11-30 16:47:13,826 [INFO] IntegrityCheckThread:103 - End integrity checks thread
2023-11-30 16:47:14,703 [INFO] WebApp:780 - Register for checkConnection events
2023-11-30 16:47:14,704 [INFO] WebApp:414 - Apply proxy settings
2023-11-30 16:47:14,705 [INFO] WebApp:499 - Chromium requires no authentication
2023-11-30 16:47:14,718 [INFO] WebApp:442 - Direct internet connection detected
2023-11-30 16:47:15,003 [INFO] WebApp:192 - Starting web application
2023-11-30 16:47:15,003 [INFO] WebApp:544 - Web application path used C:\ST\STM32CubeIDE_1.13.1\STM32CubeIDE\plugins\com.st.stm32cube.common.mx_6.10.0.202311202037\db\plugins\mcufinder\reactClient1\index.html
2023-11-30 16:47:36,189 [ERROR] LogOutputStream:75 - [STDERR_REDIRECT] SLF4J: Failed to load class "org.slf4j.impl.StaticLoggerBinder".
2023-11-30 16:47:36,190 [ERROR] LogOutputStream:75 - [STDERR_REDIRECT] SLF4J: Defaulting to no-operation (NOP) logger implementation
2023-11-30 16:47:36,191 [ERROR] LogOutputStream:75 - [STDERR_REDIRECT] SLF4J: See http://www.slf4j.org/codes.html#StaticLoggerBinder for further details.
