2023-11-23 14:19:32,165 [INFO] Activator:176 - 


2023-11-23 14:19:32,167 [INFO] Activator:177 - !SESSION log4j initialized
2023-11-23 14:19:43,195 [INFO] LogOutputStream:77 - [STDOUT_REDIRECT] 
2023-11-23 14:19:49,278 [INFO] ApplicationProperties:184 - Using Application install path: C:\ST\STM32CubeIDE_1.13.1\STM32CubeIDE\plugins\com.st.stm32cube.common.mx_6.9.2.202309101412
2023-11-23 14:19:49,316 [INFO] DbMcusXml:78 - Set database path to: C:\ST\STM32CubeIDE_1.13.1\STM32CubeIDE\plugins\com.st.stm32cube.common.mx_6.9.2.202309101412\\db\/mcu/
2023-11-23 14:19:49,316 [INFO] ApiDb:274 - Set plugin database path to: C:\ST\STM32CubeIDE_1.13.1\STM32CubeIDE\plugins\com.st.stm32cube.common.mx_6.9.2.202309101412\\db\/plugins/boardmanager/
2023-11-23 14:19:49,319 [WARN] ApiDb:259 - Overriding images path with different value:  => C:\ST\STM32CubeIDE_1.13.1\STM32CubeIDE\plugins\com.st.stm32cube.common.mx_6.9.2.202309101412\\db\/plugins/mcufinder/images/
2023-11-23 14:19:49,354 [INFO] ApiDb:250 - Set database path to: C:\Users\Bhargav-4836\.stmcufinder\plugins\mcufinder//mcu/
2023-11-23 14:19:49,354 [INFO] DbMcusAds:125 - Set database path to: C:\Users\Bhargav-4836\.stmcufinder\plugins\mcufinder//mcu/
2023-11-23 14:19:49,360 [INFO] CrossReferenceDbSqlite:203 - Set database path to: C:\Users\Bhargav-4836\.stmcufinder\plugins\mcufinder//mcu/cs/
2023-11-23 14:19:49,638 [INFO] RulesReader:64 - Compatibility file has been processed (293 Rules)
2023-11-23 14:19:49,801 [INFO] DbMcusXml:78 - Set database path to: C:\ST\STM32CubeIDE_1.13.1\STM32CubeIDE\plugins\com.st.stm32cube.common.mx_6.9.2.202309101412\\db\/mcu/
2023-11-23 14:19:49,801 [INFO] ApiDb:274 - Set plugin database path to: C:\ST\STM32CubeIDE_1.13.1\STM32CubeIDE\plugins\com.st.stm32cube.common.mx_6.9.2.202309101412\\db\/plugins/boardmanager/
2023-11-23 14:19:49,801 [INFO] ApiDb:261 - Set plugin images path to: C:\ST\STM32CubeIDE_1.13.1\STM32CubeIDE\plugins\com.st.stm32cube.common.mx_6.9.2.202309101412\\db\/plugins/mcufinder/images/
2023-11-23 14:19:49,801 [WARN] DbFile:41 - Overriding database path with different value: C:\Users\Bhargav-4836\.stmcufinder\plugins\mcufinder/ => C:\Users\Bhargav-4836\.stmcufinder\plugins\mcufinder
2023-11-23 14:19:49,801 [INFO] ApiDb:250 - Set database path to: C:\Users\Bhargav-4836\.stmcufinder\plugins\mcufinder//mcu/
2023-11-23 14:19:49,801 [WARN] DbFile:41 - Overriding database path with different value: C:\Users\Bhargav-4836\.stmcufinder\plugins\mcufinder/ => C:\Users\Bhargav-4836\.stmcufinder\plugins\mcufinder
2023-11-23 14:19:49,804 [INFO] DbMcusAds:125 - Set database path to: C:\Users\Bhargav-4836\.stmcufinder\plugins\mcufinder//mcu/
2023-11-23 14:19:49,804 [WARN] DbFile:41 - Overriding database path with different value: C:\Users\Bhargav-4836\.stmcufinder\plugins\mcufinder/ => C:\Users\Bhargav-4836\.stmcufinder\plugins\mcufinder
2023-11-23 14:19:49,804 [WARN] DbFile:41 - Overriding database path with different value: C:\Users\Bhargav-4836\.stmcufinder\plugins\mcufinder/ => C:\Users\Bhargav-4836\.stmcufinder\plugins\mcufinder
2023-11-23 14:19:49,804 [INFO] CrossReferenceDbSqlite:203 - Set database path to: C:\Users\Bhargav-4836\.stmcufinder\plugins\mcufinder//mcu/cs/
2023-11-23 14:19:49,938 [INFO] MainPanel:262 - HeapMemory: 268435456
2023-11-23 14:19:50,106 [INFO] DbMcusXml:78 - Set database path to: C:\ST\STM32CubeIDE_1.13.1\STM32CubeIDE\plugins\com.st.stm32cube.common.mx_6.9.2.202309101412\\db\/mcu/
2023-11-23 14:19:50,106 [INFO] ApiDb:274 - Set plugin database path to: C:\ST\STM32CubeIDE_1.13.1\STM32CubeIDE\plugins\com.st.stm32cube.common.mx_6.9.2.202309101412\\db\/plugins/boardmanager/
2023-11-23 14:19:50,106 [INFO] ApiDb:261 - Set plugin images path to: C:\ST\STM32CubeIDE_1.13.1\STM32CubeIDE\plugins\com.st.stm32cube.common.mx_6.9.2.202309101412\\db\/plugins/mcufinder/images/
2023-11-23 14:19:50,109 [WARN] DbFile:41 - Overriding database path with different value: C:\Users\Bhargav-4836\.stmcufinder\plugins\mcufinder/ => C:\Users\Bhargav-4836\.stmcufinder\plugins\mcufinder
2023-11-23 14:19:50,109 [INFO] ApiDb:250 - Set database path to: C:\Users\Bhargav-4836\.stmcufinder\plugins\mcufinder//mcu/
2023-11-23 14:19:50,109 [WARN] DbFile:41 - Overriding database path with different value: C:\Users\Bhargav-4836\.stmcufinder\plugins\mcufinder/ => C:\Users\Bhargav-4836\.stmcufinder\plugins\mcufinder
2023-11-23 14:19:50,109 [INFO] DbMcusAds:125 - Set database path to: C:\Users\Bhargav-4836\.stmcufinder\plugins\mcufinder//mcu/
2023-11-23 14:19:50,109 [WARN] DbFile:41 - Overriding database path with different value: C:\Users\Bhargav-4836\.stmcufinder\plugins\mcufinder/ => C:\Users\Bhargav-4836\.stmcufinder\plugins\mcufinder
2023-11-23 14:19:50,109 [WARN] DbFile:41 - Overriding database path with different value: C:\Users\Bhargav-4836\.stmcufinder\plugins\mcufinder/ => C:\Users\Bhargav-4836\.stmcufinder\plugins\mcufinder
2023-11-23 14:19:50,109 [INFO] CrossReferenceDbSqlite:203 - Set database path to: C:\Users\Bhargav-4836\.stmcufinder\plugins\mcufinder//mcu/cs/
2023-11-23 14:19:50,142 [INFO] ApplicationProperties:184 - Using Application install path: C:\ST\STM32CubeIDE_1.13.1\STM32CubeIDE\plugins\com.st.stm32cube.common.mx_6.9.2.202309101412
2023-11-23 14:19:50,150 [INFO] PluginManage:196 - Search for loadable plugins [exclusion list=, ]
2023-11-23 14:19:50,153 [INFO] PluginManage:310 - Check plugin analytics
2023-11-23 14:19:50,570 [INFO] AnalyticsPlugin:253 - Accepted Software Licenses: 
2023-11-23 14:19:50,570 [INFO] AnalyticsPlugin:255 - Accepted CMSIS Pack Licenses: 
2023-11-23 14:19:50,570 [INFO] AnalyticsPlugin:257 - Accepted Firmware Licenses: FW.F4.1.27.0,FW.F7.1.17.0,FW.WL.1.3.0,FW.H7.1.11.0,FW.L4.1.18.0
2023-11-23 14:19:50,578 [INFO] PluginManage:359 - Loaded plugin analytics (category:tool,tabindex:-1)
2023-11-23 14:19:50,578 [INFO] PluginManage:310 - Check plugin cadmodel
2023-11-23 14:19:50,594 [INFO] CADModel:105 - Init CAD model plugin
2023-11-23 14:19:50,594 [INFO] PluginManage:359 - Loaded plugin cadmodel (category:power,tabindex:5)
2023-11-23 14:19:50,594 [INFO] PluginManage:310 - Check plugin clock
2023-11-23 14:19:50,631 [INFO] PluginManage:359 - Loaded plugin clock (category:base,tabindex:2)
2023-11-23 14:19:50,631 [INFO] PluginManage:310 - Check plugin ddr
2023-11-23 14:19:50,636 [INFO] PluginManage:359 - Loaded plugin ddr (category:tool,tabindex:6)
2023-11-23 14:19:50,636 [INFO] PluginManage:310 - Check plugin filemanager
2023-11-23 14:19:50,915 [INFO] PluginManage:359 - Loaded plugin filemanager (category:base,tabindex:10)
2023-11-23 14:19:50,919 [INFO] PluginManage:310 - Check plugin ipmanager
2023-11-23 14:19:50,932 [INFO] PluginManage:359 - Loaded plugin ipmanager (category:base,tabindex:5)
2023-11-23 14:19:50,932 [INFO] PluginManage:310 - Check plugin lpbam
2023-11-23 14:19:50,956 [INFO] PluginManage:359 - Loaded plugin lpbam (category:base,tabindex:0)
2023-11-23 14:19:50,956 [INFO] PluginManage:310 - Check plugin memorymap
2023-11-23 14:19:50,996 [INFO] PluginManage:359 - Loaded plugin memorymap (category:base,tabindex:4)
2023-11-23 14:19:50,996 [INFO] PluginManage:310 - Check plugin pinoutandconfiguration
2023-11-23 14:19:51,020 [INFO] PluginManage:359 - Loaded plugin pinoutandconfiguration (category:base,tabindex:1)
2023-11-23 14:19:51,020 [INFO] PluginManage:310 - Check plugin pinoutconfig
2023-11-23 14:19:51,208 [WARN] SupportedApi:132 - Cannot load RTOS API schema: s4s-elt-must-match.1: The content of 'definitions' must match (annotation?, (simpleType | complexType)?, (unique | key | keyref)*)). A problem was found starting at: attribute.
2023-11-23 14:19:51,566 [INFO] PluginManage:359 - Loaded plugin pinoutconfig (category:base,tabindex:0)
2023-11-23 14:19:51,568 [INFO] PluginManage:310 - Check plugin power
2023-11-23 14:19:51,591 [INFO] PluginManage:359 - Loaded plugin power (category:power,tabindex:4)
2023-11-23 14:19:51,591 [INFO] PluginManage:310 - Check plugin projectmanager
2023-11-23 14:19:51,635 [INFO] PluginManage:359 - Loaded plugin projectmanager (category:projectmanager,tabindex:3)
2023-11-23 14:19:51,635 [INFO] PluginManage:310 - Check plugin thirdparty
2023-11-23 14:19:52,070 [INFO] PluginManage:359 - Loaded plugin thirdparty (category:base,tabindex:-1)
2023-11-23 14:19:52,070 [INFO] PluginManage:310 - Check plugin tools
2023-11-23 14:19:52,070 [WARN] IntegrityCheckThread:84 - waiting for thirdparty lock release [integrity check]
2023-11-23 14:19:52,070 [INFO] IntegrityCheckThread:86 - entering critical section [integrity check]
2023-11-23 14:19:52,070 [INFO] ThirdPartyUpdaterWithRetryManager:70 - Updater plugin not ready yet. [1/15]
2023-11-23 14:19:52,128 [INFO] PluginManage:359 - Loaded plugin tools (category:base,tabindex:7)
2023-11-23 14:19:52,128 [INFO] PluginManage:310 - Check plugin tutovideos
2023-11-23 14:19:52,652 [INFO] PluginManage:359 - Loaded plugin tutovideos (category:base,tabindex:-1)
2023-11-23 14:19:52,652 [INFO] PluginManage:310 - Check plugin updater
2023-11-23 14:19:52,687 [INFO] PluginManage:359 - Loaded plugin updater (category:base,tabindex:12)
2023-11-23 14:19:52,687 [INFO] PluginManage:310 - Check plugin userauth
2023-11-23 14:19:52,693 [INFO] UserAuth:113 - Init User Auth plugin
2023-11-23 14:19:52,693 [INFO] PluginManage:359 - Loaded plugin userauth (category:base,tabindex:14)
2023-11-23 14:19:52,693 [INFO] PluginManage:283 - PluginManage : Loaded plugins [17]
2023-11-23 14:19:53,157 [INFO] PinOutPanel:1499 - setPackage(No Configuration,No Configuration)
2023-11-23 14:19:53,402 [INFO] CADModel:165 - CPN selected for project level
2023-11-23 14:19:53,402 [INFO] CADModel:114 - Register for checkConnection events
2023-11-23 14:19:53,452 [INFO] IPUIPlugin:80 - create IPUIPlugin
2023-11-23 14:19:53,452 [INFO] PluginManager:220 - loadIPPluginJar : add adc
2023-11-23 14:19:53,508 [INFO] IPUIPlugin:80 - create IPUIPlugin
2023-11-23 14:19:53,508 [INFO] PluginManager:220 - loadIPPluginJar : add aes
2023-11-23 14:19:53,602 [INFO] IPUIPlugin:80 - create IPUIPlugin
2023-11-23 14:19:53,602 [INFO] PluginManager:220 - loadIPPluginJar : add can
2023-11-23 14:19:53,655 [INFO] IPUIPlugin:80 - create IPUIPlugin
2023-11-23 14:19:53,655 [INFO] PluginManager:220 - loadIPPluginJar : add comp
2023-11-23 14:19:53,718 [INFO] IPUIPlugin:80 - create IPUIPlugin
2023-11-23 14:19:53,718 [INFO] PluginManager:220 - loadIPPluginJar : add cryp
2023-11-23 14:19:53,778 [INFO] IPUIPlugin:80 - create IPUIPlugin
2023-11-23 14:19:53,778 [INFO] PluginManager:220 - loadIPPluginJar : add dfsdm
2023-11-23 14:19:53,810 [INFO] IPUIPlugin:80 - create IPUIPlugin
2023-11-23 14:19:53,810 [INFO] PluginManager:220 - loadIPPluginJar : add dma
2023-11-23 14:19:53,919 [INFO] IPUIPlugin:80 - create IPUIPlugin
2023-11-23 14:19:53,919 [INFO] PluginManager:220 - loadIPPluginJar : add dma3
2023-11-23 14:19:53,956 [INFO] IPUIPlugin:80 - create IPUIPlugin
2023-11-23 14:19:53,956 [INFO] PluginManager:220 - loadIPPluginJar : add fatfs
2023-11-23 14:19:54,039 [INFO] IPUIPlugin:80 - create IPUIPlugin
2023-11-23 14:19:54,039 [INFO] PluginManager:220 - loadIPPluginJar : add fmc
2023-11-23 14:19:54,068 [INFO] IPUIPlugin:80 - create IPUIPlugin
2023-11-23 14:19:54,068 [INFO] PluginManager:220 - loadIPPluginJar : add freertos
2023-11-23 14:19:54,113 [INFO] IPUIPlugin:80 - create IPUIPlugin
2023-11-23 14:19:54,113 [INFO] PluginManager:220 - loadIPPluginJar : add genericplugin
2023-11-23 14:19:54,317 [INFO] IPUIPlugin:80 - create IPUIPlugin
2023-11-23 14:19:54,317 [INFO] PluginManager:220 - loadIPPluginJar : add gfxmmu
2023-11-23 14:19:54,587 [INFO] IPUIPlugin:80 - create IPUIPlugin
2023-11-23 14:19:54,587 [INFO] PluginManager:220 - loadIPPluginJar : add gic
2023-11-23 14:19:54,613 [INFO] IPUIPlugin:80 - create IPUIPlugin
2023-11-23 14:19:54,613 [INFO] PluginManager:220 - loadIPPluginJar : add gpio
2023-11-23 14:19:54,799 [INFO] IPUIPlugin:80 - create IPUIPlugin
2023-11-23 14:19:54,799 [INFO] PluginManager:220 - loadIPPluginJar : add gtzc
2023-11-23 14:19:54,861 [INFO] IPUIPlugin:80 - create IPUIPlugin
2023-11-23 14:19:54,861 [INFO] PluginManager:220 - loadIPPluginJar : add hash
2023-11-23 14:19:54,967 [INFO] IPUIPlugin:80 - create IPUIPlugin
2023-11-23 14:19:54,967 [INFO] PluginManager:220 - loadIPPluginJar : add i2c
2023-11-23 14:19:55,045 [INFO] IPUIPlugin:80 - create IPUIPlugin
2023-11-23 14:19:55,045 [INFO] PluginManager:220 - loadIPPluginJar : add i2s
2023-11-23 14:19:55,078 [INFO] ThirdPartyUpdaterWithRetryManager:70 - Updater plugin not ready yet. [2/15]
2023-11-23 14:19:55,119 [INFO] IPUIPlugin:80 - create IPUIPlugin
2023-11-23 14:19:55,119 [INFO] PluginManager:220 - loadIPPluginJar : add i3c
2023-11-23 14:19:55,334 [INFO] IPUIPlugin:80 - create IPUIPlugin
2023-11-23 14:19:55,334 [INFO] PluginManager:220 - loadIPPluginJar : add ipddr
2023-11-23 14:19:55,510 [INFO] IPUIPlugin:80 - create IPUIPlugin
2023-11-23 14:19:55,510 [INFO] PluginManager:220 - loadIPPluginJar : add linkedlist
2023-11-23 14:19:55,568 [INFO] IPUIPlugin:80 - create IPUIPlugin
2023-11-23 14:19:55,568 [INFO] PluginManager:220 - loadIPPluginJar : add lorawan
2023-11-23 14:19:55,651 [INFO] IPUIPlugin:80 - create IPUIPlugin
2023-11-23 14:19:55,651 [INFO] PluginManager:220 - loadIPPluginJar : add ltdc
2023-11-23 14:19:55,684 [INFO] IPUIPlugin:80 - create IPUIPlugin
2023-11-23 14:19:55,684 [INFO] PluginManager:220 - loadIPPluginJar : add mdma
2023-11-23 14:19:55,715 [INFO] IPUIPlugin:80 - create IPUIPlugin
2023-11-23 14:19:55,715 [INFO] PluginManager:220 - loadIPPluginJar : add nvic
2023-11-23 14:19:55,789 [INFO] IPUIPlugin:80 - create IPUIPlugin
2023-11-23 14:19:55,789 [INFO] PluginManager:220 - loadIPPluginJar : add opamp
2023-11-23 14:19:55,911 [INFO] IPUIPlugin:80 - create IPUIPlugin
2023-11-23 14:19:55,911 [INFO] PluginManager:220 - loadIPPluginJar : add openamp
2023-11-23 14:19:55,998 [INFO] IPUIPlugin:80 - create IPUIPlugin
2023-11-23 14:19:55,998 [INFO] PluginManager:220 - loadIPPluginJar : add pdm2pcm
2023-11-23 14:19:56,018 [INFO] IPUIPlugin:80 - create IPUIPlugin
2023-11-23 14:19:56,022 [INFO] PluginManager:220 - loadIPPluginJar : add plateformsettings
2023-11-23 14:19:56,069 [INFO] IPUIPlugin:80 - create IPUIPlugin
2023-11-23 14:19:56,069 [INFO] PluginManager:220 - loadIPPluginJar : add quadspi
2023-11-23 14:19:56,098 [INFO] IPUIPlugin:80 - create IPUIPlugin
2023-11-23 14:19:56,098 [INFO] PluginManager:220 - loadIPPluginJar : add resmgrutility
2023-11-23 14:19:56,200 [INFO] IPUIPlugin:80 - create IPUIPlugin
2023-11-23 14:19:56,205 [INFO] PluginManager:220 - loadIPPluginJar : add sai
2023-11-23 14:19:56,296 [INFO] IPUIPlugin:80 - create IPUIPlugin
2023-11-23 14:19:56,296 [INFO] PluginManager:220 - loadIPPluginJar : add spi
2023-11-23 14:19:56,419 [INFO] IPUIPlugin:80 - create IPUIPlugin
2023-11-23 14:19:56,419 [INFO] PluginManager:220 - loadIPPluginJar : add stm32_wpan
2023-11-23 14:19:56,465 [INFO] IPUIPlugin:80 - create IPUIPlugin
2023-11-23 14:19:56,465 [INFO] PluginManager:220 - loadIPPluginJar : add tim
2023-11-23 14:19:56,576 [INFO] IPUIPlugin:80 - create IPUIPlugin
2023-11-23 14:19:56,576 [INFO] PluginManager:220 - loadIPPluginJar : add touchsensing
2023-11-23 14:19:56,624 [INFO] IPUIPlugin:80 - create IPUIPlugin
2023-11-23 14:19:56,624 [INFO] PluginManager:220 - loadIPPluginJar : add tracer_emb
2023-11-23 14:19:56,666 [INFO] IPUIPlugin:80 - create IPUIPlugin
2023-11-23 14:19:56,666 [INFO] PluginManager:220 - loadIPPluginJar : add ts
2023-11-23 14:19:56,714 [INFO] IPUIPlugin:80 - create IPUIPlugin
2023-11-23 14:19:56,715 [INFO] PluginManager:220 - loadIPPluginJar : add tsc
2023-11-23 14:19:56,754 [INFO] IPUIPlugin:80 - create IPUIPlugin
2023-11-23 14:19:56,754 [INFO] PluginManager:220 - loadIPPluginJar : add ucpd
2023-11-23 14:19:56,853 [INFO] IPUIPlugin:80 - create IPUIPlugin
2023-11-23 14:19:56,853 [INFO] PluginManager:220 - loadIPPluginJar : add usart
2023-11-23 14:19:56,951 [INFO] IPUIPlugin:80 - create IPUIPlugin
2023-11-23 14:19:56,951 [INFO] PluginManager:220 - loadIPPluginJar : add usbx
2023-11-23 14:19:57,150 [INFO] CADModel:165 - CPN selected for project level
2023-11-23 14:19:57,150 [INFO] CADModel:114 - Register for checkConnection events
2023-11-23 14:19:57,150 [FATAL] Updater:308 - Updater called before beeing initialized
2023-11-23 14:19:57,150 [ERROR] CADModel:125 - Updater not yet initialized, retry later 
2023-11-23 14:19:57,519 [INFO] CADModel:165 - CPN selected for project level
2023-11-23 14:19:57,519 [INFO] CADModel:114 - Register for checkConnection events
2023-11-23 14:19:57,519 [FATAL] Updater:308 - Updater called before beeing initialized
2023-11-23 14:19:57,519 [ERROR] CADModel:125 - Updater not yet initialized, retry later 
2023-11-23 14:19:57,530 [FATAL] Updater:308 - Updater called before beeing initialized
2023-11-23 14:19:57,825 [FATAL] Updater:308 - Updater called before beeing initialized
2023-11-23 14:19:57,846 [INFO] DbMcusAds:53 - JSON generation date=Tue Mar 07 14:20:55 IST 2023 (1678179055335)
2023-11-23 14:19:57,846 [FATAL] Updater:308 - Updater called before beeing initialized
2023-11-23 14:19:57,936 [WARN] DetailPanel:346 - Failed to get advertising image, set to default
2023-11-23 14:19:58,079 [INFO] ThirdPartyUpdaterWithRetryManager:70 - Updater plugin not ready yet. [3/15]
2023-11-23 14:19:58,212 [FATAL] Updater:308 - Updater called before beeing initialized
2023-11-23 14:19:58,213 [FATAL] Updater:308 - Updater called before beeing initialized
2023-11-23 14:19:58,213 [FATAL] Updater:308 - Updater called before beeing initialized
2023-11-23 14:19:58,213 [WARN] DetailPanel:346 - Failed to get advertising image, set to default
2023-11-23 14:19:58,213 [FATAL] Updater:308 - Updater called before beeing initialized
2023-11-23 14:19:58,330 [ERROR] Updater:1120 - MainUpdater not yet initialized. External WinMGr cannot be set.
2023-11-23 14:19:58,335 [INFO] Updater:1056 - Updater Version found : 6.9.2
2023-11-23 14:19:58,371 [INFO] ApplicationProperties:184 - Using Application install path: C:\ST\STM32CubeIDE_1.13.1\STM32CubeIDE\plugins\com.st.stm32cube.common.mx_6.9.2.202309101412
2023-11-23 14:19:59,762 [INFO] MainUpdater:2868 - connection check result : 10
2023-11-23 14:19:59,764 [INFO] MainUpdater:285 - Updater Check For Update Now.
2023-11-23 14:19:59,764 [INFO] MicroXplorer:498 - Change Database Version : DB.6.0.92
2023-11-23 14:19:59,799 [INFO] McuFinderGlobals:63 - Set McuFinder mode to 2 (CubeIDE integrated)
2023-11-23 14:20:00,194 [INFO] CheckServerUpdateThread:120 - End of CheckServer Thread
2023-11-23 14:20:01,514 [WARN] PackLoader:240 - Cannot read IP mode file for STMicroelectronics.X-CUBE-SMBUS.2.1.0
2023-11-23 14:20:01,619 [WARN] PackLoader:240 - Cannot read IP mode file for STMicroelectronics.X-CUBE-AZRTOS-F7.1.1.0
2023-11-23 14:20:01,654 [ERROR] RealEvaluatedCondition:428 - Found unsupported composite condition: GROUP='STM32_MetaDataManager' CLASS='Data Exchange'
2023-11-23 14:20:01,654 [ERROR] RealEvaluatedCondition:428 - Found unsupported composite condition: CLASS='Data Exchange' GROUP='STM32_MetaDataManager'
2023-11-23 14:20:01,659 [WARN] PackLoader:240 - Cannot read IP mode file for STMicroelectronics.FP-SNS-MOTENV1.4.3.0
2023-11-23 14:20:01,684 [WARN] PackLoader:240 - Cannot read IP mode file for STMicroelectronics.FP-SNS-MOTENV1.4.3.2
2023-11-23 14:20:01,710 [WARN] PackLoader:240 - Cannot read IP mode file for STMicroelectronics.FP-SNS-FLIGHT1.5.0.0
2023-11-23 14:20:01,731 [ERROR] RealEvaluatedCondition:428 - Found unsupported composite condition: CLASS='Data Exchange' GROUP='STM32_MetaDataManager'
2023-11-23 14:20:01,731 [ERROR] RealEvaluatedCondition:428 - Found unsupported composite condition: GROUP='STM32_MetaDataManager' CLASS='Data Exchange'
2023-11-23 14:20:01,734 [WARN] PackLoader:240 - Cannot read IP mode file for STMicroelectronics.FP-SNS-MOTENV1.4.3.1
2023-11-23 14:20:01,751 [WARN] PackLoader:240 - Cannot read IP mode file for STMicroelectronics.FP-SNS-FLIGHT1.5.0.1
2023-11-23 14:20:01,776 [WARN] PackLoader:240 - Cannot read IP mode file for STMicroelectronics.X-CUBE-BLE1.6.2.4
2023-11-23 14:20:01,791 [WARN] PackLoader:240 - Cannot read IP mode file for STMicroelectronics.FP-SNS-FLIGHT1.5.0.2
2023-11-23 14:20:01,815 [WARN] PackLoader:240 - Cannot read IP mode file for STMicroelectronics.X-CUBE-DISPLAY.3.0.0
2023-11-23 14:20:01,855 [WARN] PackLoader:240 - Cannot read IP mode file for STMicroelectronics.X-CUBE-BLE1.7.0.0
2023-11-23 14:20:01,876 [WARN] PackLoader:240 - Cannot read IP mode file for emotas.I-CUBE-CANOPEN.1.3.0
2023-11-23 14:20:01,909 [WARN] PackLoader:240 - Cannot read IP mode file for STMicroelectronics.X-CUBE-TOUCHGFX.4.22.0
2023-11-23 14:20:01,921 [WARN] PackLoader:240 - Cannot read IP mode file for STMicroelectronics.X-CUBE-TOUCHGFX.4.22.1
2023-11-23 14:20:01,946 [WARN] PackLoader:240 - Cannot read IP mode file for STMicroelectronics.FP-SNS-SMARTAG2.1.2.0
2023-11-23 14:20:01,992 [INFO] LogOutputStream:77 - [STDOUT_REDIRECT] 1 : Invalid condition id : UX_CORESTACK_Condition cause : null
2023-11-23 14:20:01,993 [INFO] LogOutputStream:77 - [STDOUT_REDIRECT] 1 : Invalid condition id : UX_CORESTACK_Condition cause : null
2023-11-23 14:20:01,994 [INFO] LogOutputStream:77 - [STDOUT_REDIRECT] 1 : Invalid condition id : UX_CORESTACK_Condition cause : null
2023-11-23 14:20:01,994 [INFO] LogOutputStream:77 - [STDOUT_REDIRECT] 1 : Invalid condition id : UX_CORESTACK_Condition cause : null
2023-11-23 14:20:01,994 [INFO] LogOutputStream:77 - [STDOUT_REDIRECT] 1 : Invalid condition id : UX_CORESTACK_Condition cause : null
2023-11-23 14:20:02,002 [WARN] PackLoader:240 - Cannot read IP mode file for STMicroelectronics.X-CUBE-AZRTOS-WL.2.0.0
2023-11-23 14:20:02,042 [WARN] PackLoader:240 - Cannot read IP mode file for WES.I-CUBE-Cesium.1.3.0
2023-11-23 14:20:02,078 [WARN] PackLoader:240 - Cannot read IP mode file for STMicroelectronics.X-CUBE-BLE2.3.3.0
2023-11-23 14:20:02,094 [WARN] PackLoader:240 - Cannot read IP mode file for STMicroelectronics.X-CUBE-TOUCHGFX.4.21.3
2023-11-23 14:20:02,109 [WARN] PackLoader:240 - Cannot read IP mode file for STMicroelectronics.X-CUBE-TOUCHGFX.4.21.4
2023-11-23 14:20:02,131 [WARN] PackLoader:240 - Cannot read IP mode file for STMicroelectronics.X-CUBE-ALGOBUILD.1.3.0
2023-11-23 14:20:02,194 [WARN] PackLoader:240 - Cannot read IP mode file for STMicroelectronics.X-CUBE-AZRTOS-G0.1.1.0
2023-11-23 14:20:02,247 [WARN] PackLoader:240 - Cannot read IP mode file for STMicroelectronics.X-CUBE-NFC4.3.0.0
2023-11-23 14:20:02,287 [WARN] PackLoader:240 - Cannot read IP mode file for STMicroelectronics.X-CUBE-BLEMGR.3.0.0
2023-11-23 14:20:02,312 [WARN] PackLoader:240 - Cannot read IP mode file for STMicroelectronics.FP-ATR-SIGFOX1.3.2.0
2023-11-23 14:20:02,443 [WARN] PackLoader:240 - Cannot read IP mode file for STMicroelectronics.X-CUBE-MEMS1.9.5.0
2023-11-23 14:20:02,884 [WARN] PackLoader:240 - Cannot read IP mode file for SEGGER.I-CUBE-embOS.1.3.1
2023-11-23 14:20:03,047 [WARN] PackLoader:240 - Cannot read IP mode file for STMicroelectronics.X-CUBE-GNSS1.6.0.0
2023-11-23 14:20:03,136 [WARN] PackLoader:240 - Cannot read IP mode file for STMicroelectronics.X-CUBE-AZRTOS-F4.1.1.0
2023-11-23 14:20:03,202 [WARN] PackLoader:240 - Cannot read IP mode file for wolfSSL.I-CUBE-wolfSSL.5.6.3
2023-11-23 14:20:03,274 [WARN] PackLoader:240 - Cannot read IP mode file for wolfSSL.I-CUBE-wolfSSL.5.6.0
2023-11-23 14:20:03,364 [WARN] PackLoader:240 - Cannot read IP mode file for STMicroelectronics.X-CUBE-AZRTOS-L5.2.0.0
2023-11-23 14:20:03,495 [WARN] PackLoader:240 - Cannot read IP mode file for STMicroelectronics.X-CUBE-MEMS1.9.6.0
2023-11-23 14:20:03,786 [WARN] PackLoader:240 - Cannot read IP mode file for STMicroelectronics.X-CUBE-EEPRMA1.4.2.0
2023-11-23 14:20:03,803 [WARN] PackLoader:240 - Cannot read IP mode file for ITTIA_DB.I-CUBE-ITTIADB.8.8.0
2023-11-23 14:20:03,819 [WARN] PackLoader:240 - Cannot read IP mode file for emotas.I-CUBE-CANOPEN.1.1.3
2023-11-23 14:20:03,836 [WARN] PackLoader:240 - Cannot read IP mode file for STMicroelectronics.X-CUBE-BLEMGR.2.0.0
2023-11-23 14:20:03,878 [WARN] ConditionMgr:438 - getConditionDescription Invalid condition id : UX DEVICE CLASS RTOS Condition cause : null
2023-11-23 14:20:03,878 [WARN] ConditionMgr:438 - getConditionDescription Invalid condition id : UX DEVICE CLASS RTOS Condition cause : null
2023-11-23 14:20:03,885 [WARN] PackLoader:240 - Cannot read IP mode file for STMicroelectronics.X-CUBE-AZRTOS-H7.3.1.0
2023-11-23 14:20:03,891 [WARN] ConditionMgr:1039 - genDependencies : Invalid condition id : UX DEVICE CLASS RTOS Condition cause : null
2023-11-23 14:20:03,891 [WARN] ConditionMgr:1039 - genDependencies : Invalid condition id : UX DEVICE CLASS RTOS Condition cause : null
2023-11-23 14:20:03,891 [WARN] ConditionMgr:1039 - genDependencies : Invalid condition id : UX DEVICE CLASS RTOS Condition cause : null
2023-11-23 14:20:03,893 [WARN] ConditionMgr:1039 - genDependencies : Invalid condition id : UX DEVICE CLASS RTOS Condition cause : null
2023-11-23 14:20:03,893 [WARN] ConditionMgr:1039 - genDependencies : Invalid condition id : UX DEVICE CLASS RTOS Condition cause : null
2023-11-23 14:20:03,910 [WARN] PackLoader:240 - Cannot read IP mode file for STMicroelectronics.X-CUBE-NFC7.1.0.1
2023-11-23 14:20:03,926 [WARN] PackLoader:240 - Cannot read IP mode file for STMicroelectronics.X-CUBE-NFC7.1.0.0
2023-11-23 14:20:03,949 [WARN] PackLoader:240 - Cannot read IP mode file for STMicroelectronics.X-CUBE-NFC6.3.0.0
2023-11-23 14:20:03,982 [WARN] PackLoader:240 - Cannot read IP mode file for STMicroelectronics.X-CUBE-EEPRMA1.4.1.0
2023-11-23 14:20:04,008 [WARN] PackLoader:240 - Cannot read IP mode file for STMicroelectronics.X-CUBE-AI.8.1.0
2023-11-23 14:20:04,046 [WARN] ConditionMgr:438 - getConditionDescription Invalid condition id : LAN8742 Phy interface Condition cause : null
2023-11-23 14:20:04,046 [WARN] PackLoader:240 - Cannot read IP mode file for STMicroelectronics.X-CUBE-AZRTOS-L4.2.0.0
2023-11-23 14:20:04,054 [WARN] ConditionMgr:1039 - genDependencies : Invalid condition id : LAN8742 Phy interface Condition cause : null
2023-11-23 14:20:04,054 [WARN] ConditionMgr:1039 - genDependencies : Invalid condition id : LAN8742 Phy interface Condition cause : null
2023-11-23 14:20:04,058 [WARN] ConditionMgr:1039 - genDependencies : Invalid condition id : LAN8742 Phy interface Condition cause : null
2023-11-23 14:20:04,086 [WARN] PackLoader:240 - Cannot read IP mode file for STMicroelectronics.X-CUBE-SFXS2LP1.4.0.0
2023-11-23 14:20:04,111 [WARN] PackLoader:240 - Cannot read IP mode file for STMicroelectronics.X-CUBE-ISPU.1.1.0
2023-11-23 14:20:04,135 [WARN] PackLoader:240 - Cannot read IP mode file for STMicroelectronics.X-CUBE-AI.8.0.0
2023-11-23 14:20:04,176 [WARN] ConditionMgr:438 - getConditionDescription Invalid condition id : UX DEVICE CLASS RTOS Condition cause : null
2023-11-23 14:20:04,176 [WARN] ConditionMgr:438 - getConditionDescription Invalid condition id : UX DEVICE CLASS RTOS Condition cause : null
2023-11-23 14:20:04,201 [WARN] PackLoader:240 - Cannot read IP mode file for STMicroelectronics.X-CUBE-AZRTOS-WB.2.0.0
2023-11-23 14:20:04,201 [WARN] ConditionMgr:1039 - genDependencies : Invalid condition id : UX DEVICE CLASS RTOS Condition cause : null
2023-11-23 14:20:04,201 [WARN] ConditionMgr:1039 - genDependencies : Invalid condition id : UX DEVICE CLASS RTOS Condition cause : null
2023-11-23 14:20:04,202 [WARN] ConditionMgr:1039 - genDependencies : Invalid condition id : UX DEVICE CLASS RTOS Condition cause : null
2023-11-23 14:20:04,202 [WARN] ConditionMgr:1039 - genDependencies : Invalid condition id : UX DEVICE CLASS RTOS Condition cause : null
2023-11-23 14:20:04,202 [WARN] ConditionMgr:1039 - genDependencies : Invalid condition id : UX DEVICE CLASS RTOS Condition cause : null
2023-11-23 14:20:04,225 [WARN] PackLoader:240 - Cannot read IP mode file for STMicroelectronics.X-CUBE-FREERTOS.1.0.1
2023-11-23 14:20:04,281 [WARN] PackLoader:240 - Cannot read IP mode file for STMicroelectronics.X-CUBE-AZRTOS-L5.1.1.0
2023-11-23 14:20:04,298 [WARN] PackLoader:240 - Cannot read IP mode file for STMicroelectronics.X-CUBE-AI.8.0.1
2023-11-23 14:20:04,346 [WARN] PackLoader:240 - Cannot read IP mode file for STMicroelectronics.X-CUBE-SUBG2.5.0.0
2023-11-23 14:20:04,392 [WARN] PackLoader:240 - Cannot read IP mode file for STMicroelectronics.X-CUBE-TOF1.3.3.1
2023-11-23 14:20:04,447 [WARN] PackLoader:240 - Cannot read IP mode file for STMicroelectronics.X-CUBE-AZRTOS-G4.2.0.0
2023-11-23 14:20:04,491 [WARN] PackLoader:240 - Cannot read IP mode file for STMicroelectronics.X-CUBE-TOF1.3.3.0
2023-11-23 14:20:04,540 [WARN] PackLoader:240 - Cannot read IP mode file for Infineon.AIROC-Wi-Fi-Bluetooth-STM32.1.5.1
2023-11-23 14:20:04,568 [WARN] PackLoader:240 - Cannot read IP mode file for STMicroelectronics.FP-SNS-MOTENVWB1.1.3.0
2023-11-23 14:20:04,607 [WARN] PackLoader:240 - Cannot read IP mode file for STMicroelectronics.X-CUBE-AZRTOS-G4.1.0.0
2023-11-23 14:20:04,658 [WARN] PackLoader:240 - Cannot read IP mode file for STMicroelectronics.X-CUBE-AZRTOS-L4.1.0.0
2023-11-23 14:20:04,764 [WARN] PackLoader:240 - Cannot read IP mode file for STMicroelectronics.X-CUBE-MEMS1.10.0.0
2023-11-23 14:20:05,007 [WARN] PackLoader:240 - Cannot read IP mode file for STMicroelectronics.X-CUBE-FREERTOS.1.1.0
2023-11-23 14:20:05,039 [WARN] PackLoader:240 - Cannot read IP mode file for STMicroelectronics.X-CUBE-AZRTOS-WL.1.0.0
2023-11-23 14:20:05,069 [WARN] PackLoader:240 - Cannot read IP mode file for portGmbH.I-Cube-SoM-uGOAL.1.1.0
2023-11-23 14:20:05,096 [WARN] PackLoader:240 - Cannot read IP mode file for STMicroelectronics.X-CUBE-ALS.1.0.1
2023-11-23 14:20:05,145 [WARN] PackLoader:240 - Cannot read IP mode file for STMicroelectronics.X-CUBE-AZRTOS-WB.1.1.0
2023-11-23 14:20:05,181 [WARN] PackLoader:240 - Cannot read IP mode file for STMicroelectronics.FP-ATR-ASTRA1.2.0.0
2023-11-23 14:20:05,181 [INFO] ThirdParty:978 - Integrity check success = true
2023-11-23 14:20:05,181 [INFO] IntegrityCheckThread:100 - exiting critical section [integrity check]
2023-11-23 14:20:05,181 [INFO] IntegrityCheckThread:103 - End integrity checks thread
2023-11-23 14:20:09,179 [ERROR] LogOutputStream:75 - [STDERR_REDIRECT] SLF4J: Failed to load class "org.slf4j.impl.StaticLoggerBinder".
2023-11-23 14:20:09,179 [ERROR] LogOutputStream:75 - [STDERR_REDIRECT] SLF4J: Defaulting to no-operation (NOP) logger implementation
2023-11-23 14:20:09,185 [ERROR] LogOutputStream:75 - [STDERR_REDIRECT] SLF4J: See http://www.slf4j.org/codes.html#StaticLoggerBinder for further details.
