2023-10-12 13:14:06,911 [ERROR] LogOutputStream:75 - [STDERR_REDIRECT] Exception in thread "AWT-EventQueue-0" java.lang.NullPointerException: Cannot invoke "com.st.stm32cube.common.mx.targetselector.IdeMcuFinder.cleanUp(boolean)" because "this.this$0.mcuFinder" is null
2023-10-12 13:14:06,933 [ERROR] LogOutputStream:75 - [STDERR_REDIRECT] 	at com.st.stm32cube.common.mx.targetselector.TargetSelectorAdapter$7.run(TargetSelectorAdapter.java:353)
2023-10-12 13:14:06,934 [ERROR] LogOutputStream:75 - [STDERR_REDIRECT] 	at com.st.stm32cube.common.mx.oss.core.awtswtbridge.AwtEnvironment$2.run(AwtEnvironment.java:166)
2023-10-12 13:14:06,935 [ERROR] LogOutputStream:75 - [STDERR_REDIRECT] 	at java.desktop/java.awt.event.InvocationEvent.dispatch(InvocationEvent.java:318)
2023-10-12 13:14:06,935 [ERROR] LogOutputStream:75 - [STDERR_REDIRECT] 	at java.desktop/java.awt.EventQueue.dispatchEventImpl(EventQueue.java:771)
2023-10-12 13:14:06,936 [ERROR] LogOutputStream:75 - [STDERR_REDIRECT] 	at java.desktop/java.awt.EventQueue$4.run(EventQueue.java:722)
2023-10-12 13:14:06,937 [ERROR] LogOutputStream:75 - [STDERR_REDIRECT] 	at java.desktop/java.awt.EventQueue$4.run(EventQueue.java:716)
2023-10-12 13:14:06,937 [ERROR] LogOutputStream:75 - [STDERR_REDIRECT] 	at java.base/java.security.AccessController.doPrivileged(AccessController.java:399)
2023-10-12 13:14:06,938 [ERROR] LogOutputStream:75 - [STDERR_REDIRECT] 	at java.base/java.security.ProtectionDomain$JavaSecurityAccessImpl.doIntersectionPrivilege(ProtectionDomain.java:86)
2023-10-12 13:14:06,939 [ERROR] LogOutputStream:75 - [STDERR_REDIRECT] 	at java.desktop/java.awt.EventQueue.dispatchEvent(EventQueue.java:741)
2023-10-12 13:14:06,940 [ERROR] LogOutputStream:75 - [STDERR_REDIRECT] 	at java.desktop/java.awt.EventDispatchThread.pumpOneEventForFilters(EventDispatchThread.java:203)
2023-10-12 13:14:06,941 [ERROR] LogOutputStream:75 - [STDERR_REDIRECT] 	at java.desktop/java.awt.EventDispatchThread.pumpEventsForFilter(EventDispatchThread.java:124)
2023-10-12 13:14:06,942 [ERROR] LogOutputStream:75 - [STDERR_REDIRECT] 	at java.desktop/java.awt.EventDispatchThread.pumpEventsForHierarchy(EventDispatchThread.java:113)
2023-10-12 13:14:06,943 [ERROR] LogOutputStream:75 - [STDERR_REDIRECT] 	at java.desktop/java.awt.EventDispatchThread.pumpEvents(EventDispatchThread.java:109)
2023-10-12 13:14:06,944 [ERROR] LogOutputStream:75 - [STDERR_REDIRECT] 	at java.desktop/java.awt.EventDispatchThread.pumpEvents(EventDispatchThread.java:101)
2023-10-12 13:14:06,944 [ERROR] LogOutputStream:75 - [STDERR_REDIRECT] 	at java.desktop/java.awt.EventDispatchThread.run(EventDispatchThread.java:90)
2023-10-12 14:24:48,607 [ERROR] AdobePublisher:162 - Exception while opening the connection: java.net.SocketTimeoutException: Read timed out
2023-10-12 15:02:00,347 [ERROR] AdobePublisher:162 - Exception while opening the connection: java.net.SocketTimeoutException: Connect timed out
2023-10-12 22:45:30,421 [INFO] Activator:176 - 


2023-10-12 22:45:30,424 [INFO] Activator:177 - !SESSION log4j initialized
2023-10-12 22:45:40,223 [INFO] LogOutputStream:77 - [STDOUT_REDIRECT] 
2023-10-12 22:45:48,416 [INFO] ApplicationProperties:184 - Using Application install path: C:\ST\STM32CubeIDE_1.13.1\STM32CubeIDE\plugins\com.st.stm32cube.common.mx_6.9.1.202307191849
2023-10-12 22:45:48,527 [INFO] DbMcusXml:78 - Set database path to: C:\ST\STM32CubeIDE_1.13.1\STM32CubeIDE\plugins\com.st.stm32cube.common.mx_6.9.1.202307191849\\db\/mcu/
2023-10-12 22:45:48,528 [INFO] ApiDb:274 - Set plugin database path to: C:\ST\STM32CubeIDE_1.13.1\STM32CubeIDE\plugins\com.st.stm32cube.common.mx_6.9.1.202307191849\\db\/plugins/boardmanager/
2023-10-12 22:45:48,528 [WARN] ApiDb:259 - Overriding images path with different value:  => C:\ST\STM32CubeIDE_1.13.1\STM32CubeIDE\plugins\com.st.stm32cube.common.mx_6.9.1.202307191849\\db\/plugins/mcufinder/images/
2023-10-12 22:45:48,624 [INFO] ApiDb:250 - Set database path to: C:\Users\Bhargav-4836\.stmcufinder\plugins\mcufinder//mcu/
2023-10-12 22:45:48,627 [INFO] DbMcusAds:125 - Set database path to: C:\Users\Bhargav-4836\.stmcufinder\plugins\mcufinder//mcu/
2023-10-12 22:45:48,630 [INFO] CrossReferenceDbSqlite:203 - Set database path to: C:\Users\Bhargav-4836\.stmcufinder\plugins\mcufinder//mcu/cs/
2023-10-12 22:45:49,489 [INFO] RulesReader:64 - Compatibility file has been processed (293 Rules)
2023-10-12 22:45:49,802 [INFO] DbMcusXml:78 - Set database path to: C:\ST\STM32CubeIDE_1.13.1\STM32CubeIDE\plugins\com.st.stm32cube.common.mx_6.9.1.202307191849\\db\/mcu/
2023-10-12 22:45:49,802 [INFO] ApiDb:274 - Set plugin database path to: C:\ST\STM32CubeIDE_1.13.1\STM32CubeIDE\plugins\com.st.stm32cube.common.mx_6.9.1.202307191849\\db\/plugins/boardmanager/
2023-10-12 22:45:49,802 [INFO] ApiDb:261 - Set plugin images path to: C:\ST\STM32CubeIDE_1.13.1\STM32CubeIDE\plugins\com.st.stm32cube.common.mx_6.9.1.202307191849\\db\/plugins/mcufinder/images/
2023-10-12 22:45:49,802 [WARN] DbFile:41 - Overriding database path with different value: C:\Users\Bhargav-4836\.stmcufinder\plugins\mcufinder/ => C:\Users\Bhargav-4836\.stmcufinder\plugins\mcufinder
2023-10-12 22:45:49,803 [INFO] ApiDb:250 - Set database path to: C:\Users\Bhargav-4836\.stmcufinder\plugins\mcufinder//mcu/
2023-10-12 22:45:49,803 [WARN] DbFile:41 - Overriding database path with different value: C:\Users\Bhargav-4836\.stmcufinder\plugins\mcufinder/ => C:\Users\Bhargav-4836\.stmcufinder\plugins\mcufinder
2023-10-12 22:45:49,803 [INFO] DbMcusAds:125 - Set database path to: C:\Users\Bhargav-4836\.stmcufinder\plugins\mcufinder//mcu/
2023-10-12 22:45:49,803 [WARN] DbFile:41 - Overriding database path with different value: C:\Users\Bhargav-4836\.stmcufinder\plugins\mcufinder/ => C:\Users\Bhargav-4836\.stmcufinder\plugins\mcufinder
2023-10-12 22:45:49,803 [WARN] DbFile:41 - Overriding database path with different value: C:\Users\Bhargav-4836\.stmcufinder\plugins\mcufinder/ => C:\Users\Bhargav-4836\.stmcufinder\plugins\mcufinder
2023-10-12 22:45:49,803 [INFO] CrossReferenceDbSqlite:203 - Set database path to: C:\Users\Bhargav-4836\.stmcufinder\plugins\mcufinder//mcu/cs/
2023-10-12 22:45:50,172 [INFO] MainPanel:262 - HeapMemory: 268435456
2023-10-12 22:45:50,424 [INFO] DbMcusXml:78 - Set database path to: C:\ST\STM32CubeIDE_1.13.1\STM32CubeIDE\plugins\com.st.stm32cube.common.mx_6.9.1.202307191849\\db\/mcu/
2023-10-12 22:45:50,424 [INFO] ApiDb:274 - Set plugin database path to: C:\ST\STM32CubeIDE_1.13.1\STM32CubeIDE\plugins\com.st.stm32cube.common.mx_6.9.1.202307191849\\db\/plugins/boardmanager/
2023-10-12 22:45:50,424 [INFO] ApiDb:261 - Set plugin images path to: C:\ST\STM32CubeIDE_1.13.1\STM32CubeIDE\plugins\com.st.stm32cube.common.mx_6.9.1.202307191849\\db\/plugins/mcufinder/images/
2023-10-12 22:45:50,425 [WARN] DbFile:41 - Overriding database path with different value: C:\Users\Bhargav-4836\.stmcufinder\plugins\mcufinder/ => C:\Users\Bhargav-4836\.stmcufinder\plugins\mcufinder
2023-10-12 22:45:50,425 [INFO] ApiDb:250 - Set database path to: C:\Users\Bhargav-4836\.stmcufinder\plugins\mcufinder//mcu/
2023-10-12 22:45:50,425 [WARN] DbFile:41 - Overriding database path with different value: C:\Users\Bhargav-4836\.stmcufinder\plugins\mcufinder/ => C:\Users\Bhargav-4836\.stmcufinder\plugins\mcufinder
2023-10-12 22:45:50,425 [INFO] DbMcusAds:125 - Set database path to: C:\Users\Bhargav-4836\.stmcufinder\plugins\mcufinder//mcu/
2023-10-12 22:45:50,425 [WARN] DbFile:41 - Overriding database path with different value: C:\Users\Bhargav-4836\.stmcufinder\plugins\mcufinder/ => C:\Users\Bhargav-4836\.stmcufinder\plugins\mcufinder
2023-10-12 22:45:50,425 [WARN] DbFile:41 - Overriding database path with different value: C:\Users\Bhargav-4836\.stmcufinder\plugins\mcufinder/ => C:\Users\Bhargav-4836\.stmcufinder\plugins\mcufinder
2023-10-12 22:45:50,425 [INFO] CrossReferenceDbSqlite:203 - Set database path to: C:\Users\Bhargav-4836\.stmcufinder\plugins\mcufinder//mcu/cs/
2023-10-12 22:45:50,452 [INFO] ApplicationProperties:184 - Using Application install path: C:\ST\STM32CubeIDE_1.13.1\STM32CubeIDE\plugins\com.st.stm32cube.common.mx_6.9.1.202307191849
2023-10-12 22:45:50,457 [INFO] PluginManage:196 - Search for loadable plugins [exclusion list=, ]
2023-10-12 22:45:50,459 [INFO] PluginManage:310 - Check plugin analytics
2023-10-12 22:45:51,178 [INFO] AnalyticsPlugin:253 - Accepted Software Licenses: 
2023-10-12 22:45:51,179 [INFO] AnalyticsPlugin:255 - Accepted CMSIS Pack Licenses: 
2023-10-12 22:45:51,179 [INFO] AnalyticsPlugin:257 - Accepted Firmware Licenses: FW.F4.1.27.0,FW.F7.1.17.0,FW.WL.1.3.0,FW.H7.1.11.0
2023-10-12 22:45:51,188 [INFO] PluginManage:359 - Loaded plugin analytics (category:tool,tabindex:-1)
2023-10-12 22:45:51,189 [INFO] PluginManage:310 - Check plugin cadmodel
2023-10-12 22:45:51,246 [INFO] CADModel:105 - Init CAD model plugin
2023-10-12 22:45:51,247 [INFO] PluginManage:359 - Loaded plugin cadmodel (category:power,tabindex:5)
2023-10-12 22:45:51,249 [INFO] PluginManage:310 - Check plugin clock
2023-10-12 22:45:51,263 [INFO] PluginManage:359 - Loaded plugin clock (category:base,tabindex:2)
2023-10-12 22:45:51,263 [INFO] PluginManage:310 - Check plugin ddr
2023-10-12 22:45:51,266 [INFO] PluginManage:359 - Loaded plugin ddr (category:tool,tabindex:6)
2023-10-12 22:45:51,266 [INFO] PluginManage:310 - Check plugin filemanager
2023-10-12 22:45:51,602 [INFO] PluginManage:359 - Loaded plugin filemanager (category:base,tabindex:10)
2023-10-12 22:45:51,602 [INFO] PluginManage:310 - Check plugin ipmanager
2023-10-12 22:45:51,651 [INFO] PluginManage:359 - Loaded plugin ipmanager (category:base,tabindex:5)
2023-10-12 22:45:51,651 [INFO] PluginManage:310 - Check plugin lpbam
2023-10-12 22:45:51,732 [INFO] PluginManage:359 - Loaded plugin lpbam (category:base,tabindex:0)
2023-10-12 22:45:51,733 [INFO] PluginManage:310 - Check plugin memorymap
2023-10-12 22:45:51,753 [INFO] PluginManage:359 - Loaded plugin memorymap (category:base,tabindex:4)
2023-10-12 22:45:51,754 [INFO] PluginManage:310 - Check plugin pinoutandconfiguration
2023-10-12 22:45:51,763 [INFO] PluginManage:359 - Loaded plugin pinoutandconfiguration (category:base,tabindex:1)
2023-10-12 22:45:51,764 [INFO] PluginManage:310 - Check plugin pinoutconfig
2023-10-12 22:45:52,018 [WARN] SupportedApi:132 - Cannot load RTOS API schema: s4s-elt-must-match.1: The content of 'definitions' must match (annotation?, (simpleType | complexType)?, (unique | key | keyref)*)). A problem was found starting at: attribute.
2023-10-12 22:45:52,316 [INFO] PluginManage:359 - Loaded plugin pinoutconfig (category:base,tabindex:0)
2023-10-12 22:45:52,316 [INFO] PluginManage:310 - Check plugin power
2023-10-12 22:45:52,381 [INFO] PluginManage:359 - Loaded plugin power (category:power,tabindex:4)
2023-10-12 22:45:52,382 [INFO] PluginManage:310 - Check plugin projectmanager
2023-10-12 22:45:52,412 [INFO] PluginManage:359 - Loaded plugin projectmanager (category:projectmanager,tabindex:3)
2023-10-12 22:45:52,412 [INFO] PluginManage:310 - Check plugin thirdparty
2023-10-12 22:45:52,920 [INFO] PluginManage:359 - Loaded plugin thirdparty (category:base,tabindex:-1)
2023-10-12 22:45:52,920 [INFO] PluginManage:310 - Check plugin tools
2023-10-12 22:45:52,923 [INFO] PluginManage:359 - Loaded plugin tools (category:base,tabindex:7)
2023-10-12 22:45:52,923 [INFO] PluginManage:310 - Check plugin tutovideos
2023-10-12 22:45:52,929 [WARN] IntegrityCheckThread:84 - waiting for thirdparty lock release [integrity check]
2023-10-12 22:45:52,929 [INFO] IntegrityCheckThread:86 - entering critical section [integrity check]
2023-10-12 22:45:52,930 [INFO] ThirdPartyUpdaterWithRetryManager:70 - Updater plugin not ready yet. [1/15]
2023-10-12 22:45:53,233 [INFO] PluginManage:359 - Loaded plugin tutovideos (category:base,tabindex:-1)
2023-10-12 22:45:53,233 [INFO] PluginManage:310 - Check plugin updater
2023-10-12 22:45:53,255 [INFO] PluginManage:359 - Loaded plugin updater (category:base,tabindex:12)
2023-10-12 22:45:53,255 [INFO] PluginManage:310 - Check plugin userauth
2023-10-12 22:45:53,262 [INFO] UserAuth:113 - Init User Auth plugin
2023-10-12 22:45:53,262 [INFO] PluginManage:359 - Loaded plugin userauth (category:base,tabindex:14)
2023-10-12 22:45:53,263 [INFO] PluginManage:283 - PluginManage : Loaded plugins [17]
2023-10-12 22:45:54,191 [INFO] PinOutPanel:1499 - setPackage(No Configuration,No Configuration)
2023-10-12 22:45:54,373 [INFO] CADModel:165 - CPN selected for project level
2023-10-12 22:45:54,373 [INFO] CADModel:114 - Register for checkConnection events
2023-10-12 22:45:54,399 [INFO] IPUIPlugin:80 - create IPUIPlugin
2023-10-12 22:45:54,399 [INFO] PluginManager:220 - loadIPPluginJar : add adc
2023-10-12 22:45:54,403 [INFO] IPUIPlugin:80 - create IPUIPlugin
2023-10-12 22:45:54,403 [INFO] PluginManager:220 - loadIPPluginJar : add aes
2023-10-12 22:45:54,407 [INFO] IPUIPlugin:80 - create IPUIPlugin
2023-10-12 22:45:54,408 [INFO] PluginManager:220 - loadIPPluginJar : add can
2023-10-12 22:45:54,410 [INFO] IPUIPlugin:80 - create IPUIPlugin
2023-10-12 22:45:54,410 [INFO] PluginManager:220 - loadIPPluginJar : add comp
2023-10-12 22:45:54,414 [INFO] IPUIPlugin:80 - create IPUIPlugin
2023-10-12 22:45:54,414 [INFO] PluginManager:220 - loadIPPluginJar : add cryp
2023-10-12 22:45:54,417 [INFO] IPUIPlugin:80 - create IPUIPlugin
2023-10-12 22:45:54,418 [INFO] PluginManager:220 - loadIPPluginJar : add dfsdm
2023-10-12 22:45:54,425 [INFO] IPUIPlugin:80 - create IPUIPlugin
2023-10-12 22:45:54,426 [INFO] PluginManager:220 - loadIPPluginJar : add dma
2023-10-12 22:45:54,431 [INFO] IPUIPlugin:80 - create IPUIPlugin
2023-10-12 22:45:54,431 [INFO] PluginManager:220 - loadIPPluginJar : add dma3
2023-10-12 22:45:54,433 [INFO] IPUIPlugin:80 - create IPUIPlugin
2023-10-12 22:45:54,433 [INFO] PluginManager:220 - loadIPPluginJar : add fatfs
2023-10-12 22:45:54,442 [INFO] IPUIPlugin:80 - create IPUIPlugin
2023-10-12 22:45:54,443 [INFO] PluginManager:220 - loadIPPluginJar : add fmc
2023-10-12 22:45:54,452 [INFO] IPUIPlugin:80 - create IPUIPlugin
2023-10-12 22:45:54,453 [INFO] PluginManager:220 - loadIPPluginJar : add freertos
2023-10-12 22:45:54,454 [INFO] IPUIPlugin:80 - create IPUIPlugin
2023-10-12 22:45:54,455 [INFO] PluginManager:220 - loadIPPluginJar : add genericplugin
2023-10-12 22:45:54,458 [INFO] IPUIPlugin:80 - create IPUIPlugin
2023-10-12 22:45:54,458 [INFO] PluginManager:220 - loadIPPluginJar : add gfxmmu
2023-10-12 22:45:54,793 [INFO] IPUIPlugin:80 - create IPUIPlugin
2023-10-12 22:45:54,794 [INFO] PluginManager:220 - loadIPPluginJar : add gic
2023-10-12 22:45:54,806 [INFO] IPUIPlugin:80 - create IPUIPlugin
2023-10-12 22:45:54,806 [INFO] PluginManager:220 - loadIPPluginJar : add gpio
2023-10-12 22:45:54,943 [INFO] IPUIPlugin:80 - create IPUIPlugin
2023-10-12 22:45:54,943 [INFO] PluginManager:220 - loadIPPluginJar : add gtzc
2023-10-12 22:45:54,985 [INFO] IPUIPlugin:80 - create IPUIPlugin
2023-10-12 22:45:54,985 [INFO] PluginManager:220 - loadIPPluginJar : add hash
2023-10-12 22:45:55,040 [INFO] IPUIPlugin:80 - create IPUIPlugin
2023-10-12 22:45:55,040 [INFO] PluginManager:220 - loadIPPluginJar : add i2c
2023-10-12 22:45:55,081 [INFO] IPUIPlugin:80 - create IPUIPlugin
2023-10-12 22:45:55,081 [INFO] PluginManager:220 - loadIPPluginJar : add i2s
2023-10-12 22:45:55,130 [INFO] IPUIPlugin:80 - create IPUIPlugin
2023-10-12 22:45:55,130 [INFO] PluginManager:220 - loadIPPluginJar : add i3c
2023-10-12 22:45:55,253 [INFO] IPUIPlugin:80 - create IPUIPlugin
2023-10-12 22:45:55,253 [INFO] PluginManager:220 - loadIPPluginJar : add ipddr
2023-10-12 22:45:55,357 [INFO] IPUIPlugin:80 - create IPUIPlugin
2023-10-12 22:45:55,357 [INFO] PluginManager:220 - loadIPPluginJar : add linkedlist
2023-10-12 22:45:55,391 [INFO] IPUIPlugin:80 - create IPUIPlugin
2023-10-12 22:45:55,391 [INFO] PluginManager:220 - loadIPPluginJar : add lorawan
2023-10-12 22:45:55,430 [INFO] IPUIPlugin:80 - create IPUIPlugin
2023-10-12 22:45:55,430 [INFO] PluginManager:220 - loadIPPluginJar : add ltdc
2023-10-12 22:45:55,448 [INFO] IPUIPlugin:80 - create IPUIPlugin
2023-10-12 22:45:55,450 [INFO] PluginManager:220 - loadIPPluginJar : add mdma
2023-10-12 22:45:55,463 [INFO] IPUIPlugin:80 - create IPUIPlugin
2023-10-12 22:45:55,463 [INFO] PluginManager:220 - loadIPPluginJar : add nvic
2023-10-12 22:45:55,508 [INFO] IPUIPlugin:80 - create IPUIPlugin
2023-10-12 22:45:55,508 [INFO] PluginManager:220 - loadIPPluginJar : add opamp
2023-10-12 22:45:55,571 [INFO] IPUIPlugin:80 - create IPUIPlugin
2023-10-12 22:45:55,571 [INFO] PluginManager:220 - loadIPPluginJar : add openamp
2023-10-12 22:45:55,620 [INFO] IPUIPlugin:80 - create IPUIPlugin
2023-10-12 22:45:55,620 [INFO] PluginManager:220 - loadIPPluginJar : add pdm2pcm
2023-10-12 22:45:55,637 [INFO] IPUIPlugin:80 - create IPUIPlugin
2023-10-12 22:45:55,640 [INFO] PluginManager:220 - loadIPPluginJar : add plateformsettings
2023-10-12 22:45:55,662 [INFO] IPUIPlugin:80 - create IPUIPlugin
2023-10-12 22:45:55,663 [INFO] PluginManager:220 - loadIPPluginJar : add quadspi
2023-10-12 22:45:55,679 [INFO] IPUIPlugin:80 - create IPUIPlugin
2023-10-12 22:45:55,679 [INFO] PluginManager:220 - loadIPPluginJar : add resmgrutility
2023-10-12 22:45:55,748 [INFO] IPUIPlugin:80 - create IPUIPlugin
2023-10-12 22:45:55,748 [INFO] PluginManager:220 - loadIPPluginJar : add sai
2023-10-12 22:45:55,795 [INFO] IPUIPlugin:80 - create IPUIPlugin
2023-10-12 22:45:55,795 [INFO] PluginManager:220 - loadIPPluginJar : add spi
2023-10-12 22:45:55,935 [INFO] IPUIPlugin:80 - create IPUIPlugin
2023-10-12 22:45:55,935 [INFO] PluginManager:220 - loadIPPluginJar : add stm32_wpan
2023-10-12 22:45:55,941 [INFO] ThirdPartyUpdaterWithRetryManager:70 - Updater plugin not ready yet. [2/15]
2023-10-12 22:45:55,953 [INFO] IPUIPlugin:80 - create IPUIPlugin
2023-10-12 22:45:55,953 [INFO] PluginManager:220 - loadIPPluginJar : add tim
2023-10-12 22:45:56,048 [INFO] IPUIPlugin:80 - create IPUIPlugin
2023-10-12 22:45:56,048 [INFO] PluginManager:220 - loadIPPluginJar : add touchsensing
2023-10-12 22:45:56,389 [INFO] IPUIPlugin:80 - create IPUIPlugin
2023-10-12 22:45:56,389 [INFO] PluginManager:220 - loadIPPluginJar : add tracer_emb
2023-10-12 22:45:56,463 [INFO] IPUIPlugin:80 - create IPUIPlugin
2023-10-12 22:45:56,463 [INFO] PluginManager:220 - loadIPPluginJar : add ts
2023-10-12 22:45:56,585 [INFO] IPUIPlugin:80 - create IPUIPlugin
2023-10-12 22:45:56,585 [INFO] PluginManager:220 - loadIPPluginJar : add tsc
2023-10-12 22:45:56,622 [INFO] IPUIPlugin:80 - create IPUIPlugin
2023-10-12 22:45:56,622 [INFO] PluginManager:220 - loadIPPluginJar : add ucpd
2023-10-12 22:45:56,687 [INFO] IPUIPlugin:80 - create IPUIPlugin
2023-10-12 22:45:56,688 [INFO] PluginManager:220 - loadIPPluginJar : add usart
2023-10-12 22:45:56,745 [INFO] IPUIPlugin:80 - create IPUIPlugin
2023-10-12 22:45:56,745 [INFO] PluginManager:220 - loadIPPluginJar : add usbx
2023-10-12 22:45:56,915 [INFO] CADModel:165 - CPN selected for project level
2023-10-12 22:45:56,915 [INFO] CADModel:114 - Register for checkConnection events
2023-10-12 22:45:56,916 [FATAL] Updater:308 - Updater called before beeing initialized
2023-10-12 22:45:56,916 [ERROR] CADModel:125 - Updater not yet initialized, retry later 
2023-10-12 22:45:57,087 [INFO] CADModel:165 - CPN selected for project level
2023-10-12 22:45:57,088 [INFO] CADModel:114 - Register for checkConnection events
2023-10-12 22:45:57,088 [FATAL] Updater:308 - Updater called before beeing initialized
2023-10-12 22:45:57,088 [ERROR] CADModel:125 - Updater not yet initialized, retry later 
2023-10-12 22:45:57,093 [FATAL] Updater:308 - Updater called before beeing initialized
2023-10-12 22:45:57,248 [FATAL] Updater:308 - Updater called before beeing initialized
2023-10-12 22:45:57,308 [INFO] DbMcusAds:53 - JSON generation date=Tue Mar 07 14:20:55 IST 2023 (1678179055114)
2023-10-12 22:45:57,308 [FATAL] Updater:308 - Updater called before beeing initialized
2023-10-12 22:45:57,364 [WARN] DetailPanel:346 - Failed to get advertising image, set to default
2023-10-12 22:45:57,526 [FATAL] Updater:308 - Updater called before beeing initialized
2023-10-12 22:45:57,529 [FATAL] Updater:308 - Updater called before beeing initialized
2023-10-12 22:45:57,529 [FATAL] Updater:308 - Updater called before beeing initialized
2023-10-12 22:45:57,530 [WARN] DetailPanel:346 - Failed to get advertising image, set to default
2023-10-12 22:45:57,531 [FATAL] Updater:308 - Updater called before beeing initialized
2023-10-12 22:45:57,693 [ERROR] Updater:1120 - MainUpdater not yet initialized. External WinMGr cannot be set.
2023-10-12 22:45:57,708 [INFO] Updater:1056 - Updater Version found : 6.9.1
2023-10-12 22:45:57,736 [INFO] ApplicationProperties:184 - Using Application install path: C:\ST\STM32CubeIDE_1.13.1\STM32CubeIDE\plugins\com.st.stm32cube.common.mx_6.9.1.202307191849
2023-10-12 22:45:58,252 [INFO] MainUpdater:2868 - connection check result : 10
2023-10-12 22:45:58,253 [INFO] MainUpdater:285 - Updater Check For Update Now.
2023-10-12 22:45:58,253 [INFO] MicroXplorer:498 - Change Database Version : DB.6.0.91
2023-10-12 22:45:58,288 [INFO] McuFinderGlobals:63 - Set McuFinder mode to 2 (CubeIDE integrated)
2023-10-12 22:45:58,511 [INFO] CheckServerUpdateThread:120 - End of CheckServer Thread
2023-10-12 22:45:59,349 [WARN] PackLoader:240 - Cannot read IP mode file for STMicroelectronics.X-CUBE-SMBUS.2.1.0
2023-10-12 22:45:59,413 [WARN] PackLoader:240 - Cannot read IP mode file for STMicroelectronics.X-CUBE-AZRTOS-F7.1.1.0
2023-10-12 22:45:59,437 [ERROR] RealEvaluatedCondition:428 - Found unsupported composite condition: CLASS='Data Exchange' GROUP='STM32_MetaDataManager'
2023-10-12 22:45:59,437 [ERROR] RealEvaluatedCondition:428 - Found unsupported composite condition: GROUP='STM32_MetaDataManager' CLASS='Data Exchange'
2023-10-12 22:45:59,439 [WARN] PackLoader:240 - Cannot read IP mode file for STMicroelectronics.FP-SNS-MOTENV1.4.3.0
2023-10-12 22:45:59,468 [WARN] PackLoader:240 - Cannot read IP mode file for STMicroelectronics.FP-SNS-MOTENV1.4.3.2
2023-10-12 22:45:59,486 [WARN] PackLoader:240 - Cannot read IP mode file for STMicroelectronics.FP-SNS-FLIGHT1.5.0.0
2023-10-12 22:45:59,502 [ERROR] RealEvaluatedCondition:428 - Found unsupported composite condition: GROUP='STM32_MetaDataManager' CLASS='Data Exchange'
2023-10-12 22:45:59,502 [ERROR] RealEvaluatedCondition:428 - Found unsupported composite condition: GROUP='STM32_MetaDataManager' CLASS='Data Exchange'
2023-10-12 22:45:59,504 [WARN] PackLoader:240 - Cannot read IP mode file for STMicroelectronics.FP-SNS-MOTENV1.4.3.1
2023-10-12 22:45:59,522 [WARN] PackLoader:240 - Cannot read IP mode file for STMicroelectronics.FP-SNS-FLIGHT1.5.0.1
2023-10-12 22:45:59,540 [WARN] PackLoader:240 - Cannot read IP mode file for STMicroelectronics.X-CUBE-BLE1.6.2.4
2023-10-12 22:45:59,571 [WARN] PackLoader:240 - Cannot read IP mode file for STMicroelectronics.FP-SNS-FLIGHT1.5.0.2
2023-10-12 22:45:59,603 [WARN] PackLoader:240 - Cannot read IP mode file for STMicroelectronics.X-CUBE-DISPLAY.3.0.0
2023-10-12 22:45:59,625 [WARN] PackLoader:240 - Cannot read IP mode file for STMicroelectronics.X-CUBE-BLE1.7.0.0
2023-10-12 22:45:59,645 [WARN] PackLoader:240 - Cannot read IP mode file for emotas.I-CUBE-CANOPEN.1.3.0
2023-10-12 22:45:59,664 [WARN] PackLoader:240 - Cannot read IP mode file for STMicroelectronics.X-CUBE-TOUCHGFX.4.22.0
2023-10-12 22:45:59,679 [WARN] PackLoader:240 - Cannot read IP mode file for STMicroelectronics.X-CUBE-TOUCHGFX.4.22.1
2023-10-12 22:45:59,694 [WARN] PackLoader:240 - Cannot read IP mode file for STMicroelectronics.FP-SNS-SMARTAG2.1.2.0
2023-10-12 22:45:59,721 [INFO] LogOutputStream:77 - [STDOUT_REDIRECT] 1 : Invalid condition id : UX_CORESTACK_Condition cause : null
2023-10-12 22:45:59,722 [INFO] LogOutputStream:77 - [STDOUT_REDIRECT] 1 : Invalid condition id : UX_CORESTACK_Condition cause : null
2023-10-12 22:45:59,723 [INFO] LogOutputStream:77 - [STDOUT_REDIRECT] 1 : Invalid condition id : UX_CORESTACK_Condition cause : null
2023-10-12 22:45:59,728 [INFO] LogOutputStream:77 - [STDOUT_REDIRECT] 1 : Invalid condition id : UX_CORESTACK_Condition cause : null
2023-10-12 22:45:59,730 [INFO] LogOutputStream:77 - [STDOUT_REDIRECT] 1 : Invalid condition id : UX_CORESTACK_Condition cause : null
2023-10-12 22:45:59,734 [WARN] PackLoader:240 - Cannot read IP mode file for STMicroelectronics.X-CUBE-AZRTOS-WL.2.0.0
2023-10-12 22:45:59,756 [WARN] PackLoader:240 - Cannot read IP mode file for WES.I-CUBE-Cesium.1.3.0
2023-10-12 22:45:59,774 [WARN] PackLoader:240 - Cannot read IP mode file for STMicroelectronics.X-CUBE-BLE2.3.3.0
2023-10-12 22:45:59,790 [WARN] PackLoader:240 - Cannot read IP mode file for STMicroelectronics.X-CUBE-TOUCHGFX.4.21.3
2023-10-12 22:45:59,805 [WARN] PackLoader:240 - Cannot read IP mode file for STMicroelectronics.X-CUBE-TOUCHGFX.4.21.4
2023-10-12 22:45:59,821 [WARN] PackLoader:240 - Cannot read IP mode file for STMicroelectronics.X-CUBE-ALGOBUILD.1.3.0
2023-10-12 22:45:59,858 [WARN] PackLoader:240 - Cannot read IP mode file for STMicroelectronics.X-CUBE-AZRTOS-G0.1.1.0
2023-10-12 22:45:59,878 [WARN] PackLoader:240 - Cannot read IP mode file for STMicroelectronics.X-CUBE-NFC4.3.0.0
2023-10-12 22:45:59,895 [WARN] PackLoader:240 - Cannot read IP mode file for STMicroelectronics.FP-ATR-SIGFOX1.3.2.0
2023-10-12 22:45:59,966 [WARN] PackLoader:240 - Cannot read IP mode file for STMicroelectronics.X-CUBE-MEMS1.9.5.0
2023-10-12 22:46:00,249 [WARN] PackLoader:240 - Cannot read IP mode file for SEGGER.I-CUBE-embOS.1.3.1
2023-10-12 22:46:00,354 [WARN] PackLoader:240 - Cannot read IP mode file for STMicroelectronics.X-CUBE-GNSS1.6.0.0
2023-10-12 22:46:00,402 [WARN] PackLoader:240 - Cannot read IP mode file for STMicroelectronics.X-CUBE-AZRTOS-F4.1.1.0
2023-10-12 22:46:00,431 [WARN] PackLoader:240 - Cannot read IP mode file for wolfSSL.I-CUBE-wolfSSL.5.6.3
2023-10-12 22:46:00,446 [WARN] PackLoader:240 - Cannot read IP mode file for wolfSSL.I-CUBE-wolfSSL.5.6.0
2023-10-12 22:46:00,490 [WARN] PackLoader:240 - Cannot read IP mode file for STMicroelectronics.X-CUBE-AZRTOS-L5.2.0.0
2023-10-12 22:46:00,572 [WARN] PackLoader:240 - Cannot read IP mode file for STMicroelectronics.X-CUBE-MEMS1.9.6.0
2023-10-12 22:46:00,772 [WARN] PackLoader:240 - Cannot read IP mode file for ITTIA_DB.I-CUBE-ITTIADB.8.8.0
2023-10-12 22:46:00,791 [WARN] PackLoader:240 - Cannot read IP mode file for emotas.I-CUBE-CANOPEN.1.1.3
2023-10-12 22:46:00,813 [WARN] PackLoader:240 - Cannot read IP mode file for STMicroelectronics.X-CUBE-BLEMGR.2.0.0
2023-10-12 22:46:00,856 [WARN] ConditionMgr:438 - getConditionDescription Invalid condition id : UX DEVICE CLASS RTOS Condition cause : null
2023-10-12 22:46:00,856 [WARN] ConditionMgr:438 - getConditionDescription Invalid condition id : UX DEVICE CLASS RTOS Condition cause : null
2023-10-12 22:46:00,861 [WARN] PackLoader:240 - Cannot read IP mode file for STMicroelectronics.X-CUBE-AZRTOS-H7.3.1.0
2023-10-12 22:46:00,862 [WARN] ConditionMgr:1039 - genDependencies : Invalid condition id : UX DEVICE CLASS RTOS Condition cause : null
2023-10-12 22:46:00,862 [WARN] ConditionMgr:1039 - genDependencies : Invalid condition id : UX DEVICE CLASS RTOS Condition cause : null
2023-10-12 22:46:00,863 [WARN] ConditionMgr:1039 - genDependencies : Invalid condition id : UX DEVICE CLASS RTOS Condition cause : null
2023-10-12 22:46:00,864 [WARN] ConditionMgr:1039 - genDependencies : Invalid condition id : UX DEVICE CLASS RTOS Condition cause : null
2023-10-12 22:46:00,864 [WARN] ConditionMgr:1039 - genDependencies : Invalid condition id : UX DEVICE CLASS RTOS Condition cause : null
2023-10-12 22:46:00,891 [WARN] PackLoader:240 - Cannot read IP mode file for STMicroelectronics.X-CUBE-NFC7.1.0.1
2023-10-12 22:46:00,907 [WARN] PackLoader:240 - Cannot read IP mode file for STMicroelectronics.X-CUBE-NFC7.1.0.0
2023-10-12 22:46:00,926 [WARN] PackLoader:240 - Cannot read IP mode file for STMicroelectronics.X-CUBE-NFC6.3.0.0
2023-10-12 22:46:00,945 [WARN] PackLoader:240 - Cannot read IP mode file for STMicroelectronics.X-CUBE-EEPRMA1.4.1.0
2023-10-12 22:46:00,962 [WARN] PackLoader:240 - Cannot read IP mode file for STMicroelectronics.X-CUBE-AI.8.1.0
2023-10-12 22:46:01,001 [WARN] ConditionMgr:438 - getConditionDescription Invalid condition id : LAN8742 Phy interface Condition cause : null
2023-10-12 22:46:01,002 [WARN] PackLoader:240 - Cannot read IP mode file for STMicroelectronics.X-CUBE-AZRTOS-L4.2.0.0
2023-10-12 22:46:01,003 [WARN] ConditionMgr:1039 - genDependencies : Invalid condition id : LAN8742 Phy interface Condition cause : null
2023-10-12 22:46:01,003 [WARN] ConditionMgr:1039 - genDependencies : Invalid condition id : LAN8742 Phy interface Condition cause : null
2023-10-12 22:46:01,004 [WARN] ConditionMgr:1039 - genDependencies : Invalid condition id : LAN8742 Phy interface Condition cause : null
2023-10-12 22:46:01,023 [WARN] PackLoader:240 - Cannot read IP mode file for STMicroelectronics.X-CUBE-SFXS2LP1.4.0.0
2023-10-12 22:46:01,041 [WARN] PackLoader:240 - Cannot read IP mode file for STMicroelectronics.X-CUBE-ISPU.1.1.0
2023-10-12 22:46:01,056 [WARN] PackLoader:240 - Cannot read IP mode file for STMicroelectronics.X-CUBE-AI.8.0.0
2023-10-12 22:46:01,087 [WARN] ConditionMgr:438 - getConditionDescription Invalid condition id : UX DEVICE CLASS RTOS Condition cause : null
2023-10-12 22:46:01,088 [WARN] ConditionMgr:438 - getConditionDescription Invalid condition id : UX DEVICE CLASS RTOS Condition cause : null
2023-10-12 22:46:01,091 [WARN] PackLoader:240 - Cannot read IP mode file for STMicroelectronics.X-CUBE-AZRTOS-WB.2.0.0
2023-10-12 22:46:01,092 [WARN] ConditionMgr:1039 - genDependencies : Invalid condition id : UX DEVICE CLASS RTOS Condition cause : null
2023-10-12 22:46:01,092 [WARN] ConditionMgr:1039 - genDependencies : Invalid condition id : UX DEVICE CLASS RTOS Condition cause : null
2023-10-12 22:46:01,092 [WARN] ConditionMgr:1039 - genDependencies : Invalid condition id : UX DEVICE CLASS RTOS Condition cause : null
2023-10-12 22:46:01,093 [WARN] ConditionMgr:1039 - genDependencies : Invalid condition id : UX DEVICE CLASS RTOS Condition cause : null
2023-10-12 22:46:01,093 [WARN] ConditionMgr:1039 - genDependencies : Invalid condition id : UX DEVICE CLASS RTOS Condition cause : null
2023-10-12 22:46:01,110 [WARN] PackLoader:240 - Cannot read IP mode file for STMicroelectronics.X-CUBE-FREERTOS.1.0.1
2023-10-12 22:46:01,141 [WARN] PackLoader:240 - Cannot read IP mode file for STMicroelectronics.X-CUBE-AZRTOS-L5.1.1.0
2023-10-12 22:46:01,158 [WARN] PackLoader:240 - Cannot read IP mode file for STMicroelectronics.X-CUBE-AI.8.0.1
2023-10-12 22:46:01,180 [WARN] PackLoader:240 - Cannot read IP mode file for STMicroelectronics.X-CUBE-SUBG2.5.0.0
2023-10-12 22:46:01,205 [WARN] PackLoader:240 - Cannot read IP mode file for STMicroelectronics.X-CUBE-TOF1.3.3.1
2023-10-12 22:46:01,304 [WARN] PackLoader:240 - Cannot read IP mode file for STMicroelectronics.X-CUBE-AZRTOS-G4.2.0.0
2023-10-12 22:46:01,329 [WARN] PackLoader:240 - Cannot read IP mode file for STMicroelectronics.X-CUBE-TOF1.3.3.0
2023-10-12 22:46:01,361 [WARN] PackLoader:240 - Cannot read IP mode file for Infineon.AIROC-Wi-Fi-Bluetooth-STM32.1.5.1
2023-10-12 22:46:01,392 [WARN] PackLoader:240 - Cannot read IP mode file for STMicroelectronics.X-CUBE-AZRTOS-G4.1.0.0
2023-10-12 22:46:01,424 [WARN] PackLoader:240 - Cannot read IP mode file for STMicroelectronics.X-CUBE-AZRTOS-L4.1.0.0
2023-10-12 22:46:01,440 [WARN] PackLoader:240 - Cannot read IP mode file for STMicroelectronics.X-CUBE-FREERTOS.1.1.0
2023-10-12 22:46:01,464 [WARN] PackLoader:240 - Cannot read IP mode file for STMicroelectronics.X-CUBE-AZRTOS-WL.1.0.0
2023-10-12 22:46:01,493 [WARN] PackLoader:240 - Cannot read IP mode file for portGmbH.I-Cube-SoM-uGOAL.1.1.0
2023-10-12 22:46:01,521 [WARN] PackLoader:240 - Cannot read IP mode file for STMicroelectronics.X-CUBE-ALS.1.0.1
2023-10-12 22:46:01,549 [WARN] PackLoader:240 - Cannot read IP mode file for STMicroelectronics.X-CUBE-AZRTOS-WB.1.1.0
2023-10-12 22:46:01,565 [WARN] PackLoader:240 - Cannot read IP mode file for STMicroelectronics.FP-ATR-ASTRA1.2.0.0
2023-10-12 22:46:01,566 [INFO] ThirdParty:978 - Integrity check success = true
2023-10-12 22:46:01,566 [INFO] IntegrityCheckThread:100 - exiting critical section [integrity check]
2023-10-12 22:46:01,566 [INFO] IntegrityCheckThread:103 - End integrity checks thread
2023-10-12 22:46:19,668 [ERROR] LogOutputStream:75 - [STDERR_REDIRECT] SLF4J: Failed to load class "org.slf4j.impl.StaticLoggerBinder".
2023-10-12 22:46:19,668 [ERROR] LogOutputStream:75 - [STDERR_REDIRECT] SLF4J: Defaulting to no-operation (NOP) logger implementation
2023-10-12 22:46:19,669 [ERROR] LogOutputStream:75 - [STDERR_REDIRECT] SLF4J: See http://www.slf4j.org/codes.html#StaticLoggerBinder for further details.
